04/04/2001  10:53:48  Update Time- Successful
04/04/2001  10:53:52  Update Time- Successful
04/04/2001  10:53:56  Update Time- Successful
04/07/2001  14:25:35  Update Time- Successful
04/07/2001  15:56:26  Update Time- Successful
04/09/2001  09:53:16  ExecuteIComm() fail = 3- no initial response
04/09/2001  09:53:16    - number of retries = 2
04/09/2001  09:53:17  ExecuteIComm() fail = 3- no initial response
04/09/2001  09:53:17    - number of retries = 2
04/09/2001  09:53:17  ExecuteIComm() fail = 3- no initial response
04/09/2001  09:53:17    - number of retries = 2
04/09/2001  09:53:17  ExecuteIComm() fail = 1- checkSum = 681.00 mySum = 1040
04/09/2001  09:53:17    - number of retries = 2
04/09/2001  09:53:19  ExecuteIComm() fail = 1- checkSum = 704.00 mySum = 1063
04/09/2001  09:53:19    - number of retries = 2
04/09/2001  10:33:26  ExecuteIComm() fail = 3- no initial response
04/09/2001  10:33:26    - number of retries = 2
04/09/2001  10:33:27  ExecuteIComm() fail = 3- no initial response
04/09/2001  10:33:27    - number of retries = 2
04/09/2001  10:33:27  ExecuteIComm() fail = 1- checkSum = 680.00 mySum = 99
04/09/2001  10:33:27    - number of retries = 2
04/09/2001  10:33:31  ExecuteIComm() fail = 3- no initial response
04/09/2001  10:33:31    - number of retries = 2
04/09/2001  10:33:31  ExecuteIComm() fail = 3- no initial response
04/09/2001  10:33:31    - number of retries = 2
04/09/2001  10:34:46  ExecuteIComm() fail = 3- no initial response
04/09/2001  10:34:46    - number of retries = 2
04/09/2001  10:34:47  ExecuteIComm() fail = 3- no initial response
04/09/2001  10:34:47    - number of retries = 2
04/09/2001  10:34:47  ExecuteIComm() fail = 3- no initial response
04/09/2001  10:34:47    - number of retries = 2
04/09/2001  10:45:07  ExecuteIComm() fail = 3- no initial response
04/09/2001  10:45:07    - number of retries = 2
04/09/2001  10:51:57  ExecuteIComm() fail = 3- no initial response
04/09/2001  10:51:57    - number of retries = 2
04/09/2001  10:51:57  ExecuteIComm() fail = 1- checkSum = 665.00 mySum = 131
04/09/2001  10:51:57    - number of retries = 2
04/09/2001  10:52:04  ExecuteIComm() fail = 1- checkSum = 707.00 mySum = 67
04/09/2001  10:52:04    - number of retries = 2
04/09/2001  11:15:12  ExecuteIComm() fail = 3- no initial response
04/09/2001  11:15:12    - number of retries = 2
04/09/2001  11:20:21  ExecuteIComm() fail = 3- no initial response
04/09/2001  11:20:21    - number of retries = 2
04/09/2001  11:20:24  ExecuteIComm() fail = 1- checkSum = 676.00 mySum = 323
04/09/2001  11:20:24    - number of retries = 2
04/09/2001  11:20:26  ExecuteIComm() fail = 3- no initial response
04/09/2001  11:20:26    - number of retries = 2
04/09/2001  11:20:27  ExecuteIComm() fail = 3- no initial response
04/09/2001  11:20:27    - number of retries = 2
04/09/2001  11:21:33  Data Collection- Data validation stopped on input location #4.  Value returned was: -55.75
04/09/2001  11:21:33  Data Collection- Data validation stopped on input location #6.  Value returned was: -0.05
04/09/2001  11:21:33  Data Collection- Data validation stopped on input location #9.  Value returned was: -2.28
04/09/2001  11:21:33  Data Collection- Data validation stopped on input location #10.  Value returned was: 1560.04
04/09/2001  11:21:33  Data Collection- Data validation stopped on input location #11.  Value returned was: -2.41
04/09/2001  11:21:33  Data Collection- Data validation stopped on input location #12.  Value returned was: 1618.97
04/09/2001  11:21:33  Data Collection- Data validation stopped on input location #13.  Value returned was: -2.27
04/09/2001  11:21:33  Data Collection- Data validation stopped on input location #15.  Value returned was: -1.16
04/09/2001  11:21:47  ExecuteIComm() fail = 1- checkSum = 0.00 mySum = -257
04/09/2001  11:21:47    - number of retries = 2
04/09/2001  11:22:12  ExecuteIComm() fail = 3- no initial response
04/09/2001  11:22:12    - number of retries = 2
04/09/2001  11:22:16  ExecuteIComm() fail = 3- no initial response
04/09/2001  11:22:16    - number of retries = 2
04/09/2001  11:25:35  Data Collection- Data validation stopped on input location #2.  Value returned was: Error
04/09/2001  11:25:35  Data Collection- Data validation stopped on input location #3.  Value returned was: Error
04/09/2001  11:25:35  Data Collection- Data validation stopped on input location #5.  Value returned was: Error
04/09/2001  11:25:35  Data Collection- Data validation stopped on input location #8.  Value returned was: Error
04/09/2001  11:25:35  Data Collection- Data validation stopped on input location #14.  Value returned was: Error
04/09/2001  11:25:42  ExecuteIComm() fail = 1- checkSum = 684.00 mySum = 67
04/09/2001  11:25:42    - number of retries = 2
04/09/2001  11:25:47  ExecuteIComm() fail = 3- no initial response
04/09/2001  11:25:47    - number of retries = 2
04/09/2001  11:29:39  Data Collection- Data validation stopped on input location #6.  Value returned was: -0.05
04/09/2001  11:30:59  Data Collection- Data validation stopped on input location #6.  Value returned was: -0.05
04/09/2001  11:31:13  Data Collection- Data validation stopped on input location #10.  Value returned was: 1560.05
04/09/2001  11:31:13  Data Collection- Data validation stopped on input location #11.  Value returned was: -2.41
04/14/2001  07:01:38  ExecuteIComm() fail = 1- checkSum = 681.00 mySum = 179
04/14/2001  07:01:38    - number of retries = 2
04/14/2001  07:01:40  ExecuteIComm() fail = 3- no initial response
04/14/2001  07:01:40    - number of retries = 2
04/14/2001  07:01:41  ExecuteIComm() fail = 3- no initial response
04/14/2001  07:01:41    - number of retries = 2
04/14/2001  07:02:11  ExecuteIComm() fail = 3- no initial response
04/14/2001  07:02:11    - number of retries = 2
04/14/2001  07:02:16  ExecuteIComm() fail = 3- no initial response
04/14/2001  07:02:16    - number of retries = 2
04/14/2001  12:32:15  Data Collection- Data validation stopped on input location #16.  Value returned was: 7009.76
04/14/2001  12:32:15  Data Collection- Data validation stopped on input location #45.  Value returned was: -5.20
04/14/2001  12:32:15  Data Collection- Data validation stopped on input location #46.  Value returned was: -1194.10
04/14/2001  12:32:15  Data Collection- Data validation stopped on input location #47.  Value returned was: Error
04/14/2001  12:32:15  Data Collection- Data validation stopped on input location #48.  Value returned was: -64.26
04/14/2001  12:32:15  Data Collection- Data validation stopped on input location #49.  Value returned was: Error
04/14/2001  12:32:15  Data Collection- Data validation stopped on input location #50.  Value returned was: Error
04/14/2001  12:32:15  Data Collection- Data validation stopped on input location #51.  Value returned was: Error
04/14/2001  12:32:15  Data Collection- Data validation stopped on input location #52.  Value returned was: Error
04/14/2001  12:32:15  Data Collection- Data validation stopped on input location #53.  Value returned was: Error
04/14/2001  12:32:15  Data Collection- Data validation stopped on input location #54.  Value returned was: 33405.01
04/14/2001  12:32:15  Data Collection- Data validation stopped on input location #55.  Value returned was: -16.03
04/14/2001  12:32:15  Data Collection- Data validation stopped on input location #56.  Value returned was: 3142.00
04/14/2001  12:32:15  Data Collection- Data validation stopped on input location #57.  Value returned was: -293.10
04/14/2001  12:32:15  Data Collection- Data validation stopped on input location #58.  Value returned was: -293.10
04/14/2001  12:32:15  Data Collection- Data validation stopped on input location #59.  Value returned was: -404.93
04/14/2001  12:32:15  Data Collection- Data validation stopped on input location #60.  Value returned was: -404.93
04/14/2001  12:32:15  Data Collection- Data validation stopped on input location #61.  Value returned was: -404.93
04/14/2001  12:32:15  Data Collection- Data validation stopped on input location #62.  Value returned was: -334.54
04/14/2001  12:32:17  Data Collection- Data validation stopped on input location #63.  Value returned was: -334.54
04/14/2001  12:32:17  Data Collection- Data validation stopped on input location #72.  Value returned was: -0.06
04/14/2001  12:32:17  Data Collection- Data validation stopped on input location #73.  Value returned was: -0.06
04/14/2001  12:32:17  Data Collection- Data validation stopped on input location #74.  Value returned was: -0.06
04/14/2001  12:32:17  Data Collection- Data validation stopped on input location #75.  Value returned was: 0.00
04/14/2001  12:32:17  Data Collection- Data validation stopped on input location #76.  Value returned was: 0.00
04/14/2001  12:32:17  Data Collection- Data validation stopped on input location #77.  Value returned was: 0.00
04/14/2001  12:32:17  Data Collection- Data validation stopped on input location #78.  Value returned was: 0.00
04/14/2001  12:32:17  Data Collection- Data validation stopped on input location #79.  Value returned was: 0.00
04/14/2001  12:32:17  Data Collection- Data validation stopped on input location #89.  Value returned was: -980.28
04/14/2001  12:32:17  Data Collection- Data validation stopped on input location #90.  Value returned was: -980.28
04/14/2001  12:32:17  Data Collection- Data validation stopped on input location #91.  Value returned was: -980.28
04/14/2001  12:32:17  Data Collection- Data validation stopped on input location #92.  Value returned was: -980.28
04/14/2001  12:32:17  Data Collection- Data validation stopped on input location #94.  Value returned was: -681.51
04/14/2001  12:32:17  Data Collection- Data validation stopped on input location #95.  Value returned was: -100.20
04/14/2001  12:32:17  Data Collection- Data validation stopped on input location #96.  Value returned was: -100.20
04/14/2001  12:32:17  Data Collection- Data validation stopped on input location #98.  Value returned was: Error
04/14/2001  12:32:17  Data Collection- Data validation stopped on input location #99.  Value returned was: Error
04/14/2001  12:32:17  Data Collection- Data validation stopped on input location #100.  Value returned was: Error
04/14/2001  12:32:17  Data Collection- Data validation stopped on input location #101.  Value returned was: Error
04/18/2001  19:02:19  Data Collection- Data validation stopped on input location #7.  Value returned was: 0.00
04/18/2001  19:02:22  Data Collection- Data validation stopped on input location #49.  Value returned was: 0.00
04/18/2001  19:02:37  ExecuteIComm() fail = 3- no initial response
04/18/2001  19:02:37    - number of retries = 2
04/19/2001  13:25:44  ExecuteIComm() fail = 3- no initial response
04/19/2001  13:25:44    - number of retries = 3
04/19/2001  13:25:44  ExecuteIComm() fail = 3- no initial response
04/19/2001  13:25:44    - number of retries = 3
04/19/2001  13:25:44  ExecuteIComm() fail = 3- no initial response
04/19/2001  13:25:44    - number of retries = 3
04/19/2001  13:25:45  ExecuteIComm() fail = 3- no initial response
04/19/2001  13:25:45    - number of retries = 3
04/19/2001  13:25:45  ExecuteIComm() fail = 3- no initial response
04/19/2001  13:25:45    - number of retries = 3
04/19/2001  13:25:46  ExecuteIComm() fail = 3- no initial response
04/19/2001  13:25:46    - number of retries = 3
04/19/2001  13:25:47  ExecuteIComm() fail = 3- no initial response
04/19/2001  13:25:47    - number of retries = 3
04/19/2001  13:25:47  ExecuteIComm() fail = 3- no initial response
04/19/2001  13:25:47    - number of retries = 3
04/19/2001  13:25:47  ExecuteIComm() fail = 3- no initial response
04/19/2001  13:25:47    - number of retries = 3
04/19/2001  13:25:48  ExecuteIComm() fail = 3- no initial response
04/19/2001  13:25:48    - number of retries = 3
04/19/2001  13:25:48  ExecuteIComm() fail = 3- no initial response
04/19/2001  13:25:48    - number of retries = 3
04/19/2001  13:25:48  ExecuteIComm() fail = 3- no initial response
04/19/2001  13:25:48    - number of retries = 3
04/19/2001  13:25:48  ExecuteIComm() fail = 3- no initial response
04/19/2001  13:25:48    - number of retries = 3
04/19/2001  13:25:49  ExecuteIComm() fail = 3- no initial response
04/19/2001  13:25:49    - number of retries = 3
04/19/2001  13:25:49  ExecuteIComm() fail = 3- no initial response
04/19/2001  13:25:49    - number of retries = 3
04/19/2001  13:25:49  ExecuteIComm() fail = 3- no initial response
04/19/2001  13:25:49    - number of retries = 3
04/19/2001  13:25:49  ExecuteIComm() fail = 3- no initial response
04/19/2001  13:25:49    - number of retries = 3
04/19/2001  13:25:50  ExecuteIComm() fail = 3- no initial response
04/19/2001  13:25:50    - number of retries = 3
04/19/2001  13:25:50  ExecuteIComm() fail = 3- no initial response
04/19/2001  13:25:50    - number of retries = 3
04/19/2001  13:25:50  ExecuteIComm() fail = 3- no initial response
04/19/2001  13:25:50    - number of retries = 3
04/19/2001  13:25:51  ExecuteIComm() fail = 3- no initial response
04/19/2001  13:25:51    - number of retries = 3
04/19/2001  13:25:51  ExecuteIComm() fail = 3- no initial response
04/19/2001  13:25:51    - number of retries = 3
04/19/2001  13:25:51  ExecuteIComm() fail = 3- no initial response
04/19/2001  13:25:51    - number of retries = 3
04/19/2001  13:25:51  ExecuteIComm() fail = 3- no initial response
04/19/2001  13:25:51    - number of retries = 3
04/19/2001  13:25:52  ExecuteIComm() fail = 3- no initial response
04/19/2001  13:25:52    - number of retries = 3
04/19/2001  13:25:52  ExecuteIComm() fail = 3- no initial response
04/19/2001  13:25:52    - number of retries = 3
04/19/2001  13:25:52  ExecuteIComm() fail = 3- no initial response
04/19/2001  13:25:52    - number of retries = 3
04/19/2001  13:25:53  ExecuteIComm() fail = 3- no initial response
04/19/2001  13:25:53    - number of retries = 3
04/19/2001  13:25:53  ExecuteIComm() fail = 3- no initial response
04/19/2001  13:25:53    - number of retries = 3
04/19/2001  13:25:53  ExecuteIComm() fail = 3- no initial response
04/19/2001  13:25:53    - number of retries = 3
04/19/2001  13:25:53  ExecuteIComm() fail = 3- no initial response
04/19/2001  13:25:53    - number of retries = 3
04/19/2001  13:25:54  ExecuteIComm() fail = 3- no initial response
04/19/2001  13:25:54    - number of retries = 3
04/19/2001  13:26:03  ExecuteIComm() fail = 3- no initial response
04/19/2001  13:26:03    - number of retries = 3
04/19/2001  13:26:03  ExecuteIComm() fail = 3- no initial response
04/19/2001  13:26:03    - number of retries = 3
04/19/2001  13:26:03  ExecuteIComm() fail = 3- no initial response
04/19/2001  13:26:03    - number of retries = 3
04/19/2001  13:26:23  ExecuteIComm() fail = 3- no initial response
04/19/2001  13:26:23    - number of retries = 3
04/19/2001  13:26:23  ExecuteIComm() fail = 3- no initial response
04/19/2001  13:26:23    - number of retries = 3
04/19/2001  13:26:23  ExecuteIComm() fail = 3- no initial response
04/19/2001  13:26:23    - number of retries = 3
04/19/2001  13:26:23  ExecuteIComm() fail = 3- no initial response
04/19/2001  13:26:23    - number of retries = 3
04/19/2001  13:26:24  ExecuteIComm() fail = 3- no initial response
04/19/2001  13:26:24    - number of retries = 3
04/19/2001  13:26:24  ExecuteIComm() fail = 3- no initial response
04/19/2001  13:26:24    - number of retries = 3
04/19/2001  13:26:24  ExecuteIComm() fail = 3- no initial response
04/19/2001  13:26:24    - number of retries = 3
04/19/2001  13:26:25  ExecuteIComm() fail = 3- no initial response
04/19/2001  13:26:25    - number of retries = 3
04/19/2001  13:26:25  ExecuteIComm() fail = 3- no initial response
04/19/2001  13:26:25    - number of retries = 3
04/19/2001  13:26:25  ExecuteIComm() fail = 3- no initial response
04/19/2001  13:26:25    - number of retries = 3
04/19/2001  13:26:25  ExecuteIComm() fail = 3- no initial response
04/19/2001  13:26:25    - number of retries = 3
04/19/2001  13:26:43  ExecuteIComm() fail = 3- no initial response
04/19/2001  13:26:43    - number of retries = 3
04/19/2001  13:26:43  ExecuteIComm() fail = 3- no initial response
04/19/2001  13:26:43    - number of retries = 3
04/19/2001  13:26:43  ExecuteIComm() fail = 3- no initial response
04/19/2001  13:26:43    - number of retries = 3
04/19/2001  13:26:43  ExecuteIComm() fail = 3- no initial response
04/19/2001  13:26:43    - number of retries = 3
04/19/2001  13:26:44  ExecuteIComm() fail = 3- no initial response
04/19/2001  13:26:44    - number of retries = 3
04/19/2001  13:26:44  ExecuteIComm() fail = 3- no initial response
04/19/2001  13:26:44    - number of retries = 3
04/19/2001  13:26:44  ExecuteIComm() fail = 3- no initial response
04/19/2001  13:26:44    - number of retries = 3
04/19/2001  13:26:45  ExecuteIComm() fail = 3- no initial response
04/19/2001  13:26:45    - number of retries = 3
04/19/2001  13:26:45  ExecuteIComm() fail = 3- no initial response
04/19/2001  13:26:45    - number of retries = 3
04/19/2001  13:27:03  ExecuteIComm() fail = 3- no initial response
04/19/2001  13:27:03    - number of retries = 3
04/19/2001  13:27:03  ExecuteIComm() fail = 3- no initial response
04/19/2001  13:27:03    - number of retries = 3
04/19/2001  13:27:03  ExecuteIComm() fail = 3- no initial response
04/19/2001  13:27:03    - number of retries = 3
04/19/2001  13:27:03  ExecuteIComm() fail = 3- no initial response
04/19/2001  13:27:03    - number of retries = 3
04/19/2001  13:27:04  ExecuteIComm() fail = 3- no initial response
04/19/2001  13:27:04    - number of retries = 3
04/19/2001  13:27:04  ExecuteIComm() fail = 3- no initial response
04/19/2001  13:27:04    - number of retries = 3
04/19/2001  13:27:04  ExecuteIComm() fail = 3- no initial response
04/19/2001  13:27:04    - number of retries = 3
04/19/2001  13:27:05  ExecuteIComm() fail = 3- no initial response
04/19/2001  13:27:05    - number of retries = 3
04/19/2001  13:27:05  ExecuteIComm() fail = 3- no initial response
04/19/2001  13:27:05    - number of retries = 3
04/19/2001  13:36:45  ExecuteIComm() fail = 3- no initial response
04/19/2001  13:36:45    - number of retries = 2
04/19/2001  13:37:35  ExecuteIComm() fail = 3- no initial response
04/19/2001  13:37:35    - number of retries = 3
04/19/2001  13:37:35  ExecuteIComm() fail = 3- no initial response
04/19/2001  13:37:35    - number of retries = 3
04/19/2001  13:37:36  ExecuteIComm() fail = 3- no initial response
04/19/2001  13:37:36    - number of retries = 3
04/19/2001  13:37:36  ExecuteIComm() fail = 3- no initial response
04/19/2001  13:37:36    - number of retries = 3
04/19/2001  13:37:36  ExecuteIComm() fail = 3- no initial response
04/19/2001  13:37:36    - number of retries = 3
04/19/2001  13:37:37  ExecuteIComm() fail = 3- no initial response
04/19/2001  13:37:37    - number of retries = 3
04/19/2001  13:37:37  ExecuteIComm() fail = 3- no initial response
04/19/2001  13:37:37    - number of retries = 3
04/19/2001  13:37:37  ExecuteIComm() fail = 3- no initial response
04/19/2001  13:37:37    - number of retries = 3
04/19/2001  13:37:37  ExecuteIComm() fail = 3- no initial response
04/19/2001  13:37:37    - number of retries = 3
04/19/2001  13:37:38  ExecuteIComm() fail = 3- no initial response
04/19/2001  13:37:38    - number of retries = 3
04/19/2001  13:37:38  ExecuteIComm() fail = 3- no initial response
04/19/2001  13:37:38    - number of retries = 3
04/19/2001  13:37:38  ExecuteIComm() fail = 3- no initial response
04/19/2001  13:37:38    - number of retries = 3
04/19/2001  13:37:39  ExecuteIComm() fail = 3- no initial response
04/19/2001  13:37:39    - number of retries = 3
04/19/2001  13:37:39  ExecuteIComm() fail = 3- no initial response
04/19/2001  13:37:39    - number of retries = 3
04/19/2001  13:37:39  ExecuteIComm() fail = 3- no initial response
04/19/2001  13:37:39    - number of retries = 3
04/19/2001  13:37:39  ExecuteIComm() fail = 3- no initial response
04/19/2001  13:37:39    - number of retries = 3
04/19/2001  13:37:40  ExecuteIComm() fail = 3- no initial response
04/19/2001  13:37:40    - number of retries = 3
04/19/2001  13:37:40  ExecuteIComm() fail = 3- no initial response
04/19/2001  13:37:40    - number of retries = 3
04/19/2001  13:37:40  ExecuteIComm() fail = 3- no initial response
04/19/2001  13:37:40    - number of retries = 3
04/19/2001  13:37:40  ExecuteIComm() fail = 3- no initial response
04/19/2001  13:37:40    - number of retries = 3
04/19/2001  13:37:41  ExecuteIComm() fail = 3- no initial response
04/19/2001  13:37:41    - number of retries = 3
04/19/2001  13:37:41  ExecuteIComm() fail = 3- no initial response
04/19/2001  13:37:41    - number of retries = 3
04/19/2001  13:37:41  ExecuteIComm() fail = 3- no initial response
04/19/2001  13:37:41    - number of retries = 3
04/19/2001  13:37:42  ExecuteIComm() fail = 3- no initial response
04/19/2001  13:37:42    - number of retries = 3
04/19/2001  13:37:42  ExecuteIComm() fail = 3- no initial response
04/19/2001  13:37:42    - number of retries = 3
04/19/2001  13:37:42  ExecuteIComm() fail = 3- no initial response
04/19/2001  13:37:42    - number of retries = 3
04/19/2001  13:37:42  ExecuteIComm() fail = 3- no initial response
04/19/2001  13:37:42    - number of retries = 3
04/19/2001  13:37:43  ExecuteIComm() fail = 3- no initial response
04/19/2001  13:37:43    - number of retries = 3
04/19/2001  13:37:43  ExecuteIComm() fail = 3- no initial response
04/19/2001  13:37:43    - number of retries = 3
04/19/2001  13:37:43  ExecuteIComm() fail = 3- no initial response
04/19/2001  13:37:43    - number of retries = 3
04/19/2001  13:37:44  ExecuteIComm() fail = 3- no initial response
04/19/2001  13:37:44    - number of retries = 3
04/19/2001  13:37:44  ExecuteIComm() fail = 3- no initial response
04/19/2001  13:37:44    - number of retries = 3
04/19/2001  13:37:56  ExecuteIComm() fail = 3- no initial response
04/19/2001  13:37:56    - number of retries = 2
04/21/2001  07:12:37  ExecuteIComm() fail = 3- no initial response
04/21/2001  07:12:37    - number of retries = 3
04/21/2001  07:12:39  ExecuteIComm() fail = 3- no initial response
04/21/2001  07:12:39    - number of retries = 3
04/21/2001  07:12:39  ExecuteIComm() fail = 3- no initial response
04/21/2001  07:12:39    - number of retries = 3
04/21/2001  07:12:39  ExecuteIComm() fail = 3- no initial response
04/21/2001  07:12:39    - number of retries = 3
04/21/2001  07:12:39  ExecuteIComm() fail = 3- no initial response
04/21/2001  07:12:39    - number of retries = 3
04/21/2001  07:12:40  ExecuteIComm() fail = 3- no initial response
04/21/2001  07:12:40    - number of retries = 3
04/21/2001  07:12:40  ExecuteIComm() fail = 3- no initial response
04/21/2001  07:12:40    - number of retries = 3
04/21/2001  07:12:50  ExecuteIComm() fail = 3- no initial response
04/21/2001  07:12:50    - number of retries = 3
04/21/2001  07:12:52  ExecuteIComm() fail = 3- no initial response
04/21/2001  07:12:52    - number of retries = 3
04/21/2001  07:12:52  ExecuteIComm() fail = 3- no initial response
04/21/2001  07:12:52    - number of retries = 3
04/21/2001  07:12:53  ExecuteIComm() fail = 3- no initial response
04/21/2001  07:12:53    - number of retries = 3
04/21/2001  07:12:53  ExecuteIComm() fail = 3- no initial response
04/21/2001  07:12:53    - number of retries = 3
04/21/2001  07:12:53  ExecuteIComm() fail = 3- no initial response
04/21/2001  07:12:53    - number of retries = 3
04/21/2001  07:12:53  ExecuteIComm() fail = 3- no initial response
04/21/2001  07:12:53    - number of retries = 3
04/21/2001  07:12:54  ExecuteIComm() fail = 3- no initial response
04/21/2001  07:12:54    - number of retries = 3
04/21/2001  07:12:54  ExecuteIComm() fail = 3- no initial response
04/21/2001  07:12:54    - number of retries = 3
04/21/2001  07:12:54  ExecuteIComm() fail = 3- no initial response
04/21/2001  07:12:54    - number of retries = 3
04/21/2001  07:12:55  ExecuteIComm() fail = 3- no initial response
04/21/2001  07:12:55    - number of retries = 3
04/21/2001  07:12:55  ExecuteIComm() fail = 3- no initial response
04/21/2001  07:12:55    - number of retries = 3
04/21/2001  07:12:55  ExecuteIComm() fail = 3- no initial response
04/21/2001  07:12:55    - number of retries = 3
04/21/2001  07:12:55  ExecuteIComm() fail = 3- no initial response
04/21/2001  07:12:55    - number of retries = 3
04/21/2001  07:12:56  ExecuteIComm() fail = 3- no initial response
04/21/2001  07:12:56    - number of retries = 3
04/21/2001  07:12:56  ExecuteIComm() fail = 3- no initial response
04/21/2001  07:12:56    - number of retries = 3
04/21/2001  07:12:56  ExecuteIComm() fail = 3- no initial response
04/21/2001  07:12:56    - number of retries = 3
04/21/2001  07:12:57  ExecuteIComm() fail = 3- no initial response
04/21/2001  07:12:57    - number of retries = 3
04/21/2001  07:12:57  ExecuteIComm() fail = 3- no initial response
04/21/2001  07:12:57    - number of retries = 3
04/21/2001  07:12:57  ExecuteIComm() fail = 3- no initial response
04/21/2001  07:12:57    - number of retries = 3
04/21/2001  07:12:57  ExecuteIComm() fail = 3- no initial response
04/21/2001  07:12:57    - number of retries = 3
04/21/2001  07:12:58  ExecuteIComm() fail = 3- no initial response
04/21/2001  07:12:58    - number of retries = 3
04/21/2001  07:12:58  ExecuteIComm() fail = 3- no initial response
04/21/2001  07:12:58    - number of retries = 3
04/21/2001  07:12:58  ExecuteIComm() fail = 3- no initial response
04/21/2001  07:12:58    - number of retries = 3
04/21/2001  07:12:59  ExecuteIComm() fail = 3- no initial response
04/21/2001  07:12:59    - number of retries = 3
04/21/2001  07:12:59  ExecuteIComm() fail = 3- no initial response
04/21/2001  07:12:59    - number of retries = 3
04/21/2001  07:12:59  ExecuteIComm() fail = 3- no initial response
04/21/2001  07:12:59    - number of retries = 3
04/21/2001  08:26:42  ExecuteIComm() fail = 3- no initial response
04/21/2001  08:26:42    - number of retries = 2
04/21/2001  08:27:37  ExecuteIComm() fail = 3- no initial response
04/21/2001  08:27:37    - number of retries = 3
04/21/2001  08:27:37  ExecuteIComm() fail = 3- no initial response
04/21/2001  08:27:37    - number of retries = 3
04/21/2001  08:27:38  ExecuteIComm() fail = 3- no initial response
04/21/2001  08:27:38    - number of retries = 3
04/21/2001  08:27:38  ExecuteIComm() fail = 3- no initial response
04/21/2001  08:27:38    - number of retries = 3
04/21/2001  08:27:38  ExecuteIComm() fail = 3- no initial response
04/21/2001  08:27:38    - number of retries = 3
04/21/2001  08:27:39  ExecuteIComm() fail = 3- no initial response
04/21/2001  08:27:39    - number of retries = 3
04/21/2001  08:27:39  ExecuteIComm() fail = 3- no initial response
04/21/2001  08:27:39    - number of retries = 3
04/21/2001  08:27:39  ExecuteIComm() fail = 3- no initial response
04/21/2001  08:27:39    - number of retries = 3
04/21/2001  08:27:39  ExecuteIComm() fail = 3- no initial response
04/21/2001  08:27:39    - number of retries = 3
04/21/2001  08:27:40  ExecuteIComm() fail = 3- no initial response
04/21/2001  08:27:40    - number of retries = 3
04/21/2001  08:27:40  ExecuteIComm() fail = 3- no initial response
04/21/2001  08:27:40    - number of retries = 3
04/21/2001  08:27:40  ExecuteIComm() fail = 3- no initial response
04/21/2001  08:27:40    - number of retries = 3
04/21/2001  08:27:41  ExecuteIComm() fail = 3- no initial response
04/21/2001  08:27:41    - number of retries = 3
04/21/2001  08:27:41  ExecuteIComm() fail = 3- no initial response
04/21/2001  08:27:41    - number of retries = 3
04/21/2001  08:27:41  ExecuteIComm() fail = 3- no initial response
04/21/2001  08:27:41    - number of retries = 3
04/21/2001  08:27:41  ExecuteIComm() fail = 3- no initial response
04/21/2001  08:27:41    - number of retries = 3
04/21/2001  08:27:42  ExecuteIComm() fail = 3- no initial response
04/21/2001  08:27:42    - number of retries = 3
04/21/2001  08:27:42  ExecuteIComm() fail = 3- no initial response
04/21/2001  08:27:42    - number of retries = 3
04/21/2001  08:27:42  ExecuteIComm() fail = 3- no initial response
04/21/2001  08:27:42    - number of retries = 3
04/21/2001  08:27:42  ExecuteIComm() fail = 3- no initial response
04/21/2001  08:27:42    - number of retries = 3
04/21/2001  08:27:43  ExecuteIComm() fail = 3- no initial response
04/21/2001  08:27:43    - number of retries = 3
04/21/2001  08:27:43  ExecuteIComm() fail = 3- no initial response
04/21/2001  08:27:43    - number of retries = 3
04/21/2001  08:27:43  ExecuteIComm() fail = 3- no initial response
04/21/2001  08:27:43    - number of retries = 3
04/21/2001  08:27:44  ExecuteIComm() fail = 3- no initial response
04/21/2001  08:27:44    - number of retries = 3
04/21/2001  08:27:44  ExecuteIComm() fail = 3- no initial response
04/21/2001  08:27:44    - number of retries = 3
04/21/2001  08:27:44  ExecuteIComm() fail = 3- no initial response
04/21/2001  08:27:44    - number of retries = 3
04/21/2001  08:27:44  ExecuteIComm() fail = 3- no initial response
04/21/2001  08:27:44    - number of retries = 3
04/21/2001  08:27:45  ExecuteIComm() fail = 3- no initial response
04/21/2001  08:27:45    - number of retries = 3
04/21/2001  08:27:45  ExecuteIComm() fail = 3- no initial response
04/21/2001  08:27:45    - number of retries = 3
04/21/2001  08:27:45  ExecuteIComm() fail = 3- no initial response
04/21/2001  08:27:45    - number of retries = 3
04/21/2001  08:27:46  ExecuteIComm() fail = 3- no initial response
04/21/2001  08:27:46    - number of retries = 3
04/21/2001  08:27:46  ExecuteIComm() fail = 3- no initial response
04/21/2001  08:27:46    - number of retries = 3
04/21/2001  08:27:57  ExecuteIComm() fail = 3- no initial response
04/21/2001  08:27:57    - number of retries = 3
04/21/2001  08:27:58  ExecuteIComm() fail = 3- no initial response
04/21/2001  08:27:58    - number of retries = 3
04/21/2001  08:27:58  ExecuteIComm() fail = 3- no initial response
04/21/2001  08:27:58    - number of retries = 3
04/21/2001  08:28:17  ExecuteIComm() fail = 3- no initial response
04/21/2001  08:28:17    - number of retries = 3
04/21/2001  08:28:17  ExecuteIComm() fail = 3- no initial response
04/21/2001  08:28:17    - number of retries = 3
04/21/2001  08:28:18  ExecuteIComm() fail = 3- no initial response
04/21/2001  08:28:18    - number of retries = 3
04/21/2001  08:28:18  ExecuteIComm() fail = 3- no initial response
04/21/2001  08:28:18    - number of retries = 3
04/21/2001  08:28:19  ExecuteIComm() fail = 3- no initial response
04/21/2001  08:28:19    - number of retries = 3
04/21/2001  08:28:19  ExecuteIComm() fail = 3- no initial response
04/21/2001  08:28:19    - number of retries = 3
04/21/2001  08:28:19  ExecuteIComm() fail = 3- no initial response
04/21/2001  08:28:19    - number of retries = 3
04/21/2001  08:28:20  ExecuteIComm() fail = 3- no initial response
04/21/2001  08:28:20    - number of retries = 3
04/21/2001  08:28:20  ExecuteIComm() fail = 3- no initial response
04/21/2001  08:28:20    - number of retries = 3
04/21/2001  08:28:20  ExecuteIComm() fail = 3- no initial response
04/21/2001  08:28:20    - number of retries = 3
04/21/2001  08:28:21  ExecuteIComm() fail = 3- no initial response
04/21/2001  08:28:21    - number of retries = 3
04/21/2001  08:28:37  ExecuteIComm() fail = 3- no initial response
04/21/2001  08:28:37    - number of retries = 3
04/21/2001  08:28:37  ExecuteIComm() fail = 3- no initial response
04/21/2001  08:28:37    - number of retries = 3
04/21/2001  08:28:38  ExecuteIComm() fail = 3- no initial response
04/21/2001  08:28:38    - number of retries = 3
04/21/2001  08:28:38  ExecuteIComm() fail = 3- no initial response
04/21/2001  08:28:38    - number of retries = 3
04/21/2001  08:28:38  ExecuteIComm() fail = 3- no initial response
04/21/2001  08:28:38    - number of retries = 3
04/21/2001  08:28:39  ExecuteIComm() fail = 3- no initial response
04/21/2001  08:28:39    - number of retries = 3
04/21/2001  08:28:39  ExecuteIComm() fail = 3- no initial response
04/21/2001  08:28:39    - number of retries = 3
04/21/2001  08:28:39  ExecuteIComm() fail = 3- no initial response
04/21/2001  08:28:39    - number of retries = 3
04/21/2001  08:28:40  ExecuteIComm() fail = 3- no initial response
04/21/2001  08:28:40    - number of retries = 3
04/21/2001  08:28:57  ExecuteIComm() fail = 3- no initial response
04/21/2001  08:28:57    - number of retries = 3
04/21/2001  08:28:57  ExecuteIComm() fail = 3- no initial response
04/21/2001  08:28:57    - number of retries = 3
04/21/2001  08:28:58  ExecuteIComm() fail = 3- no initial response
04/21/2001  08:28:58    - number of retries = 3
04/21/2001  08:28:58  ExecuteIComm() fail = 3- no initial response
04/21/2001  08:28:58    - number of retries = 3
04/21/2001  08:28:58  ExecuteIComm() fail = 3- no initial response
04/21/2001  08:28:58    - number of retries = 3
04/21/2001  08:28:59  ExecuteIComm() fail = 3- no initial response
04/21/2001  08:28:59    - number of retries = 3
04/21/2001  08:28:59  ExecuteIComm() fail = 3- no initial response
04/21/2001  08:28:59    - number of retries = 3
04/21/2001  08:28:59  ExecuteIComm() fail = 3- no initial response
04/21/2001  08:28:59    - number of retries = 3
04/21/2001  08:29:00  ExecuteIComm() fail = 3- no initial response
04/21/2001  08:29:00    - number of retries = 3
04/24/2001  19:41:36  ExecuteIComm() fail = 3- no initial response
04/24/2001  19:41:36    - number of retries = 2
05/02/2001  11:43:51  ExecuteIComm() fail = 3- no initial response
05/02/2001  11:43:51    - number of retries = 1
05/02/2001  11:43:51  ExecuteIComm() fail = 3- no initial response
05/02/2001  11:43:51    - number of retries = 1
05/02/2001  11:43:51  ExecuteIComm() fail = 3- no initial response
05/02/2001  11:43:51    - number of retries = 1
05/03/2001  06:58:47  Update Time- Successful
05/03/2001  07:10:24  Update Time- Successful
05/03/2001  07:54:58  Update Time- Successful
05/03/2001  12:06:55  Update Time- Successful
05/03/2001  12:14:26  Update Time- Successful
