Mark,Salisbury,752-6665,7-18-1978,,,
Kirk,Salisbury,752-6665,9-25-1985,,,
Dana,Salisbury,,,,,
Becky,Salisbury,a good number,,,,
Arnold,Salisbury,999-2345,,,,
Tamara,Olsen,,,,,
Mike,Johnson,,,,,
Sara,Hansen,,,,,
Marci,Garr,,,,,
Mike,Austin,,,,,
Andy,Austin,,,,,
Suzanne,Bingham,,,,,
Broc,Going,,,,,
TJ,Hansen,,,,,
Sally,Johnson,,,,,
Justin,Nesbit,,,,,
Frank,Salisbury,999-2345,,,,
James,Salisbury,999-2345,,,,
Gertrude,Salisbury,,,,,
Marilyn,Salisbury,999-2345,,,,
Lisa,Salisbury,,,,,
Mary,Salisbury,752-6665,3-2-1984,,,
Rebecca,Salisbury,a good number,,,,
Ron,Salisbury,999-2345,,,,
Linsay,Thurgood,,,,,
Jason,Swasey,,,,,
XingWei,Thurgood,,,,,
