B r e a k - - - - - - - - - - - - - - - -
7H.              15:03:21.52 T  37 48 0D
7H....>          15:03:21.52 R  37 48 0D 0A 0D 0A 3E
*                15:03:21.52 T  2A
..MODE           15:03:21.52 R  0D 0A 4D 4F 44 45 20
D                15:03:21.52 T  44
13..13:00        15:03:21.57 R  31 33 0D 0A 31 33 3A 30 30 20 20
2                15:03:21.57 T  32
2                15:03:21.57 R  32
.                15:03:21.57 T  0D
..02:<           15:03:21.57 R  0D 0A 30 32 3A 3C
};CR10X..;WETUP1 15:03:21.84 T  7D 3B 43 52 31 30 58 0D 0A 3B 57 45 54 55 50 31
.DLD..;$..;:Cabi 15:03:21.84 T  2E 44 4C 44 0D 0A 3B 24 0D 0A 3B 3A 43 61 62 69
n_T  :Cabin_P  : 15:03:21.84 T  6E 5F 54 20 20 3A 43 61 62 69 6E 5F 50 20 20 3A
Cabin_RH :Cabin_ 15:03:21.84 T  43 61 62 69 6E 5F 52 48 20 3A 43 61 62 69 6E 5F
O2 :Cabin_CO2..; 15:03:21.84 T  4F 32 20 3A 43 61 62 69 6E 5F 43 4F 32 0D 0A 3B
:CR10_RefT:CMRef 15:03:21.84 T  3A 43 52 31 30 5F 52 65 66 54 3A 43 4D 52 65 66
Temp:CADC28V_T:D 15:03:21.84 T  54 65 6D 70 3A 43 41 44 43 32 38 56 5F 54 3A 44
C12Vn_V :DC12Vn_ 15:03:21.84 T  43 31 32 56 6E 5F 56 20 3A 44 43 31 32 56 6E 5F
I ..;:DC12Vc_V : 15:03:21.84 T  49 20 0D 0A 3B 3A 44 43 31 32 56 63 5F 56 20 3A
DC12Vc_I :DC16V_ 15:03:21.84 T  44 43 31 32 56 63 5F 49 20 3A 44 43 31 36 56 5F
V  :DC16V_I  :DC 15:03:21.84 T  56 20 20 3A 44 43 31 36 56 5F 49 20 20 3A 44 43
5Vn_V  ..;:DC5Vn 15:03:21.84 T  35 56 6E 5F 56 20 20 0D 0A 3B 3A 44 43 35 56 6E
_I  :CADC28V_V:C 15:03:21.84 T  5F 49 20 20 3A 43 41 44 43 32 38 56 5F 56 3A 43
ADC28V_I:CA_Pump 15:03:21.84 T  41 44 43 32 38 56 5F 49 3A 43 41 5F 50 75 6D 70
_V:MoistMin ...  15:03:21.84 T  5F 56 3A 4D 6F 69 73 74 4D 69 6E 20 0D 03 03
..xW<            15:03:21.84 R  03 03 78 57 3C
..               15:03:21.84 T  04 04
..<              15:03:21.84 R  04 04 3C
.;:MoistMax :Wat 15:03:22.12 T  0A 3B 3A 4D 6F 69 73 74 4D 61 78 20 3A 57 61 74
VolMul:MoistChec 15:03:22.12 T  56 6F 6C 4D 75 6C 3A 4D 6F 69 73 74 43 68 65 63
:MoistAvrg:MstAv 15:03:22.12 T  3A 4D 6F 69 73 74 41 76 72 67 3A 4D 73 74 41 76
gCnt..;:AMoistAv 15:03:22.12 T  67 43 6E 74 0D 0A 3B 3A 41 4D 6F 69 73 74 41 76
g:CA_Pump_L:CA_P 15:03:22.12 T  67 3A 43 41 5F 50 75 6D 70 5F 4C 3A 43 41 5F 50
Count:ASMPCount: 15:03:22.12 T  43 6F 75 6E 74 3A 41 53 4D 50 43 6F 75 6E 74 3A
AWrite20m..;:ARe 15:03:22.12 T  41 57 72 69 74 65 32 30 6D 0D 0A 3B 3A 41 52 65
ad20mn:AWrite1Hr 15:03:22.12 T  61 64 32 30 6D 6E 3A 41 57 72 69 74 65 31 48 72
:MPA1Ofset:MPA1M 15:03:22.12 T  3A 4D 50 41 31 4F 66 73 65 74 3A 4D 50 41 31 4D
ult :MPA2Ofset.. 15:03:22.12 T  75 6C 74 20 3A 4D 50 41 32 4F 66 73 65 74 0D 0A
;:MPA2Mult :MPA3 15:03:22.12 T  3B 3A 4D 50 41 32 4D 75 6C 74 20 3A 4D 50 41 33
Ofset:MPA3Mult : 15:03:22.12 T  4F 66 73 65 74 3A 4D 50 41 33 4D 75 6C 74 20 3A
MPA4Ofset:MPA4Mu 15:03:22.12 T  4D 50 41 34 4F 66 73 65 74 3A 4D 50 41 34 4D 75
lt ..;:MPA5Ofset 15:03:22.12 T  6C 74 20 0D 0A 3B 3A 4D 50 41 35 4F 66 73 65 74
:MPA5Mult :MP..  15:03:22.12 T  3A 4D 50 41 35 4D 75 6C 74 20 3A 4D 50 03 03
..).<            15:03:22.17 R  03 03 29 B9 3C
..               15:03:22.17 T  04 04
..<              15:03:22.17 R  04 04 3C
A6Ofset:MPA6Mult 15:03:22.45 T  41 36 4F 66 73 65 74 3A 4D 50 41 36 4D 75 6C 74
 :WicA1Oset..;:W 15:03:22.45 T  20 3A 57 69 63 41 31 4F 73 65 74 0D 0A 3B 3A 57
icA1Mult:WicA2Os 15:03:22.45 T  69 63 41 31 4D 75 6C 74 3A 57 69 63 41 32 4F 73
et:WicA2Mult:CAV 15:03:22.45 T  65 74 3A 57 69 63 41 32 4D 75 6C 74 3A 43 41 56
olNeed:CA_Ref_T  15:03:22.45 T  6F 6C 4E 65 65 64 3A 43 41 5F 52 65 66 5F 54 20
..;:CA_Leaf_T:CA 15:03:22.45 T  0D 0A 3B 3A 43 41 5F 4C 65 61 66 5F 54 3A 43 41
_RH    :CA_Blst_ 15:03:22.45 T  5F 52 48 20 20 20 20 3A 43 41 5F 42 6C 73 74 5F
T:CA_Intk_T:CA_T 15:03:22.45 T  54 3A 43 41 5F 49 6E 74 6B 5F 54 3A 43 41 5F 54
op_T ..;:CA_Mid_ 15:03:22.45 T  6F 70 5F 54 20 0D 0A 3B 3A 43 41 5F 4D 69 64 5F
T :CA_Bot_T :CA_ 15:03:22.45 T  54 20 3A 43 41 5F 42 6F 74 5F 54 20 3A 43 41 5F
Top_L :CA_Mid_L  15:03:22.45 T  54 6F 70 5F 4C 20 3A 43 41 5F 4D 69 64 5F 4C 20
:CA_Bot_L ..;:CA 15:03:22.45 T  3A 43 41 5F 42 6F 74 5F 4C 20 0D 0A 3B 3A 43 41
_Bubble:CA_O2_1  15:03:22.45 T  5F 42 75 62 62 6C 65 3A 43 41 5F 4F 32 5F 31 20
 :CA_O2_2  :CA_O 15:03:22.45 T  20 3A 43 41 5F 4F 32 5F 32 20 20 3A 43 41 5F 4F
2_3  :CA_O2_4..  15:03:22.45 T  32 5F 33 20 20 3A 43 41 5F 4F 32 5F 34 03 03
..%.<            15:03:22.45 R  03 03 25 0E 3C
..               15:03:22.50 T  04 04
..<              15:03:22.50 R  04 04 3C
  ..;:CA_SMP1_T: 15:03:22.78 T  20 20 0D 0A 3B 3A 43 41 5F 53 4D 50 31 5F 54 3A
CA_SMP2_T:CA_SMP 15:03:22.78 T  43 41 5F 53 4D 50 32 5F 54 3A 43 41 5F 53 4D 50
3_T:CA_SMP4_T:CA 15:03:22.78 T  33 5F 54 3A 43 41 5F 53 4D 50 34 5F 54 3A 43 41
_SMP5_T..;:CA_SM 15:03:22.78 T  5F 53 4D 50 35 5F 54 0D 0A 3B 3A 43 41 5F 53 4D
P6_T:CA_Wic1_T:C 15:03:22.78 T  50 36 5F 54 3A 43 41 5F 57 69 63 31 5F 54 3A 43
A_Wic2_T:CATotVo 15:03:22.78 T  41 5F 57 69 63 32 5F 54 3A 43 41 54 6F 74 56 6F
lP:CA_SMP1_S..;: 15:03:22.78 T  6C 50 3A 43 41 5F 53 4D 50 31 5F 53 0D 0A 3B 3A
CA_SMP2_S:CA_SMP 15:03:22.78 T  43 41 5F 53 4D 50 32 5F 53 3A 43 41 5F 53 4D 50
3_S:CA_SMP4_S:CA 15:03:22.78 T  33 5F 53 3A 43 41 5F 53 4D 50 34 5F 53 3A 43 41
_SMP5_S:CA_SMP6_ 15:03:22.78 T  5F 53 4D 50 35 5F 53 3A 43 41 5F 53 4D 50 36 5F
S..;:CA_Wic1_S:C 15:03:22.78 T  53 0D 0A 3B 3A 43 41 5F 57 69 63 31 5F 53 3A 43
A_Wic2_S:MinMod6 15:03:22.78 T  41 5F 57 69 63 32 5F 53 3A 4D 69 6E 4D 6F 64 36
0 :MinMod20 :Tim 15:03:22.78 T  30 20 3A 4D 69 6E 4D 6F 64 32 30 20 3A 54 69 6D
eInHrs..;:ALitOn 15:03:22.78 T  65 49 6E 48 72 73 0D 0A 3B 3A 41 4C 69 74 4F 6E
Off:ALghtTime..  15:03:22.78 T  4F 66 66 3A 41 4C 67 68 74 54 69 6D 65 03 03
..J.<            15:03:22.78 R  03 03 4A 15 3C
..               15:03:22.78 T  04 04
..<              15:03:22.78 R  04 04 3C
:AFanTime :CA_SM 15:03:23.05 T  3A 41 46 61 6E 54 69 6D 65 20 3A 43 41 5F 53 4D
P1dT:CA_SMP2dT.. 15:03:23.05 T  50 31 64 54 3A 43 41 5F 53 4D 50 32 64 54 0D 0A
;:CA_SMP3dT:CA_S 15:03:23.05 T  3B 3A 43 41 5F 53 4D 50 33 64 54 3A 43 41 5F 53
MP1iT:CA_SMP2iT: 15:03:23.05 T  4D 50 31 69 54 3A 43 41 5F 53 4D 50 32 69 54 3A
CA_SMP3iT:CA_Wic 15:03:23.05 T  43 41 5F 53 4D 50 33 69 54 3A 43 41 5F 57 69 63
1iT..;:CA_Wic2iT 15:03:23.05 T  31 69 54 0D 0A 3B 3A 43 41 5F 57 69 63 32 69 54
:CA_Wic1dT:CA_Wi 15:03:23.05 T  3A 43 41 5F 57 69 63 31 64 54 3A 43 41 5F 57 69
c2dT:CA_SMP4iT:C 15:03:23.05 T  63 32 64 54 3A 43 41 5F 53 4D 50 34 69 54 3A 43
A_SMP5iT..;:CA_S 15:03:23.05 T  41 5F 53 4D 50 35 69 54 0D 0A 3B 3A 43 41 5F 53
MP6iT:CA_SMP4dT: 15:03:23.05 T  4D 50 36 69 54 3A 43 41 5F 53 4D 50 34 64 54 3A
CA_SMP5dT:CA_SMP 15:03:23.05 T  43 41 5F 53 4D 50 35 64 54 3A 43 41 5F 53 4D 50
6dT:AbsTensio..; 15:03:23.05 T  36 64 54 3A 41 62 73 54 65 6E 73 69 6F 0D 0A 3B
:mV_2     :Tensi 15:03:23.05 T  3A 6D 56 5F 32 20 20 20 20 20 3A 54 65 6E 73 69
om_1:mV_3     :T 15:03:23.05 T  6F 6D 5F 31 3A 6D 56 5F 33 20 20 20 20 20 3A 54
ensiom_2:mV_4..  15:03:23.05 T  65 6E 73 69 6F 6D 5F 32 3A 6D 56 5F 34 03 03
...w<            15:03:23.05 R  03 03 DF 77 3C
..               15:03:23.05 T  04 04
..<              15:03:23.11 R  04 04 3C
     ..;:Tensiom 15:03:23.38 T  20 20 20 20 20 0D 0A 3B 3A 54 65 6E 73 69 6F 6D
_3:mV_5     :Ten 15:03:23.38 T  5F 33 3A 6D 56 5F 35 20 20 20 20 20 3A 54 65 6E
siom_4:MinMod10  15:03:23.38 T  73 69 6F 6D 5F 34 3A 4D 69 6E 4D 6F 64 31 30 20
:TotVolReq..;:To 15:03:23.38 T  3A 54 6F 74 56 6F 6C 52 65 71 0D 0A 3B 3A 54 6F
tWtrInt:TotWtrCn 15:03:23.38 T  74 57 74 72 49 6E 74 3A 54 6F 74 57 74 72 43 6E
t..;$....MODE 1. 15:03:23.38 T  74 0D 0A 3B 24 0D 0A 0D 0A 4D 4F 44 45 20 31 0D
.SCAN RATE 5.... 15:03:23.38 T  0A 53 43 41 4E 20 52 41 54 45 20 35 0D 0A 0D 0A
1:P91..1:28..2:3 15:03:23.38 T  31 3A 50 39 31 0D 0A 31 3A 32 38 0D 0A 32 3A 33
0....2:P86..1:21 15:03:23.38 T  30 0D 0A 0D 0A 32 3A 50 38 36 0D 0A 31 3A 32 31
....3:P86..1:22. 15:03:23.38 T  0D 0A 0D 0A 33 3A 50 38 36 0D 0A 31 3A 32 32 0D
...4:P86..1:23.. 15:03:23.38 T  0A 0D 0A 34 3A 50 38 36 0D 0A 31 3A 32 33 0D 0A
..5:P86..1:18... 15:03:23.38 T  0D 0A 35 3A 50 38 36 0D 0A 31 3A 31 38 0D 0A 0D
.6:P20..1:5777.. 15:03:23.38 T  0A 36 3A 50 32 30 0D 0A 31 3A 35 37 37 37 0D 0A
2:7733....7:P20. 15:03:23.38 T  32 3A 37 37 33 33 0D 0A 0D 0A 37 3A 50 32 30 0D
.1:9000..2:00..  15:03:23.38 T  0A 31 3A 39 30 30 30 0D 0A 32 3A 30 30 03 03
... <            15:03:23.38 R  03 03 C4 20 3C
..               15:03:23.38 T  04 04
..               15:03:23.38 R  04 04
<                15:03:24.04 R  3C
99....8:P86..1:7 15:03:24.32 T  39 39 0D 0A 0D 0A 38 3A 50 38 36 0D 0A 31 3A 37
8....9:P30..1:0. 15:03:24.32 T  38 0D 0A 0D 0A 39 3A 50 33 30 0D 0A 31 3A 30 2E
0..2:00..3:29... 15:03:24.32 T  30 0D 0A 32 3A 30 30 0D 0A 33 3A 32 39 0D 0A 0D
.10:P30..1:0.0.. 15:03:24.32 T  0A 31 30 3A 50 33 30 0D 0A 31 3A 30 2E 30 0D 0A
2:00..3:115....1 15:03:24.32 T  32 3A 30 30 0D 0A 33 3A 31 31 35 0D 0A 0D 0A 31
1:P30..1:0.0..2: 15:03:24.32 T  31 3A 50 33 30 0D 0A 31 3A 30 2E 30 0D 0A 32 3A
00..3:116....12: 15:03:24.32 T  30 30 0D 0A 33 3A 31 31 36 0D 0A 0D 0A 31 32 3A
P30..1:0.0..2:00 15:03:24.32 T  50 33 30 0D 0A 31 3A 30 2E 30 0D 0A 32 3A 30 30
..3:117....13:P3 15:03:24.32 T  0D 0A 33 3A 31 31 37 0D 0A 0D 0A 31 33 3A 50 33
0..1:15..2:0..3: 15:03:24.32 T  30 0D 0A 31 3A 31 35 0D 0A 32 3A 30 0D 0A 33 3A
31....14:P30..1: 15:03:24.32 T  33 31 0D 0A 0D 0A 31 34 3A 50 33 30 0D 0A 31 3A
19..2:00..3:30.. 15:03:24.32 T  31 39 0D 0A 32 3A 30 30 0D 0A 33 3A 33 30 0D 0A
..15:P30..1:0..2 15:03:24.32 T  0D 0A 31 35 3A 50 33 30 0D 0A 31 3A 30 0D 0A 32
:00..3:20....16: 15:03:24.32 T  3A 30 30 0D 0A 33 3A 32 30 0D 0A 0D 0A 31 36 3A
P30..1:100..2..  15:03:24.32 T  50 33 30 0D 0A 31 3A 31 30 30 0D 0A 32 03 03
...w<            15:03:24.32 R  03 03 CC 77 3C
..               15:03:24.32 T  04 04
..               15:03:24.32 R  04 04
<                15:03:24.98 R  3C
:00..3:21....17: 15:03:25.25 T  3A 30 30 0D 0A 33 3A 32 31 0D 0A 0D 0A 31 37 3A
P30..1:12..2:00. 15:03:25.25 T  50 33 30 0D 0A 31 3A 31 32 0D 0A 32 3A 30 30 0D
.3:22....18:P30. 15:03:25.25 T  0A 33 3A 32 32 0D 0A 0D 0A 31 38 3A 50 33 30 0D
.1:0.0..2:00..3: 15:03:25.25 T  0A 31 3A 30 2E 30 0D 0A 32 3A 30 30 0D 0A 33 3A
27....19:P30..1: 15:03:25.25 T  32 37 0D 0A 0D 0A 31 39 3A 50 33 30 0D 0A 31 3A
0.0..2:00..3:49. 15:03:25.25 T  30 2E 30 0D 0A 32 3A 30 30 0D 0A 33 3A 34 39 0D
...20:P30..1:0.. 15:03:25.25 T  0A 0D 0A 32 30 3A 50 33 30 0D 0A 31 3A 30 0D 0A
2:00..3:74....21 15:03:25.25 T  32 3A 30 30 0D 0A 33 3A 37 34 0D 0A 0D 0A 32 31
:P30..1:334..2:0 15:03:25.25 T  3A 50 33 30 0D 0A 31 3A 33 33 34 0D 0A 32 3A 30
0..3:33....22:P3 15:03:25.25 T  30 0D 0A 33 3A 33 33 0D 0A 0D 0A 32 32 3A 50 33
0..1:-17.5..2:00 15:03:25.25 T  30 0D 0A 31 3A 2D 31 37 2E 35 0D 0A 32 3A 30 30
..3:34....23:P30 15:03:25.25 T  0D 0A 33 3A 33 34 0D 0A 0D 0A 32 33 3A 50 33 30
..1:468..2:00..3 15:03:25.25 T  0D 0A 31 3A 34 36 38 0D 0A 32 3A 30 30 0D 0A 33
:35....24:P30..1 15:03:25.25 T  3A 33 35 0D 0A 0D 0A 32 34 3A 50 33 30 0D 0A 31
:-19.2..2:00...  15:03:25.25 T  3A 2D 31 39 2E 32 0D 0A 32 3A 30 30 0D 03 03
....<            15:03:25.25 R  03 03 C5 97 3C
..               15:03:25.31 T  04 04
..               15:03:25.31 R  04 04
<                15:03:25.96 R  3C
.3:36....25:P30. 15:03:26.24 T  0A 33 3A 33 36 0D 0A 0D 0A 32 35 3A 50 33 30 0D
.1:340..2:00..3: 15:03:26.24 T  0A 31 3A 33 34 30 0D 0A 32 3A 30 30 0D 0A 33 3A
37....26:P30..1: 15:03:26.24 T  33 37 0D 0A 0D 0A 32 36 3A 50 33 30 0D 0A 31 3A
-16.9..2:00..3:3 15:03:26.24 T  2D 31 36 2E 39 0D 0A 32 3A 30 30 0D 0A 33 3A 33
8....27:P30..1:3 15:03:26.24 T  38 0D 0A 0D 0A 32 37 3A 50 33 30 0D 0A 31 3A 33
19..2:00..3:39.. 15:03:26.24 T  31 39 0D 0A 32 3A 30 30 0D 0A 33 3A 33 39 0D 0A
..28:P30..1:-14. 15:03:26.24 T  0D 0A 32 38 3A 50 33 30 0D 0A 31 3A 2D 31 34 2E
7..2:00..3:40... 15:03:26.24 T  37 0D 0A 32 3A 30 30 0D 0A 33 3A 34 30 0D 0A 0D
.29:P30..1:361.. 15:03:26.24 T  0A 32 39 3A 50 33 30 0D 0A 31 3A 33 36 31 0D 0A
2:00..3:41....30 15:03:26.24 T  32 3A 30 30 0D 0A 33 3A 34 31 0D 0A 0D 0A 33 30
:P30..1:-17.2..2 15:03:26.24 T  3A 50 33 30 0D 0A 31 3A 2D 31 37 2E 32 0D 0A 32
:00..3:42....31: 15:03:26.24 T  3A 30 30 0D 0A 33 3A 34 32 0D 0A 0D 0A 33 31 3A
P30..1:375..2:00 15:03:26.24 T  50 33 30 0D 0A 31 3A 33 37 35 0D 0A 32 3A 30 30
..3:43....32:P30 15:03:26.24 T  0D 0A 33 3A 34 33 0D 0A 0D 0A 33 32 3A 50 33 30
..1:-17.5..2:..  15:03:26.24 T  0D 0A 31 3A 2D 31 37 2E 35 0D 0A 32 3A 03 03
....<            15:03:26.24 R  03 03 9B D2 3C
..               15:03:26.24 T  04 04
..               15:03:26.24 R  04 04
<                15:03:27.01 R  3C
00..3:44....33:P 15:03:27.23 T  30 30 0D 0A 33 3A 34 34 0D 0A 0D 0A 33 33 3A 50
30..1:421.91..2: 15:03:27.23 T  33 30 0D 0A 31 3A 34 32 31 2E 39 31 0D 0A 32 3A
00..3:45....34:P 15:03:27.23 T  30 30 0D 0A 33 3A 34 35 0D 0A 0D 0A 33 34 3A 50
30..1:-20.44..2: 15:03:27.23 T  33 30 0D 0A 31 3A 2D 32 30 2E 34 34 0D 0A 32 3A
00..3:46....35:P 15:03:27.23 T  30 30 0D 0A 33 3A 34 36 0D 0A 0D 0A 33 35 3A 50
30..1:489.26..2: 15:03:27.23 T  33 30 0D 0A 31 3A 34 38 39 2E 32 36 0D 0A 32 3A
00..3:47....36:P 15:03:27.23 T  30 30 0D 0A 33 3A 34 37 0D 0A 0D 0A 33 36 3A 50
30..1:-22.36..2: 15:03:27.23 T  33 30 0D 0A 31 3A 2D 32 32 2E 33 36 0D 0A 32 3A
00..3:48....37:P 15:03:27.23 T  30 30 0D 0A 33 3A 34 38 0D 0A 0D 0A 33 37 3A 50
95....38:P18..1: 15:03:27.23 T  39 35 0D 0A 0D 0A 33 38 3A 50 31 38 0D 0A 31 3A
1..2:20..3:84... 15:03:27.23 T  31 0D 0A 32 3A 32 30 0D 0A 33 3A 38 34 0D 0A 0D
.39:P18..1:1..2: 15:03:27.23 T  0A 33 39 3A 50 31 38 0D 0A 31 3A 31 0D 0A 32 3A
10..3:114....40: 15:03:27.23 T  31 30 0D 0A 33 3A 31 31 34 0D 0A 0D 0A 34 30 3A
P18..1:2..2:24.. 15:03:27.23 T  50 31 38 0D 0A 31 3A 32 0D 0A 32 3A 32 34 0D 0A
3:85....41:P1..  15:03:27.23 T  33 3A 38 35 0D 0A 0D 0A 34 31 3A 50 31 03 03
...~<            15:03:27.28 R  03 03 06 7E 3C
..               15:03:27.28 T  04 04
..               15:03:27.28 R  04 04
<                15:03:27.94 R  3C
..1:1..2:25..3:5 15:03:28.22 T  0D 0A 31 3A 31 0D 0A 32 3A 32 35 0D 0A 33 3A 35
..4:3..5:.1..6:1 15:03:28.22 T  0D 0A 34 3A 33 0D 0A 35 3A 2E 31 0D 0A 36 3A 31
3.5....42:P1..1: 15:03:28.22 T  33 2E 35 0D 0A 0D 0A 34 32 3A 50 31 0D 0A 31 3A
1..2:25..3:10..4 15:03:28.22 T  31 0D 0A 32 3A 32 35 0D 0A 33 3A 31 30 0D 0A 34
:5..5:.5..6:0.0. 15:03:28.22 T  3A 35 0D 0A 35 3A 2E 35 0D 0A 36 3A 30 2E 30 0D
...43:P6..1:1..2 15:03:28.22 T  0A 0D 0A 34 33 3A 50 36 0D 0A 31 3A 31 0D 0A 32
:22..3:4..4:3..5 15:03:28.22 T  3A 32 32 0D 0A 33 3A 34 0D 0A 34 3A 33 0D 0A 35
:2500..6:2..7:38 15:03:28.22 T  3A 32 35 30 30 0D 0A 36 3A 32 0D 0A 37 3A 33 38
1..8:15.5....44: 15:03:28.22 T  31 0D 0A 38 3A 31 35 2E 35 0D 0A 0D 0A 34 34 3A
P11..1:1..2:9..3 15:03:28.22 T  50 31 31 0D 0A 31 3A 31 0D 0A 32 3A 39 0D 0A 33
:2..4:7..5:1.0.. 15:03:28.22 T  3A 32 0D 0A 34 3A 37 0D 0A 35 3A 31 2E 30 0D 0A
6:-5....45:P14.. 15:03:28.22 T  36 3A 2D 35 0D 0A 0D 0A 34 35 3A 50 31 34 0D 0A
1:1..2:22..3:6.. 15:03:28.22 T  31 3A 31 0D 0A 32 3A 32 32 0D 0A 33 3A 36 0D 0A
4:02..5:7..6:1.. 15:03:28.22 T  34 3A 30 32 0D 0A 35 3A 37 0D 0A 36 3A 31 0D 0A
7:1.0..8:0.0...  15:03:28.22 T  37 3A 31 2E 30 0D 0A 38 3A 30 2E 30 0D 03 03
...l<            15:03:28.22 R  03 03 97 6C 3C
..               15:03:28.22 T  04 04
..               15:03:28.27 R  04 04
<                15:03:28.93 R  3C
...46:P17..1:6.. 15:03:29.20 T  0A 0D 0A 34 36 3A 50 31 37 0D 0A 31 3A 36 0D 0A
..47:P1..1:1..2: 15:03:29.20 T  0D 0A 34 37 3A 50 31 0D 0A 31 3A 31 0D 0A 32 3A
25..3:6..4:4..5: 15:03:29.20 T  32 35 0D 0A 33 3A 36 0D 0A 34 3A 34 0D 0A 35 3A
1..6:0....48:P86 15:03:29.20 T  31 0D 0A 36 3A 30 0D 0A 0D 0A 34 38 3A 50 38 36
..1:42....49:P6. 15:03:29.20 T  0D 0A 31 3A 34 32 0D 0A 0D 0A 34 39 3A 50 36 0D
.1:1..2:23..3:1. 15:03:29.20 T  0A 31 3A 31 0D 0A 32 3A 32 33 0D 0A 33 3A 31 0D
.4:1..5:1200..6: 15:03:29.20 T  0A 34 3A 31 0D 0A 35 3A 31 32 30 30 0D 0A 36 3A
50..7:-0.001..8: 15:03:29.20 T  35 30 0D 0A 37 3A 2D 30 2E 30 30 31 0D 0A 38 3A
0.09707....50:P5 15:03:29.20 T  30 2E 30 39 37 30 37 0D 0A 0D 0A 35 30 3A 50 35
9..1:1..2:50..3: 15:03:29.20 T  39 0D 0A 31 3A 31 0D 0A 32 3A 35 30 0D 0A 33 3A
10.025....51:P16 15:03:29.20 T  31 30 2E 30 32 35 0D 0A 0D 0A 35 31 3A 50 31 36
..1:1..2:50..3:5 15:03:29.20 T  0D 0A 31 3A 31 0D 0A 32 3A 35 30 0D 0A 33 3A 35
0..4:1.0..5:0.0. 15:03:29.20 T  30 0D 0A 34 3A 31 2E 30 0D 0A 35 3A 30 2E 30 0D
...52:P86..1:71. 15:03:29.20 T  0A 0D 0A 35 32 3A 50 38 36 0D 0A 31 3A 37 31 0D
...53:P86..1:..  15:03:29.20 T  0A 0D 0A 35 33 3A 50 38 36 0D 0A 31 3A 03 03
...q<            15:03:29.26 R  03 03 E9 71 3C
..               15:03:29.26 T  04 04
..               15:03:29.26 R  04 04
<                15:03:29.92 R  3C
71....54:P1..1:1 15:03:30.19 T  37 31 0D 0A 0D 0A 35 34 3A 50 31 0D 0A 31 3A 31
..2:25..3:1..4:7 15:03:30.19 T  0D 0A 32 3A 32 35 0D 0A 33 3A 31 0D 0A 34 3A 37
2..5:1..6:0....5 15:03:30.19 T  32 0D 0A 35 3A 31 0D 0A 36 3A 30 0D 0A 0D 0A 35
5:P1..1:1..2:25. 15:03:30.19 T  35 3A 50 31 0D 0A 31 3A 31 0D 0A 32 3A 32 35 0D
.3:2..4:73..5:.1 15:03:30.19 T  0A 33 3A 32 0D 0A 34 3A 37 33 0D 0A 35 3A 2E 31
97..6:-271....56 15:03:30.19 T  39 37 0D 0A 36 3A 2D 32 37 31 0D 0A 0D 0A 35 36
:P86..1:71....57 15:03:30.19 T  3A 50 38 36 0D 0A 31 3A 37 31 0D 0A 0D 0A 35 37
:P86..1:71....58 15:03:30.19 T  3A 50 38 36 0D 0A 31 3A 37 31 0D 0A 0D 0A 35 38
:P14..1:1..2:22. 15:03:30.19 T  3A 50 31 34 0D 0A 31 3A 31 0D 0A 32 3A 32 32 0D
.3:1..4:2..5:50. 15:03:30.19 T  0A 33 3A 31 0D 0A 34 3A 32 0D 0A 35 3A 35 30 0D
.6:54..7:1.0..8: 15:03:30.19 T  0A 36 3A 35 34 0D 0A 37 3A 31 2E 30 0D 0A 38 3A
0.0....59:P86..1 15:03:30.19 T  30 2E 30 0D 0A 0D 0A 35 39 3A 50 38 36 0D 0A 31
:71....60:P86..1 15:03:30.19 T  3A 37 31 0D 0A 0D 0A 36 30 3A 50 38 36 0D 0A 31
:71....61:P1..1: 15:03:30.19 T  3A 37 31 0D 0A 0D 0A 36 31 3A 50 31 0D 0A 31 3A
1..2:25..3:1...  15:03:30.19 T  31 0D 0A 32 3A 32 35 0D 0A 33 3A 31 0D 03 03
.._.<            15:03:30.19 R  03 03 5F 1F 3C
..               15:03:30.19 T  04 04
..               15:03:30.25 R  04 04
<                15:03:30.96 R  3C
.4:66..5:.2..6:- 15:03:31.18 T  0A 34 3A 36 36 0D 0A 35 3A 2E 32 0D 0A 36 3A 2D
277....62:P1..1: 15:03:31.18 T  32 37 37 0D 0A 0D 0A 36 32 3A 50 31 0D 0A 31 3A
1..2:25..3:2..4: 15:03:31.18 T  31 0D 0A 32 3A 32 35 0D 0A 33 3A 32 0D 0A 34 3A
67..5:.207..6:-2 15:03:31.18 T  36 37 0D 0A 35 3A 2E 32 30 37 0D 0A 36 3A 2D 32
87....63:P86..1: 15:03:31.18 T  38 37 0D 0A 0D 0A 36 33 3A 50 38 36 0D 0A 31 3A
71....64:P86..1: 15:03:31.18 T  37 31 0D 0A 0D 0A 36 34 3A 50 38 36 0D 0A 31 3A
71....65:P1..1:1 15:03:31.18 T  37 31 0D 0A 0D 0A 36 35 3A 50 31 0D 0A 31 3A 31
..2:25..3:1..4:6 15:03:31.18 T  0D 0A 32 3A 32 35 0D 0A 33 3A 31 0D 0A 34 3A 36
8..5:.209..6:-29 15:03:31.18 T  38 0D 0A 35 3A 2E 32 30 39 0D 0A 36 3A 2D 32 39
0....66:P1..1:1. 15:03:31.18 T  30 0D 0A 0D 0A 36 36 3A 50 31 0D 0A 31 3A 31 0D
.2:25..3:2..4:51 15:03:31.18 T  0A 32 3A 32 35 0D 0A 33 3A 32 0D 0A 34 3A 35 31
..5:.1..6:0.0... 15:03:31.18 T  0D 0A 35 3A 2E 31 0D 0A 36 3A 30 2E 30 0D 0A 0D
.67:P86..1:71... 15:03:31.18 T  0A 36 37 3A 50 38 36 0D 0A 31 3A 37 31 0D 0A 0D
.68:P86..1:71... 15:03:31.18 T  0A 36 38 3A 50 38 36 0D 0A 31 3A 37 31 0D 0A 0D
.69:P14..1:1...  15:03:31.18 T  0A 36 39 3A 50 31 34 0D 0A 31 3A 31 0D 03 03
....<            15:03:31.24 R  03 03 06 9C 3C
..               15:03:31.24 T  04 04
..               15:03:31.24 R  04 04
<                15:03:31.95 R  3C
.2:22..3:1..4:2. 15:03:32.23 T  0A 32 3A 32 32 0D 0A 33 3A 31 0D 0A 34 3A 32 0D
.5:50..6:57..7:1 15:03:32.23 T  0A 35 3A 35 30 0D 0A 36 3A 35 37 0D 0A 37 3A 31
.0..8:0.0....70: 15:03:32.23 T  2E 30 0D 0A 38 3A 30 2E 30 0D 0A 0D 0A 37 30 3A
P86..1:71....71: 15:03:32.23 T  50 38 36 0D 0A 31 3A 37 31 0D 0A 0D 0A 37 31 3A
P86..1:71....72: 15:03:32.23 T  50 38 36 0D 0A 31 3A 37 31 0D 0A 0D 0A 37 32 3A
P14..1:1..2:22.. 15:03:32.23 T  50 31 34 0D 0A 31 3A 31 0D 0A 32 3A 32 32 0D 0A
3:1..4:2..5:50.. 15:03:32.23 T  33 3A 31 0D 0A 34 3A 32 0D 0A 35 3A 35 30 0D 0A
6:55..7:1.0..8:0 15:03:32.23 T  36 3A 35 35 0D 0A 37 3A 31 2E 30 0D 0A 38 3A 30
.0....73:P86..1: 15:03:32.23 T  2E 30 0D 0A 0D 0A 37 33 3A 50 38 36 0D 0A 31 3A
71....74:P86..1: 15:03:32.23 T  37 31 0D 0A 0D 0A 37 34 3A 50 38 36 0D 0A 31 3A
71....75:P1..1:1 15:03:32.23 T  37 31 0D 0A 0D 0A 37 35 3A 50 31 0D 0A 31 3A 31
..2:25..3:1..4:6 15:03:32.23 T  0D 0A 32 3A 32 35 0D 0A 33 3A 31 0D 0A 34 3A 36
0..5:1.6..6:17.5 15:03:32.23 T  30 0D 0A 35 3A 31 2E 36 0D 0A 36 3A 31 37 2E 35
....76:P1..1:1.. 15:03:32.23 T  0D 0A 0D 0A 37 36 3A 50 31 0D 0A 31 3A 31 0D 0A
2:24..3:2..4:..  15:03:32.23 T  32 3A 32 34 0D 0A 33 3A 32 0D 0A 34 3A 03 03
...[<            15:03:32.23 R  03 03 DE 5B 3C
..               15:03:32.23 T  04 04
..               15:03:32.23 R  04 04
<                15:03:32.94 R  3C
62..5:1..6:0.... 15:03:33.21 T  36 32 0D 0A 35 3A 31 0D 0A 36 3A 30 0D 0A 0D 0A
77:P86..1:71.... 15:03:33.21 T  37 37 3A 50 38 36 0D 0A 31 3A 37 31 0D 0A 0D 0A
78:P86..1:71.... 15:03:33.21 T  37 38 3A 50 38 36 0D 0A 31 3A 37 31 0D 0A 0D 0A
79:P1..1:1..2:24 15:03:33.21 T  37 39 3A 50 31 0D 0A 31 3A 31 0D 0A 32 3A 32 34
..3:1..4:63..5:1 15:03:33.21 T  0D 0A 33 3A 31 0D 0A 34 3A 36 33 0D 0A 35 3A 31
..6:0....80:P1.. 15:03:33.21 T  0D 0A 36 3A 30 0D 0A 0D 0A 38 30 3A 50 31 0D 0A
1:1..2:25..3:2.. 15:03:33.21 T  31 3A 31 0D 0A 32 3A 32 35 0D 0A 33 3A 32 0D 0A
4:61..5:1.0..6:0 15:03:33.21 T  34 3A 36 31 0D 0A 35 3A 31 2E 30 0D 0A 36 3A 30
.0....81:P86..1: 15:03:33.21 T  2E 30 0D 0A 0D 0A 38 31 3A 50 38 36 0D 0A 31 3A
71....82:P86..1: 15:03:33.21 T  37 31 0D 0A 0D 0A 38 32 3A 50 38 36 0D 0A 31 3A
71....83:P1..1:1 15:03:33.21 T  37 31 0D 0A 0D 0A 38 33 3A 50 31 0D 0A 31 3A 31
..2:24..3:1..4:6 15:03:33.21 T  0D 0A 32 3A 32 34 0D 0A 33 3A 31 0D 0A 34 3A 36
4..5:1..6:0....8 15:03:33.21 T  34 0D 0A 35 3A 31 0D 0A 36 3A 30 0D 0A 0D 0A 38
4:P1..1:1..2:24. 15:03:33.21 T  34 3A 50 31 0D 0A 31 3A 31 0D 0A 32 3A 32 34 0D
.3:2..4:65..5..  15:03:33.21 T  0A 33 3A 32 0D 0A 34 3A 36 35 0D 0A 35 03 03
...q<            15:03:33.21 R  03 03 89 71 3C
..               15:03:33.21 T  04 04
..               15:03:33.21 R  04 04
<                15:03:33.93 R  3C
:1..6:0....85:P8 15:03:34.20 T  3A 31 0D 0A 36 3A 30 0D 0A 0D 0A 38 35 3A 50 38
6..1:71....86:P8 15:03:34.20 T  36 0D 0A 31 3A 37 31 0D 0A 0D 0A 38 36 3A 50 38
6..1:71....87:P1 15:03:34.20 T  36 0D 0A 31 3A 37 31 0D 0A 0D 0A 38 37 3A 50 31
..1:1..2:25..3:1 15:03:34.20 T  0D 0A 31 3A 31 0D 0A 32 3A 32 35 0D 0A 33 3A 31
..4:9..5:.01..6: 15:03:34.20 T  0D 0A 34 3A 39 0D 0A 35 3A 2E 30 31 0D 0A 36 3A
10....88:P1..1:1 15:03:34.20 T  31 30 0D 0A 0D 0A 38 38 3A 50 31 0D 0A 31 3A 31
..2:25..3:2..4:1 15:03:34.20 T  0D 0A 32 3A 32 35 0D 0A 33 3A 32 0D 0A 34 3A 31
1..5:.027..6:1.. 15:03:34.20 T  31 0D 0A 35 3A 2E 30 32 37 0D 0A 36 3A 31 0D 0A
..89:P1..1:1..2: 15:03:34.20 T  0D 0A 38 39 3A 50 31 0D 0A 31 3A 31 0D 0A 32 3A
25..3:3..4:10..5 15:03:34.20 T  32 35 0D 0A 33 3A 33 0D 0A 34 3A 31 30 0D 0A 35
:1..6:1700....90 15:03:34.20 T  3A 31 0D 0A 36 3A 31 37 30 30 0D 0A 0D 0A 39 30
:P1..1:1..2:25.. 15:03:34.20 T  3A 50 31 0D 0A 31 3A 31 0D 0A 32 3A 32 35 0D 0A
3:4..4:12..5:-.0 15:03:34.20 T  33 3A 34 0D 0A 34 3A 31 32 0D 0A 35 3A 2D 2E 30
01..6:103....91: 15:03:34.20 T  30 31 0D 0A 36 3A 31 30 33 0D 0A 0D 0A 39 31 3A
P86..1:71......  15:03:34.20 T  50 38 36 0D 0A 31 3A 37 31 0D 0A 0D 0A 03 03
....<            15:03:34.20 R  03 03 BC 0E 3C
..               15:03:34.20 T  04 04
..               15:03:34.20 R  04 04
<                15:03:34.92 R  3C
92:P86..1:71.... 15:03:35.19 T  39 32 3A 50 38 36 0D 0A 31 3A 37 31 0D 0A 0D 0A
93:P1..1:1..2:24 15:03:35.19 T  39 33 3A 50 31 0D 0A 31 3A 31 0D 0A 32 3A 32 34
..3:1..4:17..5:. 15:03:35.19 T  0D 0A 33 3A 31 0D 0A 34 3A 31 37 0D 0A 35 3A 2E
346..6:6.22....9 15:03:35.19 T  33 34 36 0D 0A 36 3A 36 2E 32 32 0D 0A 0D 0A 39
4:P1..1:1..2:24. 15:03:35.25 T  34 3A 50 31 0D 0A 31 3A 31 0D 0A 32 3A 32 34 0D
.3:3..4:18..5:10 15:03:35.25 T  0A 33 3A 33 0D 0A 34 3A 31 38 0D 0A 35 3A 31 30
00..6:20000....9 15:03:35.25 T  30 30 0D 0A 36 3A 32 30 30 30 30 0D 0A 0D 0A 39
5:P86..1:71....9 15:03:35.25 T  35 3A 50 38 36 0D 0A 31 3A 37 31 0D 0A 0D 0A 39
6:P86..1:71....9 15:03:35.25 T  36 3A 50 38 36 0D 0A 31 3A 37 31 0D 0A 0D 0A 39
7:P6..1:1..2:22. 15:03:35.25 T  37 3A 50 36 0D 0A 31 3A 31 0D 0A 32 3A 32 32 0D
.3:4..4:3..5:250 15:03:35.25 T  0A 33 3A 34 0D 0A 34 3A 33 0D 0A 35 3A 32 35 30
0..6:105..7:381. 15:03:35.25 T  30 0D 0A 36 3A 31 30 35 0D 0A 37 3A 33 38 31 0D
.8:15.5....98:P8 15:03:35.25 T  0A 38 3A 31 35 2E 35 0D 0A 0D 0A 39 38 3A 50 38
6..1:71....99:P8 15:03:35.25 T  36 0D 0A 31 3A 37 31 0D 0A 0D 0A 39 39 3A 50 38
6..1:71....10..  15:03:35.25 T  36 0D 0A 31 3A 37 31 0D 0A 0D 0A 31 30 03 03
...w<            15:03:35.25 R  03 03 DE 77 3C
..               15:03:35.25 T  04 04
..               15:03:35.25 R  04 04
<                15:03:35.96 R  3C
0:P6..1:1..2:22. 15:03:36.24 T  30 3A 50 36 0D 0A 31 3A 31 0D 0A 32 3A 32 32 0D
.3:1..4:3..5:250 15:03:36.24 T  0A 33 3A 31 0D 0A 34 3A 33 0D 0A 35 3A 32 35 30
0..6:106..7:1.0. 15:03:36.24 T  30 0D 0A 36 3A 31 30 36 0D 0A 37 3A 31 2E 30 0D
.8:0.0....101:P5 15:03:36.24 T  0A 38 3A 30 2E 30 0D 0A 0D 0A 31 30 31 3A 50 35
5..1:1..2:106..3 15:03:36.24 T  35 0D 0A 31 3A 31 0D 0A 32 3A 31 30 36 0D 0A 33
:107..4:.6368..5 15:03:36.24 T  3A 31 30 37 0D 0A 34 3A 2E 36 33 36 38 0D 0A 35
:43.54..6:-1.188 15:03:36.24 T  3A 34 33 2E 35 34 0D 0A 36 3A 2D 31 2E 31 38 38
..7:0.0..8:0.0.. 15:03:36.24 T  0D 0A 37 3A 30 2E 30 0D 0A 38 3A 30 2E 30 0D 0A
9:0.0....102:P86 15:03:36.24 T  39 3A 30 2E 30 0D 0A 0D 0A 31 30 32 3A 50 38 36
..1:71....103:P8 15:03:36.24 T  0D 0A 31 3A 37 31 0D 0A 0D 0A 31 30 33 3A 50 38
6..1:71....104:P 15:03:36.24 T  36 0D 0A 31 3A 37 31 0D 0A 0D 0A 31 30 34 3A 50
6..1:1..2:22..3: 15:03:36.24 T  36 0D 0A 31 3A 31 0D 0A 32 3A 32 32 0D 0A 33 3A
1..4:3..5:2500.. 15:03:36.24 T  31 0D 0A 34 3A 33 0D 0A 35 3A 32 35 30 30 0D 0A
6:108..7:1.0..8: 15:03:36.24 T  36 3A 31 30 38 0D 0A 37 3A 31 2E 30 0D 0A 38 3A
0.0....105:P5..  15:03:36.24 T  30 2E 30 0D 0A 0D 0A 31 30 35 3A 50 35 03 03
....<            15:03:36.24 R  03 03 99 C1 3C
..               15:03:36.24 T  04 04
..               15:03:36.24 R  04 04
<                15:03:36.89 R  3C
5..1:1..2:108..3 15:03:37.17 T  35 0D 0A 31 3A 31 0D 0A 32 3A 31 30 38 0D 0A 33
:109..4:.6368..5 15:03:37.17 T  3A 31 30 39 0D 0A 34 3A 2E 36 33 36 38 0D 0A 35
:43.54..6:-1.188 15:03:37.17 T  3A 34 33 2E 35 34 0D 0A 36 3A 2D 31 2E 31 38 38
..7:0.0..8:0.0.. 15:03:37.17 T  0D 0A 37 3A 30 2E 30 0D 0A 38 3A 30 2E 30 0D 0A
9:0.0....106:P86 15:03:37.17 T  39 3A 30 2E 30 0D 0A 0D 0A 31 30 36 3A 50 38 36
..1:71....107:P8 15:03:37.17 T  0D 0A 31 3A 37 31 0D 0A 0D 0A 31 30 37 3A 50 38
6..1:71....108:P 15:03:37.17 T  36 0D 0A 31 3A 37 31 0D 0A 0D 0A 31 30 38 3A 50
6..1:1..2:22..3: 15:03:37.17 T  36 0D 0A 31 3A 31 0D 0A 32 3A 32 32 0D 0A 33 3A
1..4:3..5:2500.. 15:03:37.17 T  31 0D 0A 34 3A 33 0D 0A 35 3A 32 35 30 30 0D 0A
6:110..7:1.0..8: 15:03:37.17 T  36 3A 31 31 30 0D 0A 37 3A 31 2E 30 0D 0A 38 3A
0.0....109:P55.. 15:03:37.17 T  30 2E 30 0D 0A 0D 0A 31 30 39 3A 50 35 35 0D 0A
1:1..2:110..3:11 15:03:37.17 T  31 3A 31 0D 0A 32 3A 31 31 30 0D 0A 33 3A 31 31
1..4:.6368..5:43 15:03:37.17 T  31 0D 0A 34 3A 2E 36 33 36 38 0D 0A 35 3A 34 33
.54..6:-1.188..7 15:03:37.17 T  2E 35 34 0D 0A 36 3A 2D 31 2E 31 38 38 0D 0A 37
:0.0..8:0.0....  15:03:37.17 T  3A 30 2E 30 0D 0A 38 3A 30 2E 30 0D 0A 03 03
..k.<            15:03:37.17 R  03 03 6B 9D 3C
..               15:03:37.17 T  04 04
..               15:03:37.22 R  04 04
<                15:03:37.88 R  3C
9:0.0....110:P86 15:03:38.16 T  39 3A 30 2E 30 0D 0A 0D 0A 31 31 30 3A 50 38 36
..1:71....111:P8 15:03:38.16 T  0D 0A 31 3A 37 31 0D 0A 0D 0A 31 31 31 3A 50 38
6..1:71....112:P 15:03:38.16 T  36 0D 0A 31 3A 37 31 0D 0A 0D 0A 31 31 32 3A 50
6..1:1..2:22..3: 15:03:38.16 T  36 0D 0A 31 3A 31 0D 0A 32 3A 32 32 0D 0A 33 3A
1..4:3..5:2500.. 15:03:38.16 T  31 0D 0A 34 3A 33 0D 0A 35 3A 32 35 30 30 0D 0A
6:112..7:-1..8:0 15:03:38.16 T  36 3A 31 31 32 0D 0A 37 3A 2D 31 0D 0A 38 3A 30
.0....113:P55..1 15:03:38.16 T  2E 30 0D 0A 0D 0A 31 31 33 3A 50 35 35 0D 0A 31
:1..2:112..3:113 15:03:38.16 T  3A 31 0D 0A 32 3A 31 31 32 0D 0A 33 3A 31 31 33
..4:.6368..5:43. 15:03:38.16 T  0D 0A 34 3A 2E 36 33 36 38 0D 0A 35 3A 34 33 2E
54..6:-1.188..7: 15:03:38.16 T  35 34 0D 0A 36 3A 2D 31 2E 31 38 38 0D 0A 37 3A
0.0..8:0.0..9:0. 15:03:38.16 T  30 2E 30 0D 0A 38 3A 30 2E 30 0D 0A 39 3A 30 2E
0....114:P86..1: 15:03:38.16 T  30 0D 0A 0D 0A 31 31 34 3A 50 38 36 0D 0A 31 3A
71....115:P86..1 15:03:38.16 T  37 31 0D 0A 0D 0A 31 31 35 3A 50 38 36 0D 0A 31
:71....116:P1..1 15:03:38.16 T  3A 37 31 0D 0A 0D 0A 31 31 36 3A 50 31 0D 0A 31
:1..2:25..3:1..  15:03:38.16 T  3A 31 0D 0A 32 3A 32 35 0D 0A 33 3A 31 03 03
..'.<            15:03:38.16 R  03 03 27 8F 3C
..               15:03:38.16 T  04 04
..               15:03:38.16 R  04 04
<                15:03:38.87 R  3C
..4:69..5:.202.. 15:03:39.15 T  0D 0A 34 3A 36 39 0D 0A 35 3A 2E 32 30 32 0D 0A
6:-280....117:P1 15:03:39.15 T  36 3A 2D 32 38 30 0D 0A 0D 0A 31 31 37 3A 50 31
..1:1..2:25..3:2 15:03:39.15 T  0D 0A 31 3A 31 0D 0A 32 3A 32 35 0D 0A 33 3A 32
..4:70..5:.209.. 15:03:39.15 T  0D 0A 34 3A 37 30 0D 0A 35 3A 2E 32 30 39 0D 0A
6:-291....118:P8 15:03:39.15 T  36 3A 2D 32 39 31 0D 0A 0D 0A 31 31 38 3A 50 38
6..1:71....119:P 15:03:39.15 T  36 0D 0A 31 3A 37 31 0D 0A 0D 0A 31 31 39 3A 50
86..1:71....120: 15:03:39.15 T  38 36 0D 0A 31 3A 37 31 0D 0A 0D 0A 31 32 30 3A
P1..1:1..2:25..3 15:03:39.15 T  50 31 0D 0A 31 3A 31 0D 0A 32 3A 32 35 0D 0A 33
:1..4:52..5:.1.. 15:03:39.15 T  3A 31 0D 0A 34 3A 35 32 0D 0A 35 3A 2E 31 0D 0A
6:19....121:P1.. 15:03:39.15 T  36 3A 31 39 0D 0A 0D 0A 31 32 31 3A 50 31 0D 0A
1:1..2:25..3:2.. 15:03:39.15 T  31 3A 31 0D 0A 32 3A 32 35 0D 0A 33 3A 32 0D 0A
4:58..5:1.6..6:1 15:03:39.15 T  34 3A 35 38 0D 0A 35 3A 31 2E 36 0D 0A 36 3A 31
7.7....122:P86.. 15:03:39.15 T  37 2E 37 0D 0A 0D 0A 31 32 32 3A 50 38 36 0D 0A
1:71....123:P86. 15:03:39.15 T  31 3A 37 31 0D 0A 0D 0A 31 32 33 3A 50 38 36 0D
.1:71....124:..  15:03:39.15 T  0A 31 3A 37 31 0D 0A 0D 0A 31 32 34 3A 03 03
....<            15:03:39.15 R  03 03 AF 98 3C
..               15:03:39.15 T  04 04
..               15:03:39.15 R  04 04
<                15:03:39.86 R  3C
P14..1:1..2:22.. 15:03:40.14 T  50 31 34 0D 0A 31 3A 31 0D 0A 32 3A 32 32 0D 0A
3:1..4:2..5:50.. 15:03:40.14 T  33 3A 31 0D 0A 34 3A 32 0D 0A 35 3A 35 30 0D 0A
6:53..7:1.0..8:0 15:03:40.14 T  36 3A 35 33 0D 0A 37 3A 31 2E 30 0D 0A 38 3A 30
.0....125:P86..1 15:03:40.14 T  2E 30 0D 0A 0D 0A 31 32 35 3A 50 38 36 0D 0A 31
:71....126:P86.. 15:03:40.14 T  3A 37 31 0D 0A 0D 0A 31 32 36 3A 50 38 36 0D 0A
1:71....127:P14. 15:03:40.14 T  31 3A 37 31 0D 0A 0D 0A 31 32 37 3A 50 31 34 0D
.1:1..2:22..3:1. 15:03:40.14 T  0A 31 3A 31 0D 0A 32 3A 32 32 0D 0A 33 3A 31 0D
.4:2..5:50..6:56 15:03:40.14 T  0A 34 3A 32 0D 0A 35 3A 35 30 0D 0A 36 3A 35 36
..7:1.0..8:0.0.. 15:03:40.14 T  0D 0A 37 3A 31 2E 30 0D 0A 38 3A 30 2E 30 0D 0A
..128:P86..1:71. 15:03:40.14 T  0D 0A 31 32 38 3A 50 38 36 0D 0A 31 3A 37 31 0D
...129:P86..1:71 15:03:40.14 T  0A 0D 0A 31 32 39 3A 50 38 36 0D 0A 31 3A 37 31
....130:P1..1:1. 15:03:40.14 T  0D 0A 0D 0A 31 33 30 3A 50 31 0D 0A 31 3A 31 0D
.2:25..3:1..4:59 15:03:40.14 T  0A 32 3A 32 35 0D 0A 33 3A 31 0D 0A 34 3A 35 39
..5:1.66..6:17.7 15:03:40.14 T  0D 0A 35 3A 31 2E 36 36 0D 0A 36 3A 31 37 2E 37
....131:P1..1..  15:03:40.14 T  0D 0A 0D 0A 31 33 31 3A 50 31 0D 0A 31 03 03
..\$<            15:03:40.14 R  03 03 5C 24 3C
..               15:03:40.14 T  04 04
..               15:03:40.14 R  04 04
<                15:03:40.85 R  3C
:1..2:25..3:2..4 15:03:41.12 T  3A 31 0D 0A 32 3A 32 35 0D 0A 33 3A 32 0D 0A 34
:71..5:.207..6:- 15:03:41.12 T  3A 37 31 0D 0A 35 3A 2E 32 30 37 0D 0A 36 3A 2D
287....132:P86.. 15:03:41.12 T  32 38 37 0D 0A 0D 0A 31 33 32 3A 50 38 36 0D 0A
1:71....133:P86. 15:03:41.12 T  31 3A 37 31 0D 0A 0D 0A 31 33 33 3A 50 38 36 0D
.1:71....134:P2. 15:03:41.12 T  0A 31 3A 37 31 0D 0A 0D 0A 31 33 34 3A 50 32 0D
.1:1..2:25..3:1. 15:03:41.12 T  0A 31 3A 31 0D 0A 32 3A 32 35 0D 0A 33 3A 31 0D
.4:19..5:.01..6: 15:03:41.12 T  0A 34 3A 31 39 0D 0A 35 3A 2E 30 31 0D 0A 36 3A
-4.5....135:P89. 15:03:41.12 T  2D 34 2E 35 0D 0A 0D 0A 31 33 35 3A 50 38 39 0D
.1:19..2:4..3:-5 15:03:41.12 T  0A 31 3A 31 39 0D 0A 32 3A 34 0D 0A 33 3A 2D 35
..4:30....136:P3 15:03:41.12 T  0D 0A 34 3A 33 30 0D 0A 0D 0A 31 33 36 3A 50 33
4..1:19..2:9.0.. 15:03:41.12 T  34 0D 0A 31 3A 31 39 0D 0A 32 3A 39 2E 30 0D 0A
3:19....137:P94. 15:03:41.12 T  33 3A 31 39 0D 0A 0D 0A 31 33 37 3A 50 39 34 0D
...138:P89..1:19 15:03:41.12 T  0A 0D 0A 31 33 38 3A 50 38 39 0D 0A 31 3A 31 39
..2:4..3:4..4:30 15:03:41.12 T  0D 0A 32 3A 34 0D 0A 33 3A 34 0D 0A 34 3A 33 30
....139:P30....  15:03:41.12 T  0D 0A 0D 0A 31 33 39 3A 50 33 30 0D 0A 03 03
....<            15:03:41.12 R  03 03 D1 03 3C
..               15:03:41.12 T  04 04
..               15:03:41.12 R  04 04
<                15:03:41.84 R  3C
1:0.0..2:00..3:1 15:03:42.11 T  31 3A 30 2E 30 0D 0A 32 3A 30 30 0D 0A 33 3A 31
9....140:P95.... 15:03:42.11 T  39 0D 0A 0D 0A 31 34 30 3A 50 39 35 0D 0A 0D 0A
141:P95....142:P 15:03:42.11 T  31 34 31 3A 50 39 35 0D 0A 0D 0A 31 34 32 3A 50
86..1:71....143: 15:03:42.11 T  38 36 0D 0A 31 3A 37 31 0D 0A 0D 0A 31 34 33 3A
P86..1:71....144 15:03:42.11 T  50 38 36 0D 0A 31 3A 37 31 0D 0A 0D 0A 31 34 34
:P86..1:71....14 15:03:42.11 T  3A 50 38 36 0D 0A 31 3A 37 31 0D 0A 0D 0A 31 34
5:P86..1:71....1 15:03:42.11 T  35 3A 50 38 36 0D 0A 31 3A 37 31 0D 0A 0D 0A 31
46:P1..1:1..2:25 15:03:42.11 T  34 36 3A 50 31 0D 0A 31 3A 31 0D 0A 32 3A 32 35
..3:1..4:15..5:. 15:03:42.11 T  0D 0A 33 3A 31 0D 0A 34 3A 31 35 0D 0A 35 3A 2E
095..6:0.0....14 15:03:42.11 T  30 39 35 0D 0A 36 3A 30 2E 30 0D 0A 0D 0A 31 34
7:P1..1:1..2:25. 15:03:42.11 T  37 3A 50 31 0D 0A 31 3A 31 0D 0A 32 3A 32 35 0D
.3:2..4:13..5:.0 15:03:42.11 T  0A 33 3A 32 0D 0A 34 3A 31 33 0D 0A 35 3A 2E 30
34..6:0....148:P 15:03:42.11 T  33 34 0D 0A 36 3A 30 0D 0A 0D 0A 31 34 38 3A 50
1..1:1..2:25..3: 15:03:42.11 T  31 0D 0A 31 3A 31 0D 0A 32 3A 32 35 0D 0A 33 3A
3..4:16..5:-1..  15:03:42.11 T  33 0D 0A 34 3A 31 36 0D 0A 35 3A 2D 31 03 03
....<            15:03:42.11 R  03 03 2E B2 3C
..               15:03:42.11 T  04 04
..               15:03:42.17 R  04 04
<                15:03:42.83 R  3C
..6:250....149:P 15:03:43.10 T  0D 0A 36 3A 32 35 30 0D 0A 0D 0A 31 34 39 3A 50
1..1:1..2:25..3: 15:03:43.10 T  31 0D 0A 31 3A 31 0D 0A 32 3A 32 35 0D 0A 33 3A
4..4:14..5:-30.. 15:03:43.10 T  34 0D 0A 34 3A 31 34 0D 0A 35 3A 2D 33 30 0D 0A
6:0.0....150:P86 15:03:43.10 T  36 3A 30 2E 30 0D 0A 0D 0A 31 35 30 3A 50 38 36
..1:71....151:P8 15:03:43.10 T  0D 0A 31 3A 37 31 0D 0A 0D 0A 31 35 31 3A 50 38
6..1:71....152:P 15:03:43.10 T  36 0D 0A 31 3A 37 31 0D 0A 0D 0A 31 35 32 3A 50
14..1:1..2:22..3 15:03:43.10 T  31 34 0D 0A 31 3A 31 0D 0A 32 3A 32 32 0D 0A 33
:1..4:2..5:7..6: 15:03:43.10 T  3A 31 0D 0A 34 3A 32 0D 0A 35 3A 37 0D 0A 36 3A
8..7:1.0..8:0.0. 15:03:43.10 T  38 0D 0A 37 3A 31 2E 30 0D 0A 38 3A 30 2E 30 0D
...153:P86..1:52 15:03:43.10 T  0A 0D 0A 31 35 33 3A 50 38 36 0D 0A 31 3A 35 32
....154:P33..1:5 15:03:43.10 T  0D 0A 0D 0A 31 35 34 3A 50 33 33 0D 0A 31 3A 35
5..2:57..3:56... 15:03:43.10 T  35 0D 0A 32 3A 35 37 0D 0A 33 3A 35 36 0D 0A 0D
.155:P37..1:56.. 15:03:43.10 T  0A 31 35 35 3A 50 33 37 0D 0A 31 3A 35 36 0D 0A
2:0.5..3:56....1 15:03:43.10 T  32 3A 30 2E 35 0D 0A 33 3A 35 36 0D 0A 0D 0A 31
56:P91..1:11...  15:03:43.10 T  35 36 3A 50 39 31 0D 0A 31 3A 31 31 0D 03 03
....<            15:03:43.10 R  03 03 9F BF 3C
..               15:03:43.10 T  04 04
..               15:03:43.16 R  04 04
<                15:03:43.87 R  3C
.2:30....157:P89 15:03:44.14 T  0A 32 3A 33 30 0D 0A 0D 0A 31 35 37 3A 50 38 39
..1:29..2:1..3:0 15:03:44.14 T  0D 0A 31 3A 32 39 0D 0A 32 3A 31 0D 0A 33 3A 30
.0..4:30....158: 15:03:44.14 T  2E 30 0D 0A 34 3A 33 30 0D 0A 0D 0A 31 35 38 3A
P31..1:66..2:92. 15:03:44.14 T  50 33 31 0D 0A 31 3A 36 36 0D 0A 32 3A 39 32 0D
...159:P31..1:67 15:03:44.14 T  0A 0D 0A 31 35 39 3A 50 33 31 0D 0A 31 3A 36 37
..2:93....160:P3 15:03:44.14 T  0D 0A 32 3A 39 33 0D 0A 0D 0A 31 36 30 3A 50 33
1..1:68..2:94... 15:03:44.14 T  31 0D 0A 31 3A 36 38 0D 0A 32 3A 39 34 0D 0A 0D
.161:P20..1:9001 15:03:44.14 T  0A 31 36 31 3A 50 32 30 0D 0A 31 3A 39 30 30 31
..2:1199....162: 15:03:44.14 T  0D 0A 32 3A 31 31 39 39 0D 0A 0D 0A 31 36 32 3A
P86..1:78....163 15:03:44.14 T  50 38 36 0D 0A 31 3A 37 38 0D 0A 0D 0A 31 36 33
:P95....164:P89. 15:03:44.14 T  3A 50 39 35 0D 0A 0D 0A 31 36 34 3A 50 38 39 0D
.1:29..2:1..3:4. 15:03:44.14 T  0A 31 3A 32 39 0D 0A 32 3A 31 0D 0A 33 3A 34 0D
.4:30....165:P20 15:03:44.14 T  0A 34 3A 33 30 0D 0A 0D 0A 31 36 35 3A 50 32 30
..1:9001..2:1099 15:03:44.14 T  0D 0A 31 3A 39 30 30 31 0D 0A 32 3A 31 30 39 39
....166:P86....  15:03:44.14 T  0D 0A 0D 0A 31 36 36 3A 50 38 36 0D 0A 03 03
..{.<            15:03:44.14 R  03 03 7B FC 3C
..               15:03:44.14 T  04 04
..               15:03:44.14 R  04 04
<                15:03:44.86 R  3C
1:78....167:P35. 15:03:45.13 T  31 3A 37 38 0D 0A 0D 0A 31 36 37 3A 50 33 35 0D
.1:66..2:92..3:8 15:03:45.13 T  0A 31 3A 36 36 0D 0A 32 3A 39 32 0D 0A 33 3A 38
9....168:P36..1: 15:03:45.13 T  39 0D 0A 0D 0A 31 36 38 3A 50 33 36 0D 0A 31 3A
89..2:34..3:75.. 15:03:45.13 T  38 39 0D 0A 32 3A 33 34 0D 0A 33 3A 37 35 0D 0A
..169:P33..1:75. 15:03:45.13 T  0D 0A 31 36 39 3A 50 33 33 0D 0A 31 3A 37 35 0D
.2:33..3:75....1 15:03:45.13 T  0A 32 3A 33 33 0D 0A 33 3A 37 35 0D 0A 0D 0A 31
70:P35..1:67..2: 15:03:45.13 T  37 30 3A 50 33 35 0D 0A 31 3A 36 37 0D 0A 32 3A
93..3:90....171: 15:03:45.13 T  39 33 0D 0A 33 3A 39 30 0D 0A 0D 0A 31 37 31 3A
P36..1:90..2:36. 15:03:45.13 T  50 33 36 0D 0A 31 3A 39 30 0D 0A 32 3A 33 36 0D
.3:76....172:P33 15:03:45.13 T  0A 33 3A 37 36 0D 0A 0D 0A 31 37 32 3A 50 33 33
..1:76..2:35..3: 15:03:45.13 T  0D 0A 31 3A 37 36 0D 0A 32 3A 33 35 0D 0A 33 3A
76....173:P35..1 15:03:45.13 T  37 36 0D 0A 0D 0A 31 37 33 3A 50 33 35 0D 0A 31
:68..2:94..3:91. 15:03:45.13 T  3A 36 38 0D 0A 32 3A 39 34 0D 0A 33 3A 39 31 0D
...174:P36..1:91 15:03:45.13 T  0A 0D 0A 31 37 34 3A 50 33 36 0D 0A 31 3A 39 31
..2:38..3:77...  15:03:45.13 T  0D 0A 32 3A 33 38 0D 0A 33 3A 37 37 0D 03 03
..Q.<            15:03:45.13 R  03 03 51 BE 3C
.                15:03:45.13 T  04
.                15:03:45.19 T  04
..               15:03:45.19 R  04 04
<                15:03:45.85 R  3C
...175:P33..1:77 15:03:46.12 T  0A 0D 0A 31 37 35 3A 50 33 33 0D 0A 31 3A 37 37
..2:37..3:77.... 15:03:46.12 T  0D 0A 32 3A 33 37 0D 0A 33 3A 37 37 0D 0A 0D 0A
176:P31..1:72..2 15:03:46.12 T  31 37 36 3A 50 33 31 0D 0A 31 3A 37 32 0D 0A 32
:95....177:P31.. 15:03:46.12 T  3A 39 35 0D 0A 0D 0A 31 37 37 3A 50 33 31 0D 0A
1:73..2:96....17 15:03:46.12 T  31 3A 37 33 0D 0A 32 3A 39 36 0D 0A 0D 0A 31 37
8:P20..1:9010..2 15:03:46.12 T  38 3A 50 32 30 0D 0A 31 3A 39 30 31 30 0D 0A 32
:1199....179:P86 15:03:46.12 T  3A 31 31 39 39 0D 0A 0D 0A 31 37 39 3A 50 38 36
..1:78....180:P9 15:03:46.12 T  0D 0A 31 3A 37 38 0D 0A 0D 0A 31 38 30 3A 50 39
5....181:P89..1: 15:03:46.12 T  35 0D 0A 0D 0A 31 38 31 3A 50 38 39 0D 0A 31 3A
29..2:1..3:8..4: 15:03:46.12 T  32 39 0D 0A 32 3A 31 0D 0A 33 3A 38 0D 0A 34 3A
30....182:P20..1 15:03:46.12 T  33 30 0D 0A 0D 0A 31 38 32 3A 50 32 30 0D 0A 31
:9010..2:1099... 15:03:46.12 T  3A 39 30 31 30 0D 0A 32 3A 31 30 39 39 0D 0A 0D
.183:P86..1:78.. 15:03:46.12 T  0A 31 38 33 3A 50 38 36 0D 0A 31 3A 37 38 0D 0A
..184:P35..1:72. 15:03:46.12 T  0D 0A 31 38 34 3A 50 33 35 0D 0A 31 3A 37 32 0D
.2:95..3:97....  15:03:46.12 T  0A 32 3A 39 35 0D 0A 33 3A 39 37 0D 0A 03 03
....<            15:03:46.12 R  03 03 9F 9A 3C
..               15:03:46.12 T  04 04
..               15:03:46.18 R  04 04
<                15:03:46.84 R  3C
..185:P36..1:97. 15:03:47.11 T  0D 0A 31 38 35 3A 50 33 36 0D 0A 31 3A 39 37 0D
.2:46..3:81....1 15:03:47.11 T  0A 32 3A 34 36 0D 0A 33 3A 38 31 0D 0A 0D 0A 31
86:P33..1:81..2: 15:03:47.11 T  38 36 3A 50 33 33 0D 0A 31 3A 38 31 0D 0A 32 3A
45..3:81....187: 15:03:47.11 T  34 35 0D 0A 33 3A 38 31 0D 0A 0D 0A 31 38 37 3A
P35..1:73..2:96. 15:03:47.11 T  50 33 35 0D 0A 31 3A 37 33 0D 0A 32 3A 39 36 0D
.3:98....188:P36 15:03:47.11 T  0A 33 3A 39 38 0D 0A 0D 0A 31 38 38 3A 50 33 36
..1:98..2:48..3: 15:03:47.11 T  0D 0A 31 3A 39 38 0D 0A 32 3A 34 38 0D 0A 33 3A
82....189:P33..1 15:03:47.11 T  38 32 0D 0A 0D 0A 31 38 39 3A 50 33 33 0D 0A 31
:82..2:47..3:82. 15:03:47.11 T  3A 38 32 0D 0A 32 3A 34 37 0D 0A 33 3A 38 32 0D
...190:P31..1:69 15:03:47.11 T  0A 0D 0A 31 39 30 3A 50 33 31 0D 0A 31 3A 36 39
..2:99....191:P3 15:03:47.11 T  0D 0A 32 3A 39 39 0D 0A 0D 0A 31 39 31 3A 50 33
1..1:70..2:100.. 15:03:47.11 T  31 0D 0A 31 3A 37 30 0D 0A 32 3A 31 30 30 0D 0A
..192:P31..1:71. 15:03:47.11 T  0D 0A 31 39 32 3A 50 33 31 0D 0A 31 3A 37 31 0D
.2:101....193:P2 15:03:47.11 T  0A 32 3A 31 30 31 0D 0A 0D 0A 31 39 33 3A 50 32
0..1:9010..2:..  15:03:47.11 T  30 0D 0A 31 3A 39 30 31 30 0D 0A 32 3A 03 03
....<            15:03:47.17 R  03 03 9E F6 3C
..               15:03:47.17 T  04 04
..               15:03:47.17 R  04 04
<                15:03:47.82 R  3C
0199....194:P86. 15:03:48.10 T  30 31 39 39 0D 0A 0D 0A 31 39 34 3A 50 38 36 0D
.1:78....195:P95 15:03:48.10 T  0A 31 3A 37 38 0D 0A 0D 0A 31 39 35 3A 50 39 35
....196:P89..1:2 15:03:48.10 T  0D 0A 0D 0A 31 39 36 3A 50 38 39 0D 0A 31 3A 32
9..2:1..3:12..4: 15:03:48.10 T  39 0D 0A 32 3A 31 0D 0A 33 3A 31 32 0D 0A 34 3A
30....197:P20..1 15:03:48.10 T  33 30 0D 0A 0D 0A 31 39 37 3A 50 32 30 0D 0A 31
:9010..2:0099... 15:03:48.10 T  3A 39 30 31 30 0D 0A 32 3A 30 30 39 39 0D 0A 0D
.198:P86..1:78.. 15:03:48.10 T  0A 31 39 38 3A 50 38 36 0D 0A 31 3A 37 38 0D 0A
..199:P35..1:69. 15:03:48.10 T  0D 0A 31 39 39 3A 50 33 35 0D 0A 31 3A 36 39 0D
.2:99..3:102.... 15:03:48.10 T  0A 32 3A 39 39 0D 0A 33 3A 31 30 32 0D 0A 0D 0A
200:P36..1:102.. 15:03:48.10 T  32 30 30 3A 50 33 36 0D 0A 31 3A 31 30 32 0D 0A
2:40..3:78....20 15:03:48.10 T  32 3A 34 30 0D 0A 33 3A 37 38 0D 0A 0D 0A 32 30
1:P33..1:78..2:3 15:03:48.10 T  31 3A 50 33 33 0D 0A 31 3A 37 38 0D 0A 32 3A 33
9..3:78....202:P 15:03:48.10 T  39 0D 0A 33 3A 37 38 0D 0A 0D 0A 32 30 32 3A 50
35..1:70..2:100. 15:03:48.10 T  33 35 0D 0A 31 3A 37 30 0D 0A 32 3A 31 30 30 0D
.3:103....203..  15:03:48.10 T  0A 33 3A 31 30 33 0D 0A 0D 0A 32 30 33 03 03
..Z.<            15:03:48.10 R  03 03 5A FA 3C
..               15:03:48.10 T  04 04
..               15:03:48.10 R  04 04
<                15:03:48.81 R  3C
:P36..1:103..2:4 15:03:49.09 T  3A 50 33 36 0D 0A 31 3A 31 30 33 0D 0A 32 3A 34
2..3:79....204:P 15:03:49.09 T  32 0D 0A 33 3A 37 39 0D 0A 0D 0A 32 30 34 3A 50
33..1:79..2:41.. 15:03:49.09 T  33 33 0D 0A 31 3A 37 39 0D 0A 32 3A 34 31 0D 0A
3:79....205:P35. 15:03:49.09 T  33 3A 37 39 0D 0A 0D 0A 32 30 35 3A 50 33 35 0D
.1:71..2:101..3: 15:03:49.09 T  0A 31 3A 37 31 0D 0A 32 3A 31 30 31 0D 0A 33 3A
104....206:P36.. 15:03:49.09 T  31 30 34 0D 0A 0D 0A 32 30 36 3A 50 33 36 0D 0A
1:104..2:44..3:8 15:03:49.09 T  31 3A 31 30 34 0D 0A 32 3A 34 34 0D 0A 33 3A 38
0....207:P33..1: 15:03:49.09 T  30 0D 0A 0D 0A 32 30 37 3A 50 33 33 0D 0A 31 3A
80..2:43..3:80.. 15:03:49.09 T  38 30 0D 0A 32 3A 34 33 0D 0A 33 3A 38 30 0D 0A
..208:P95....209 15:03:49.09 T  0D 0A 32 30 38 3A 50 39 35 0D 0A 0D 0A 32 30 39
:P32..1:29....21 15:03:49.09 T  3A 50 33 32 0D 0A 31 3A 32 39 0D 0A 0D 0A 32 31
0:P89..1:29..2:1 15:03:49.09 T  30 3A 50 38 39 0D 0A 31 3A 32 39 0D 0A 32 3A 31
..3:13..4:30.... 15:03:49.09 T  0D 0A 33 3A 31 33 0D 0A 34 3A 33 30 0D 0A 0D 0A
211:P30..1:0.0.. 15:03:49.09 T  32 31 31 3A 50 33 30 0D 0A 31 3A 30 2E 30 0D 0A
2:00..3:24.....  15:03:49.09 T  32 3A 30 30 0D 0A 33 3A 32 34 0D 0A 0D 03 03
....<            15:03:49.14 R  03 03 BC D2 3C
..               15:03:49.14 T  04 04
..               15:03:49.14 R  04 04
<                15:03:49.86 R  3C
.212:P30..1:0.0. 15:03:50.13 T  0A 32 31 32 3A 50 33 30 0D 0A 31 3A 30 2E 30 0D
.2:00..3:25....2 15:03:50.13 T  0A 32 3A 30 30 0D 0A 33 3A 32 35 0D 0A 0D 0A 32
13:P31..1:75..2: 15:03:50.13 T  31 33 3A 50 33 31 0D 0A 31 3A 37 35 0D 0A 32 3A
23....214:P86..1 15:03:50.13 T  32 33 0D 0A 0D 0A 32 31 34 3A 50 38 36 0D 0A 31
:01....215:P31.. 15:03:50.13 T  3A 30 31 0D 0A 0D 0A 32 31 35 3A 50 33 31 0D 0A
1:76..2:23....21 15:03:50.13 T  31 3A 37 36 0D 0A 32 3A 32 33 0D 0A 0D 0A 32 31
6:P86..1:01....2 15:03:50.13 T  36 3A 50 38 36 0D 0A 31 3A 30 31 0D 0A 0D 0A 32
17:P31..1:77..2: 15:03:50.13 T  31 37 3A 50 33 31 0D 0A 31 3A 37 37 0D 0A 32 3A
23....218:P86..1 15:03:50.13 T  32 33 0D 0A 0D 0A 32 31 38 3A 50 38 36 0D 0A 31
:01....219:P31.. 15:03:50.13 T  3A 30 31 0D 0A 0D 0A 32 31 39 3A 50 33 31 0D 0A
1:78..2:23....22 15:03:50.13 T  31 3A 37 38 0D 0A 32 3A 32 33 0D 0A 0D 0A 32 32
0:P86..1:01....2 15:03:50.13 T  30 3A 50 38 36 0D 0A 31 3A 30 31 0D 0A 0D 0A 32
21:P31..1:79..2: 15:03:50.13 T  32 31 3A 50 33 31 0D 0A 31 3A 37 39 0D 0A 32 3A
23....222:P86..1 15:03:50.13 T  32 33 0D 0A 0D 0A 32 32 32 3A 50 38 36 0D 0A 31
:01....223:P3..  15:03:50.13 T  3A 30 31 0D 0A 0D 0A 32 32 33 3A 50 33 03 03
..b.<            15:03:50.13 R  03 03 62 89 3C
..               15:03:50.13 T  04 04
..               15:03:50.13 R  04 04
<                15:03:50.85 R  3C
1..1:80..2:23... 15:03:51.12 T  31 0D 0A 31 3A 38 30 0D 0A 32 3A 32 33 0D 0A 0D
.224:P86..1:01.. 15:03:51.12 T  0A 32 32 34 3A 50 38 36 0D 0A 31 3A 30 31 0D 0A
..225:P31..1:81. 15:03:51.12 T  0D 0A 32 32 35 3A 50 33 31 0D 0A 31 3A 38 31 0D
.2:23....226:P86 15:03:51.12 T  0A 32 3A 32 33 0D 0A 0D 0A 32 32 36 3A 50 38 36
..1:01....227:P3 15:03:51.12 T  0D 0A 31 3A 30 31 0D 0A 0D 0A 32 32 37 3A 50 33
1..1:82..2:23... 15:03:51.12 T  31 0D 0A 31 3A 38 32 0D 0A 32 3A 32 33 0D 0A 0D
.228:P86..1:01.. 15:03:51.12 T  0A 32 32 38 3A 50 38 36 0D 0A 31 3A 30 31 0D 0A
..229:P38..1:24. 15:03:51.12 T  0D 0A 32 32 39 3A 50 33 38 0D 0A 31 3A 32 34 0D
.2:25..3:26....2 15:03:51.12 T  0A 32 3A 32 35 0D 0A 33 3A 32 36 0D 0A 0D 0A 32
30:P30..1:0.0..2 15:03:51.12 T  33 30 3A 50 33 30 0D 0A 31 3A 30 2E 30 0D 0A 32
:00..3:29....231 15:03:51.12 T  3A 30 30 0D 0A 33 3A 32 39 0D 0A 0D 0A 32 33 31
:P86..1:21....23 15:03:51.12 T  3A 50 38 36 0D 0A 31 3A 32 31 0D 0A 0D 0A 32 33
2:P95....233:P95 15:03:51.12 T  32 3A 50 39 35 0D 0A 0D 0A 32 33 33 3A 50 39 35
....234:P3..1:1. 15:03:51.12 T  0D 0A 0D 0A 32 33 34 3A 50 33 0D 0A 31 3A 31 0D
.2:1..3:2..4:..  15:03:51.12 T  0A 32 3A 31 0D 0A 33 3A 32 0D 0A 34 3A 03 03
..<.<            15:03:51.18 R  03 03 3C E8 3C
..               15:03:51.18 T  04 04
..               15:03:51.18 R  04 04
<                15:03:51.94 R  3C
28..5:.114..6:0. 15:03:52.22 T  32 38 0D 0A 35 3A 2E 31 31 34 0D 0A 36 3A 30 2E
0....235:P33..1: 15:03:52.22 T  30 0D 0A 0D 0A 32 33 35 3A 50 33 33 0D 0A 31 3A
27..2:28..3:27.. 15:03:52.22 T  32 37 0D 0A 32 3A 32 38 0D 0A 33 3A 32 37 0D 0A
..236:P91..1:13. 15:03:52.22 T  0D 0A 32 33 36 3A 50 39 31 0D 0A 31 3A 31 33 0D
.2:30....237:P88 15:03:52.22 T  0A 32 3A 33 30 0D 0A 0D 0A 32 33 37 3A 50 38 38
..1:84..2:1..3:3 15:03:52.22 T  0D 0A 31 3A 38 34 0D 0A 32 3A 31 0D 0A 33 3A 33
1..4:11....238:P 15:03:52.22 T  31 0D 0A 34 3A 31 31 0D 0A 0D 0A 32 33 38 3A 50
89..1:114..2:1.. 15:03:52.22 T  38 39 0D 0A 31 3A 31 31 34 0D 0A 32 3A 31 0D 0A
3:1..4:30....239 15:03:52.22 T  33 3A 31 0D 0A 34 3A 33 30 0D 0A 0D 0A 32 33 39
:P88..1:74..2:4. 15:03:52.22 T  3A 50 38 38 0D 0A 31 3A 37 34 0D 0A 32 3A 34 0D
.3:115..4:30.... 15:03:52.22 T  0A 33 3A 31 31 35 0D 0A 34 3A 33 30 0D 0A 0D 0A
240:P88..1:117.. 15:03:52.22 T  32 34 30 3A 50 38 38 0D 0A 31 3A 31 31 37 0D 0A
2:4..3:116..4:30 15:03:52.22 T  32 3A 34 0D 0A 33 3A 31 31 36 0D 0A 34 3A 33 30
....241:P20..1:9 15:03:52.22 T  0D 0A 0D 0A 32 34 31 3A 50 32 30 0D 0A 31 3A 39
100..2:0199....  15:03:52.22 T  31 30 30 0D 0A 32 3A 30 31 39 39 0D 0A 03 03
....<            15:03:52.22 R  03 03 E1 E5 3C
..               15:03:52.22 T  04 04
..               15:03:52.22 R  04 04
<                15:03:52.93 R  3C
..242:P86..1:78. 15:03:53.21 T  0D 0A 32 34 32 3A 50 38 36 0D 0A 31 3A 37 38 0D
...243:P20..1:90 15:03:53.21 T  0A 0D 0A 32 34 33 3A 50 32 30 0D 0A 31 3A 39 30
11..2:0199....24 15:03:53.21 T  31 31 0D 0A 32 3A 30 31 39 39 0D 0A 0D 0A 32 34
4:P86..1:78....2 15:03:53.21 T  34 3A 50 38 36 0D 0A 31 3A 37 38 0D 0A 0D 0A 32
45:P86..1:12.... 15:03:53.21 T  34 35 3A 50 38 36 0D 0A 31 3A 31 32 0D 0A 0D 0A
246:P95....247:P 15:03:53.21 T  32 34 36 3A 50 39 35 0D 0A 0D 0A 32 34 37 3A 50
95....248:P95... 15:03:53.21 T  39 35 0D 0A 0D 0A 32 34 38 3A 50 39 35 0D 0A 0D
.249:P91..1:12.. 15:03:53.21 T  0A 32 34 39 3A 50 39 31 0D 0A 31 3A 31 32 0D 0A
2:30....250:P88. 15:03:53.21 T  32 3A 33 30 0D 0A 0D 0A 32 35 30 3A 50 38 38 0D
.1:27..2:3..3:49 15:03:53.21 T  0A 31 3A 32 37 0D 0A 32 3A 33 0D 0A 33 3A 34 39
..4:30....251:P2 15:03:53.21 T  0D 0A 34 3A 33 30 0D 0A 0D 0A 32 35 31 3A 50 32
0..1:9011..2:009 15:03:53.21 T  30 0D 0A 31 3A 39 30 31 31 0D 0A 32 3A 30 30 39
9....252:P86..1: 15:03:53.21 T  39 0D 0A 0D 0A 32 35 32 3A 50 38 36 0D 0A 31 3A
78....253:P33..1 15:03:53.21 T  37 38 0D 0A 0D 0A 32 35 33 3A 50 33 33 0D 0A 31
:74..2:27..3:..  15:03:53.21 T  3A 37 34 0D 0A 32 3A 32 37 0D 0A 33 3A 03 03
..*%<            15:03:53.21 R  03 03 2A 25 3C
..               15:03:53.21 T  04 04
..               15:03:53.21 R  04 04
<                15:03:53.98 R  3C
74....254:P32..1 15:03:54.25 T  37 34 0D 0A 0D 0A 32 35 34 3A 50 33 32 0D 0A 31
:117....255:P86. 15:03:54.25 T  3A 31 31 37 0D 0A 0D 0A 32 35 35 3A 50 38 36 0D
.1:22....256:P30 15:03:54.25 T  0A 31 3A 32 32 0D 0A 0D 0A 32 35 36 3A 50 33 30
..1:0.0..2:00..3 15:03:54.25 T  0D 0A 31 3A 30 2E 30 0D 0A 32 3A 30 30 0D 0A 33
:27....257:P95.. 15:03:54.25 T  3A 32 37 0D 0A 0D 0A 32 35 37 3A 50 39 35 0D 0A
..258:P95....259 15:03:54.25 T  0D 0A 32 35 38 3A 50 39 35 0D 0A 0D 0A 32 35 39
:P95....260:P88. 15:03:54.25 T  3A 50 39 35 0D 0A 0D 0A 32 36 30 3A 50 38 38 0D
.1:84..2:1..3:30 15:03:54.25 T  0A 31 3A 38 34 0D 0A 32 3A 31 0D 0A 33 3A 33 30
..4:2......MODE  15:03:54.25 T  0D 0A 34 3A 32 0D 0A 0D 0A 0D 0A 4D 4F 44 45 20
2..SCAN RATE 0.. 15:03:54.25 T  32 0D 0A 53 43 41 4E 20 52 41 54 45 20 30 0D 0A
....MODE 3..1:P8 15:03:54.25 T  0D 0A 0D 0A 4D 4F 44 45 20 33 0D 0A 31 3A 50 38
5..1:01....2:P88 15:03:54.25 T  35 0D 0A 31 3A 30 31 0D 0A 0D 0A 32 3A 50 38 38
..1:20..2:4..3:2 15:03:54.25 T  0D 0A 31 3A 32 30 0D 0A 32 3A 34 0D 0A 33 3A 32
3..4:30....3:P88 15:03:54.25 T  33 0D 0A 34 3A 33 30 0D 0A 0D 0A 33 3A 50 38 38
..1:23..2:4....  15:03:54.25 T  0D 0A 31 3A 32 33 0D 0A 32 3A 34 0D 0A 03 03
....<            15:03:54.25 R  03 03 C0 99 3C
..               15:03:54.25 T  04 04
..               15:03:54.25 R  04 04
<                15:03:55.13 R  3C
3:21..4:30....4: 15:03:55.40 T  33 3A 32 31 0D 0A 34 3A 33 30 0D 0A 0D 0A 34 3A
P33..1:24..2:23. 15:03:55.40 T  50 33 33 0D 0A 31 3A 32 34 0D 0A 32 3A 32 33 0D
.3:24....5:P32.. 15:03:55.40 T  0A 33 3A 32 34 0D 0A 0D 0A 35 3A 50 33 32 0D 0A
1:25....6:P95... 15:03:55.40 T  31 3A 32 35 0D 0A 0D 0A 36 3A 50 39 35 0D 0A 0D
.7:P95....8:P95. 15:03:55.40 T  0A 37 3A 50 39 35 0D 0A 0D 0A 38 3A 50 39 35 0D
...9:P85..1:02.. 15:03:55.40 T  0A 0D 0A 39 3A 50 38 35 0D 0A 31 3A 30 32 0D 0A
..10:P86..1:10.. 15:03:55.40 T  0D 0A 31 30 3A 50 38 36 0D 0A 31 3A 31 30 0D 0A
..11:P80..1:01.. 15:03:55.40 T  0D 0A 31 31 3A 50 38 30 0D 0A 31 3A 30 31 0D 0A
2:11....12:P77.. 15:03:55.40 T  32 3A 31 31 0D 0A 0D 0A 31 32 3A 50 37 37 0D 0A
1:1110....13:P70 15:03:55.40 T  31 3A 31 31 31 30 0D 0A 0D 0A 31 33 3A 50 37 30
..1:8..2:75....1 15:03:55.40 T  0D 0A 31 3A 38 0D 0A 32 3A 37 35 0D 0A 0D 0A 31
4:P70..1:8..2:66 15:03:55.40 T  34 3A 50 37 30 0D 0A 31 3A 38 0D 0A 32 3A 36 36
....15:P70..1:4. 15:03:55.40 T  0D 0A 0D 0A 31 35 3A 50 37 30 0D 0A 31 3A 34 0D
.2:62....16:P70. 15:03:55.40 T  0A 32 3A 36 32 0D 0A 0D 0A 31 36 3A 50 37 30 0D
.1:1..2:74.....  15:03:55.40 T  0A 31 3A 31 0D 0A 32 3A 37 34 0D 0A 0D 03 03
...4<            15:03:55.40 R  03 03 0B 34 3C
..               15:03:55.40 T  04 04
..               15:03:55.40 R  04 04
<                15:03:56.12 R  3C
.17:P70..1:5..2: 15:03:56.34 T  0A 31 37 3A 50 37 30 0D 0A 31 3A 35 0D 0A 32 3A
53....18:P70..1: 15:03:56.34 T  35 33 0D 0A 0D 0A 31 38 3A 50 37 30 0D 0A 31 3A
1..2:51....19:P7 15:03:56.34 T  31 0D 0A 32 3A 35 31 0D 0A 0D 0A 31 39 3A 50 37
0..1:1..2:52.... 15:03:56.34 T  30 0D 0A 31 3A 31 0D 0A 32 3A 35 32 0D 0A 0D 0A
20:P70..1:3..2:5 15:03:56.34 T  32 30 3A 50 37 30 0D 0A 31 3A 33 0D 0A 32 3A 35
8....21:P71..1:5 15:03:56.34 T  38 0D 0A 0D 0A 32 31 3A 50 37 31 0D 0A 31 3A 35
..2:1....22:P70. 15:03:56.34 T  0D 0A 32 3A 31 0D 0A 0D 0A 32 32 3A 50 37 30 0D
.1:1..2:26....23 15:03:56.34 T  0A 31 3A 31 0D 0A 32 3A 32 36 0D 0A 0D 0A 32 33
:P95......MODE 1 15:03:56.34 T  3A 50 39 35 0D 0A 0D 0A 0D 0A 4D 4F 44 45 20 31
0..1:117..2:64.. 15:03:56.34 T  30 0D 0A 31 3A 31 31 37 0D 0A 32 3A 36 34 0D 0A
3:0......MODE 12 15:03:56.34 T  33 3A 30 0D 0A 0D 0A 0D 0A 4D 4F 44 45 20 31 32
..1:0000..2:0000 15:03:56.34 T  0D 0A 31 3A 30 30 30 30 0D 0A 32 3A 30 30 30 30
..3:0000......   15:03:56.34 T  0D 0A 33 3A 30 30 30 30 0D 0A 0D 0A 03 03
....<            15:03:56.34 R  03 03 86 AC 3C
..               15:03:56.34 T  05 05
..               15:03:56.34 R  05 05
..13:0000  ..>   15:04:03.92 R  0D 0A 31 33 3A 30 30 30 30 20 20 0D 0A 3E
*                15:04:03.92 T  2A
..MODE           15:04:03.97 R  0D 0A 4D 4F 44 45 20
0                15:04:03.97 T  30
00..LOG 1..*     15:04:03.97 R  30 30 0D 0A 4C 4F 47 20 31 0D 0A 2A
2413J.           15:04:05.57 T  32 34 31 33 4A 0D
2413J..<         15:04:05.62 R  32 34 31 33 4A 0D 0A 3C
.@............   15:04:05.62 T  00 40 00 01 02 03 04 05 06 07 08 09 0A 00
.@............   15:04:05.62 R  00 40 00 01 02 03 04 05 06 07 08 09 0A 00
K.               15:04:05.62 T  4B 0D
K............... 15:04:05.68 R  4B 0D 0A 03 87 01 F0 00 00 00 00 00 00 00 00 00
................ 15:04:05.68 R  00 00 00 00 00 00 00 00 00 00 00 00 00 00 00 00
................ 15:04:05.68 R  00 00 00 00 00 00 00 00 00 00 00 00 00 00 00 00
...P.            15:04:05.73 R  00 7F 00 50 8F
C.               15:04:05.73 T  43 0D
C.. Y01 D0017  T 15:04:05.73 R  43 0D 0A 20 59 30 31 20 44 30 30 31 37 20 20 54
15:03:49 C1281   15:04:05.79 R  31 35 3A 30 33 3A 34 39 20 43 31 32 38 31 20 20
..*              15:04:05.79 R  0D 0A 2A
K.               15:04:05.79 T  4B 0D
K............... 15:04:05.79 R  4B 0D 0A 03 87 01 F1 00 00 00 00 00 00 00 00 00
................ 15:04:05.79 R  00 00 00 00 00 00 00 00 00 00 00 00 00 00 00 00
................ 15:04:05.84 R  00 00 00 00 00 00 00 00 00 00 00 00 00 00 00 00
....,            15:04:05.84 R  00 7F 00 F8 2C
C.               15:04:05.90 T  43 0D
C.. Y01 D0017  T 15:04:05.90 R  43 0D 0A 20 59 30 31 20 44 30 30 31 37 20 20 54
15:03:49 C1281   15:04:05.95 R  31 35 3A 30 33 3A 34 39 20 43 31 32 38 31 20 20
..*              15:04:05.95 R  0D 0A 2A
K.               15:04:06.00 T  4B 0D
K............... 15:04:06.00 R  4B 0D 0A 03 87 01 F4 00 00 00 00 00 00 00 00 00
................ 15:04:06.00 R  00 00 00 00 00 00 00 00 00 00 00 00 00 00 00 00
................ 15:04:06.06 R  00 00 00 00 00 00 00 00 00 00 00 00 00 00 00 00
....k            15:04:06.06 R  00 7F 00 B3 6B
E                15:04:06.72 T  45
E                15:04:06.72 R  45
.                15:04:06.72 T  0D
.                15:04:06.72 R  0D
