..               19:18:05.47 T  0D 0D
..*              19:18:05.58 R  0D 0A 2A
1A.              19:18:05.74 T  31 41 0D
1A.. R+30505. F+ 19:18:05.74 R  31 41 0D 0A 20 52 2B 33 30 35 30 35 2E 20 46 2B
30504. V4 A1 L+3 19:18:05.74 R  33 30 35 30 34 2E 20 56 34 20 41 31 20 4C 2B 33
0505. E99 00 30  19:18:05.80 R  30 35 30 35 2E 20 45 39 39 20 30 30 20 33 30 20
M0256   B+3.1114 19:18:05.80 R  4D 30 32 35 36 20 20 20 42 2B 33 2E 31 31 31 34
 C3190  ..*      19:18:05.80 R  20 43 33 31 39 30 20 20 0D 0A 2A
2413J.           19:18:05.80 T  32 34 31 33 4A 0D
2413J..<         19:18:05.80 R  32 34 31 33 4A 0D 0A 3C
.@............   19:18:05.85 T  00 40 00 01 02 03 04 05 06 07 08 09 0A 00
.@............   19:18:05.85 R  00 40 00 01 02 03 04 05 06 07 08 09 0A 00
K.               19:18:06.07 T  4B 0D
K.....4......... 19:18:06.13 R  4B 0D 0A 04 86 00 34 80 02 FF FF FF FF FF FF FF
...DX......+.E.. 19:18:06.13 R  FF C6 A8 44 58 CA 9C EF 18 C9 83 2B D4 45 C2 10
x............... 19:18:06.13 R  78 FF FF FF FF 00 00 00 00 00 00 00 00 00 00 00
....T            19:18:06.13 R  00 7F 00 7F 54
C.               19:18:06.24 T  43 0D
C.. Y01 D0012  T 19:18:06.29 R  43 0D 0A 20 59 30 31 20 44 30 30 31 32 20 20 54
19:18:05 C1278   19:18:06.29 R  31 39 3A 31 38 3A 30 35 20 43 31 32 37 38 20 20
..*              19:18:06.29 R  0D 0A 2A
K.               19:18:06.35 T  4B 0D
K.....5......... 19:18:06.35 R  4B 0D 0A 04 86 00 35 80 02 FF FF FF FF FF FF FF
...DX......+.E.. 19:18:06.35 R  FF C6 A8 44 58 CA 9C EF 18 C9 83 2B D4 45 C2 10
x............... 19:18:06.35 R  78 FF FF FF FF 00 00 00 00 00 00 00 00 00 00 00
.....            19:18:06.40 R  00 7F 00 18 F6
C.               19:18:10.58 T  43 0D
C.. Y01 D0012  T 19:18:10.58 R  43 0D 0A 20 59 30 31 20 44 30 30 31 32 20 20 54
19:18:09 C1282   19:18:10.58 R  31 39 3A 31 38 3A 30 39 20 43 31 32 38 32 20 20
..*              19:18:10.63 R  0D 0A 2A
K.               19:18:10.63 T  4B 0D
K.....a......... 19:18:10.63 R  4B 0D 0A 04 86 00 61 80 02 FF FF FF FF FF FF FF
...DX......+.E.. 19:18:10.63 R  FF C6 A8 44 58 CA 9C EF 18 C9 83 2B D4 45 C2 10
x............... 19:18:10.69 R  78 FF FF FF FF 00 00 00 00 00 00 00 00 00 00 00
.....            19:18:10.69 R  00 7F 00 DF 9A
7H.              19:18:10.69 T  37 48 0D
7H....>          19:18:10.69 R  37 48 0D 0A 0D 0A 3E
*                19:18:10.74 T  2A
..MODE           19:18:10.74 R  0D 0A 4D 4F 44 45 20
D                19:18:10.74 T  44
13..MODE         19:18:10.74 R  31 33 0D 0A 4D 4F 44 45 20
D                19:18:10.74 T  44
13..MODE         19:18:10.74 R  31 33 0D 0A 4D 4F 44 45 20
D                19:18:10.80 T  44
13..MODE         19:18:10.80 R  31 33 0D 0A 4D 4F 44 45 20
E                19:18:11.12 T  45
E                19:18:11.62 T  45
B r e a k - - - - - - - - - - - - - - - -
...              19:18:12.28 T  0D 0D 0D
.                19:18:12.61 T  0D
.                19:18:13.32 T  0D
.                19:18:14.04 T  0D
.                19:18:14.75 T  0D
.                19:18:15.46 T  0D
.                19:18:16.18 T  0D
.                19:18:16.89 T  0D
.                19:18:17.61 T  0D
..               19:18:18.32 T  05 05
.                19:18:19.03 T  0D
*0               19:18:19.75 T  2A 30
14..MODE 00..LOG 19:18:19.75 R  31 34 0D 0A 4D 4F 44 45 20 30 30 0D 0A 4C 4F 47
 1..*            19:18:19.75 R  20 31 0D 0A 2A
E                19:18:20.08 T  45
E                19:18:20.08 R  45
.                19:18:20.08 T  0D
.                19:18:20.08 R  0D
