B r e a k - - - - - - - - - - - - - - - -
...              14:09:58.75 T  0D 0D 0D
.                14:09:59.08 T  0D
.                14:09:59.80 T  0D
.                14:10:00.51 T  0D
.                14:10:01.23 T  0D
.                14:10:01.94 T  0D
.                14:10:02.65 T  0D
.                14:10:03.37 T  0D
.                14:10:04.08 T  0D
..               14:10:04.80 T  05 05
.                14:10:05.51 T  0D
*0               14:10:06.22 T  2A 30
14..MODE 00      14:10:06.22 R  31 34 0D 0A 4D 4F 44 45 20 30 30
.                14:10:06.94 T  0D
..E22 101..>..>  14:10:07.32 R  0D 0A 45 32 32 20 31 30 31 0D 0A 3E 0D 0A 3E
*                14:10:07.32 T  2A
..MODE           14:10:07.38 R  0D 0A 4D 4F 44 45 20
0                14:10:07.38 T  30
00               14:10:07.38 R  30 30
..E22 10         14:10:08.42 R  0D 0A 45 32 32 20 31 30
1..>             14:10:08.48 R  31 0D 0A 3E
*                14:10:08.70 T  2A
..MODE           14:10:08.70 R  0D 0A 4D 4F 44 45 20
1                14:10:08.81 T  31
01..MODE         14:10:08.81 R  30 31 0D 0A 4D 4F 44 45 20
.                14:10:11.83 T  0D
.                14:10:12.54 T  0D
.                14:10:13.26 T  0D
.                14:10:13.97 T  0D
.                14:10:14.68 T  0D
.                14:10:15.40 T  0D
.                14:10:16.11 T  0D
E                14:10:17.10 T  45
E                14:10:17.59 T  45
B r e a k - - - - - - - - - - - - - - - -
.                14:10:18.53 T  0D
...              14:10:18.64 T  0D 0D 0D
.                14:10:19.57 T  0D
.                14:10:20.29 T  0D
.                14:10:21.00 T  0D
.                14:10:21.71 T  0D
.                14:10:22.43 T  0D
.                14:10:23.14 T  0D
.                14:10:23.86 T  0D
..               14:10:24.57 T  05 05
.                14:10:25.28 T  0D
*0               14:10:26.00 T  2A 30
14..MODE 00      14:10:26.00 R  31 34 0D 0A 4D 4F 44 45 20 30 30
.                14:10:26.71 T  0D
..E22 101..>..>  14:10:27.10 R  0D 0A 45 32 32 20 31 30 31 0D 0A 3E 0D 0A 3E
*                14:10:27.10 T  2A
..MODE           14:10:27.10 R  0D 0A 4D 4F 44 45 20
0                14:10:27.10 T  30
00               14:10:27.10 R  30 30
..E22 101..>     14:10:28.19 R  0D 0A 45 32 32 20 31 30 31 0D 0A 3E
*                14:10:28.41 T  2A
..MODE           14:10:28.41 R  0D 0A 4D 4F 44 45 20
1                14:10:28.52 T  31
01..MODE         14:10:28.52 R  30 31 0D 0A 4D 4F 44 45 20
.                14:10:31.55 T  0D
.                14:10:32.26 T  0D
.                14:10:32.97 T  0D
.                14:10:33.69 T  0D
.                14:10:34.40 T  0D
.                14:10:35.12 T  0D
.                14:10:35.83 T  0D
E                14:10:36.71 T  45
E                14:10:37.20 T  45
.                14:10:37.20 R  FF
B r e a k - - - - - - - - - - - - - - - -
.                14:10:38.03 T  0D
..*              14:10:38.03 R  0D 0A 2A
1A.              14:10:38.19 T  31 41 0D
1A.. R+4921. F+4 14:10:38.19 R  31 41 0D 0A 20 52 2B 34 39 32 31 2E 20 46 2B 34
920. V5 A1 L+492 14:10:38.19 R  39 32 30 2E 20 56 35 20 41 31 20 4C 2B 34 39 32
1. E03 00 80 M23 14:10:38.30 R  31 2E 20 45 30 33 20 30 30 20 38 30 20 4D 32 33
04   B+3.1456 C3 14:10:38.30 R  30 34 20 20 20 42 2B 33 2E 31 34 35 36 20 43 33
051  ..*         14:10:38.30 R  30 35 31 20 20 0D 0A 2A
2413J.           14:10:38.36 T  32 34 31 33 4A 0D
2413J..<         14:10:38.41 R  32 34 31 33 4A 0D 0A 3C
.@.>?@ABCDEFGHIJ 14:10:38.41 T  00 40 00 3E 3F 40 41 42 43 44 45 46 47 48 49 4A
KLMNOPQRSTUVWXYZ 14:10:38.41 T  4B 4C 4D 4E 4F 50 51 52 53 54 55 56 57 58 59 5A
[\]^_`abcdefghij 14:10:38.47 T  5B 5C 5D 5E 5F 60 61 62 63 64 65 66 67 68 69 6A
klmnopqrstuvwxy. 14:10:38.47 T  6B 6C 6D 6E 6F 70 71 72 73 74 75 76 77 78 79 00
.@.>?@ABCDEFGHIJ 14:10:39.07 R  00 40 00 3E 3F 40 41 42 43 44 45 46 47 48 49 4A
KLMNOPQRSTUVWXYZ 14:10:39.07 R  4B 4C 4D 4E 4F 50 51 52 53 54 55 56 57 58 59 5A
[\]^_`abcdefghij 14:10:39.07 R  5B 5C 5D 5E 5F 60 61 62 63 64 65 66 67 68 69 6A
klmnopqrstuvwxy. 14:10:39.07 R  6B 6C 6D 6E 6F 70 71 72 73 74 75 76 77 78 79 00
K                14:10:39.07 T  4B
K                14:10:39.07 R  4B
.                14:10:39.07 T  0D
..... ."........ 14:10:39.13 R  0D 0A 00 04 01 20 84 22 00 00 00 00 00 00 00 00
................ 14:10:39.13 R  00 00 00 00 00 00 00 00 00 00 00 00 00 00 00 00
................ 14:10:39.13 R  00 00 00 00 00 00 00 00 00 00 00 00 00 00 00 00
................ 14:10:39.18 R  00 00 00 00 00 00 00 00 00 00 00 00 00 00 00 00
................ 14:10:39.18 R  00 00 00 00 00 00 00 00 00 00 00 00 00 00 00 00
................ 14:10:39.18 R  00 00 00 00 00 00 00 00 00 00 00 00 00 00 00 00
................ 14:10:39.18 R  00 00 00 00 00 00 00 00 00 00 00 00 00 00 00 00
................ 14:10:39.23 R  00 00 00 00 00 00 00 00 00 00 00 00 00 00 00 00
................ 14:10:39.23 R  00 00 00 00 00 00 00 00 00 00 00 00 00 00 00 00
................ 14:10:39.23 R  00 00 00 00 00 00 00 00 00 00 00 00 00 00 00 00
................ 14:10:39.29 R  00 00 00 00 00 00 00 00 00 00 00 00 00 00 00 00
................ 14:10:39.29 R  00 00 00 00 00 00 00 00 00 00 00 00 00 00 00 00
................ 14:10:39.29 R  00 00 00 00 00 00 00 00 00 00 00 00 00 00 00 00
................ 14:10:39.34 R  00 00 00 00 00 00 00 00 00 00 00 00 00 00 00 00
................ 14:10:39.34 R  00 00 00 00 00 00 00 00 00 00 00 00 00 00 00 00
............     14:10:39.34 R  00 00 00 00 00 00 00 00 7F 00 03 19
C                14:10:39.56 T  43
C                14:10:39.56 R  43
.                14:10:39.56 T  0D
.. Y00 D0002  T0 14:10:39.56 R  0D 0A 20 59 30 30 20 44 30 30 30 32 20 20 54 30
0:04:29 C1267  . 14:10:39.56 R  30 3A 30 34 3A 32 39 20 43 31 32 36 37 20 20 0D
.*               14:10:39.62 R  0A 2A
K                14:10:39.62 T  4B
K                14:10:39.62 R  4B
.                14:10:39.62 T  0D
.....'."........ 14:10:39.62 R  0D 0A 00 04 01 27 84 22 00 00 00 00 00 00 00 00
................ 14:10:39.67 R  00 00 00 00 00 00 00 00 00 00 00 00 00 00 00 00
................ 14:10:39.67 R  00 00 00 00 00 00 00 00 00 00 00 00 00 00 00 00
................ 14:10:39.67 R  00 00 00 00 00 00 00 00 00 00 00 00 00 00 00 00
................ 14:10:39.73 R  00 00 00 00 00 00 00 00 00 00 00 00 00 00 00 00
................ 14:10:39.73 R  00 00 00 00 00 00 00 00 00 00 00 00 00 00 00 00
................ 14:10:39.73 R  00 00 00 00 00 00 00 00 00 00 00 00 00 00 00 00
................ 14:10:39.73 R  00 00 00 00 00 00 00 00 00 00 00 00 00 00 00 00
................ 14:10:39.78 R  00 00 00 00 00 00 00 00 00 00 00 00 00 00 00 00
................ 14:10:39.78 R  00 00 00 00 00 00 00 00 00 00 00 00 00 00 00 00
................ 14:10:39.84 R  00 00 00 00 00 00 00 00 00 00 00 00 00 00 00 00
................ 14:10:39.84 R  00 00 00 00 00 00 00 00 00 00 00 00 00 00 00 00
................ 14:10:39.84 R  00 00 00 00 00 00 00 00 00 00 00 00 00 00 00 00
................ 14:10:39.84 R  00 00 00 00 00 00 00 00 00 00 00 00 00 00 00 00
................ 14:10:39.89 R  00 00 00 00 00 00 00 00 00 00 00 00 00 00 00 00
............     14:10:39.89 R  00 00 00 00 00 00 00 00 7F 00 08 A9
C                14:10:39.95 T  43
C                14:10:39.95 R  43
.                14:10:39.95 T  0D
.. Y00 D0002  T0 14:10:39.95 R  0D 0A 20 59 30 30 20 44 30 30 30 32 20 20 54 30
0:04:29 C1267  . 14:10:39.95 R  30 3A 30 34 3A 32 39 20 43 31 32 36 37 20 20 0D
.*               14:10:40.00 R  0A 2A
K                14:10:40.22 T  4B
K                14:10:40.22 R  4B
.                14:10:40.22 T  0D
.....-."........ 14:10:40.28 R  0D 0A 00 04 01 2D 84 22 00 00 00 00 00 00 00 00
................ 14:10:40.28 R  00 00 00 00 00 00 00 00 00 00 00 00 00 00 00 00
................ 14:10:40.28 R  00 00 00 00 00 00 00 00 00 00 00 00 00 00 00 00
................ 14:10:40.33 R  00 00 00 00 00 00 00 00 00 00 00 00 00 00 00 00
................ 14:10:40.33 R  00 00 00 00 00 00 00 00 00 00 00 00 00 00 00 00
................ 14:10:40.33 R  00 00 00 00 00 00 00 00 00 00 00 00 00 00 00 00
................ 14:10:40.33 R  00 00 00 00 00 00 00 00 00 00 00 00 00 00 00 00
................ 14:10:40.39 R  00 00 00 00 00 00 00 00 00 00 00 00 00 00 00 00
................ 14:10:40.39 R  00 00 00 00 00 00 00 00 00 00 00 00 00 00 00 00
................ 14:10:40.44 R  00 00 00 00 00 00 00 00 00 00 00 00 00 00 00 00
................ 14:10:40.44 R  00 00 00 00 00 00 00 00 00 00 00 00 00 00 00 00
................ 14:10:40.44 R  00 00 00 00 00 00 00 00 00 00 00 00 00 00 00 00
................ 14:10:40.44 R  00 00 00 00 00 00 00 00 00 00 00 00 00 00 00 00
................ 14:10:40.50 R  00 00 00 00 00 00 00 00 00 00 00 00 00 00 00 00
................ 14:10:40.50 R  00 00 00 00 00 00 00 00 00 00 00 00 00 00 00 00
............     14:10:40.50 R  00 00 00 00 00 00 00 00 7F 00 07 D8
C                14:10:40.77 T  43
C                14:10:40.77 R  43
.                14:10:40.77 T  0D
.. Y00 D0002  T0 14:10:40.83 R  0D 0A 20 59 30 30 20 44 30 30 30 32 20 20 54 30
0:04:30 C1259  . 14:10:40.83 R  30 3A 30 34 3A 33 30 20 43 31 32 35 39 20 20 0D
.*               14:10:40.83 R  0A 2A
K                14:10:41.16 T  4B
K                14:10:41.16 R  4B
.                14:10:41.16 T  0D
.....6."........ 14:10:41.21 R  0D 0A 00 04 01 36 84 22 00 00 00 00 00 00 00 00
................ 14:10:41.21 R  00 00 00 00 00 00 00 00 00 00 00 00 00 00 00 00
................ 14:10:41.21 R  00 00 00 00 00 00 00 00 00 00 00 00 00 00 00 00
................ 14:10:41.27 R  00 00 00 00 00 00 00 00 00 00 00 00 00 00 00 00
................ 14:10:41.27 R  00 00 00 00 00 00 00 00 00 00 00 00 00 00 00 00
................ 14:10:41.27 R  00 00 00 00 00 00 00 00 00 00 00 00 00 00 00 00
................ 14:10:41.32 R  00 00 00 00 00 00 00 00 00 00 00 00 00 00 00 00
................ 14:10:41.32 R  00 00 00 00 00 00 00 00 00 00 00 00 00 00 00 00
................ 14:10:41.32 R  00 00 00 00 00 00 00 00 00 00 00 00 00 00 00 00
................ 14:10:41.32 R  00 00 00 00 00 00 00 00 00 00 00 00 00 00 00 00
................ 14:10:41.38 R  00 00 00 00 00 00 00 00 00 00 00 00 00 00 00 00
................ 14:10:41.38 R  00 00 00 00 00 00 00 00 00 00 00 00 00 00 00 00
................ 14:10:41.38 R  00 00 00 00 00 00 00 00 00 00 00 00 00 00 00 00
................ 14:10:41.43 R  00 00 00 00 00 00 00 00 00 00 00 00 00 00 00 00
................ 14:10:41.43 R  00 00 00 00 00 00 00 00 00 00 00 00 00 00 00 00
..........2.     14:10:41.43 R  00 00 00 00 00 00 00 00 7F 00 32 80
C                14:10:41.82 T  43
C                14:10:41.82 R  43
.                14:10:41.82 T  0D
.. Y00 D0002  T0 14:10:41.87 R  0D 0A 20 59 30 30 20 44 30 30 30 32 20 20 54 30
0:04:31 C1260  . 14:10:41.87 R  30 3A 30 34 3A 33 31 20 43 31 32 36 30 20 20 0D
.*               14:10:41.87 R  0A 2A
K                14:10:42.20 T  4B
K                14:10:42.20 R  4B
.                14:10:42.20 T  0D
.....@."........ 14:10:42.26 R  0D 0A 00 04 01 40 84 22 00 00 00 00 00 00 00 00
................ 14:10:42.26 R  00 00 00 00 00 00 00 00 00 00 00 00 00 00 00 00
................ 14:10:42.26 R  00 00 00 00 00 00 00 00 00 00 00 00 00 00 00 00
................ 14:10:42.31 R  00 00 00 00 00 00 00 00 00 00 00 00 00 00 00 00
................ 14:10:42.31 R  00 00 00 00 00 00 00 00 00 00 00 00 00 00 00 00
................ 14:10:42.31 R  00 00 00 00 00 00 00 00 00 00 00 00 00 00 00 00
................ 14:10:42.31 R  00 00 00 00 00 00 00 00 00 00 00 00 00 00 00 00
................ 14:10:42.37 R  00 00 00 00 00 00 00 00 00 00 00 00 00 00 00 00
................ 14:10:42.37 R  00 00 00 00 00 00 00 00 00 00 00 00 00 00 00 00
................ 14:10:42.37 R  00 00 00 00 00 00 00 00 00 00 00 00 00 00 00 00
................ 14:10:42.42 R  00 00 00 00 00 00 00 00 00 00 00 00 00 00 00 00
................ 14:10:42.42 R  00 00 00 00 00 00 00 00 00 00 00 00 00 00 00 00
................ 14:10:42.42 R  00 00 00 00 00 00 00 00 00 00 00 00 00 00 00 00
................ 14:10:42.48 R  00 00 00 00 00 00 00 00 00 00 00 00 00 00 00 00
................ 14:10:42.48 R  00 00 00 00 00 00 00 00 00 00 00 00 00 00 00 00
..........*.     14:10:42.48 R  00 00 00 00 00 00 00 00 7F 00 2A C8
C                14:10:42.86 T  43
C                14:10:42.86 R  43
.                14:10:42.86 T  0D
.. Y00 D0002  T0 14:10:42.91 R  0D 0A 20 59 30 30 20 44 30 30 30 32 20 20 54 30
0:04:32 C1261  . 14:10:42.91 R  30 3A 30 34 3A 33 32 20 43 31 32 36 31 20 20 0D
.*               14:10:42.91 R  0A 2A
K                14:10:43.19 T  4B
K                14:10:43.19 R  4B
.                14:10:43.19 T  0D
.....J."........ 14:10:43.24 R  0D 0A 00 04 01 4A 84 22 00 00 00 00 00 00 00 00
................ 14:10:43.24 R  00 00 00 00 00 00 00 00 00 00 00 00 00 00 00 00
................ 14:10:43.24 R  00 00 00 00 00 00 00 00 00 00 00 00 00 00 00 00
................ 14:10:43.30 R  00 00 00 00 00 00 00 00 00 00 00 00 00 00 00 00
................ 14:10:43.30 R  00 00 00 00 00 00 00 00 00 00 00 00 00 00 00 00
................ 14:10:43.30 R  00 00 00 00 00 00 00 00 00 00 00 00 00 00 00 00
................ 14:10:43.35 R  00 00 00 00 00 00 00 00 00 00 00 00 00 00 00 00
................ 14:10:43.35 R  00 00 00 00 00 00 00 00 00 00 00 00 00 00 00 00
................ 14:10:43.35 R  00 00 00 00 00 00 00 00 00 00 00 00 00 00 00 00
................ 14:10:43.41 R  00 00 00 00 00 00 00 00 00 00 00 00 00 00 00 00
................ 14:10:43.41 R  00 00 00 00 00 00 00 00 00 00 00 00 00 00 00 00
................ 14:10:43.41 R  00 00 00 00 00 00 00 00 00 00 00 00 00 00 00 00
................ 14:10:43.41 R  00 00 00 00 00 00 00 00 00 00 00 00 00 00 00 00
................ 14:10:43.46 R  00 00 00 00 00 00 00 00 00 00 00 00 00 00 00 00
................ 14:10:43.46 R  00 00 00 00 00 00 00 00 00 00 00 00 00 00 00 00
...........L     14:10:43.46 R  00 00 00 00 00 00 00 00 7F 00 03 4C
C                14:10:43.90 T  43
C                14:10:43.96 R  43
.                14:10:43.96 T  0D
.. Y00 D0002  T0 14:10:43.96 R  0D 0A 20 59 30 30 20 44 30 30 30 32 20 20 54 30
0:04:33 C1262  . 14:10:43.96 R  30 3A 30 34 3A 33 33 20 43 31 32 36 32 20 20 0D
.*               14:10:43.96 R  0A 2A
K                14:10:44.18 T  4B
K                14:10:44.18 R  4B
.                14:10:44.23 T  0D
.....T."........ 14:10:44.23 R  0D 0A 00 04 01 54 84 22 00 00 00 00 00 00 00 00
................ 14:10:44.23 R  00 00 00 00 00 00 00 00 00 00 00 00 00 00 00 00
................ 14:10:44.23 R  00 00 00 00 00 00 00 00 00 00 00 00 00 00 00 00
................ 14:10:44.29 R  00 00 00 00 00 00 00 00 00 00 00 00 00 00 00 00
................ 14:10:44.29 R  00 00 00 00 00 00 00 00 00 00 00 00 00 00 00 00
................ 14:10:44.29 R  00 00 00 00 00 00 00 00 00 00 00 00 00 00 00 00
................ 14:10:44.34 R  00 00 00 00 00 00 00 00 00 00 00 00 00 00 00 00
................ 14:10:44.34 R  00 00 00 00 00 00 00 00 00 00 00 00 00 00 00 00
................ 14:10:44.34 R  00 00 00 00 00 00 00 00 00 00 00 00 00 00 00 00
................ 14:10:44.34 R  00 00 00 00 00 00 00 00 00 00 00 00 00 00 00 00
................ 14:10:44.40 R  00 00 00 00 00 00 00 00 00 00 00 00 00 00 00 00
................ 14:10:44.40 R  00 00 00 00 00 00 00 00 00 00 00 00 00 00 00 00
................ 14:10:44.40 R  00 00 00 00 00 00 00 00 00 00 00 00 00 00 00 00
................ 14:10:44.45 R  00 00 00 00 00 00 00 00 00 00 00 00 00 00 00 00
................ 14:10:44.45 R  00 00 00 00 00 00 00 00 00 00 00 00 00 00 00 00
..........b.     14:10:44.45 R  00 00 00 00 00 00 00 00 7F 00 62 91
C                14:10:44.95 T  43
C                14:10:45.00 R  43
.                14:10:45.00 T  0D
.. Y00 D0002  T0 14:10:45.00 R  0D 0A 20 59 30 30 20 44 30 30 30 32 20 20 54 30
0:04:34 C1263  . 14:10:45.00 R  30 3A 30 34 3A 33 34 20 43 31 32 36 33 20 20 0D
.*               14:10:45.00 R  0A 2A
K                14:10:45.17 T  4B
K                14:10:45.17 R  4B
.                14:10:45.17 T  0D
.....^."........ 14:10:45.22 R  0D 0A 00 04 01 5E 84 22 00 00 00 00 00 00 00 00
................ 14:10:45.22 R  00 00 00 00 00 00 00 00 00 00 00 00 00 00 00 00
................ 14:10:45.22 R  00 00 00 00 00 00 00 00 00 00 00 00 00 00 00 00
................ 14:10:45.28 R  00 00 00 00 00 00 00 00 00 00 00 00 00 00 00 00
................ 14:10:45.28 R  00 00 00 00 00 00 00 00 00 00 00 00 00 00 00 00
................ 14:10:45.28 R  00 00 00 00 00 00 00 00 00 00 00 00 00 00 00 00
................ 14:10:45.33 R  00 00 00 00 00 00 00 00 00 00 00 00 00 00 00 00
................ 14:10:45.33 R  00 00 00 00 00 00 00 00 00 00 00 00 00 00 00 00
................ 14:10:45.33 R  00 00 00 00 00 00 00 00 00 00 00 00 00 00 00 00
................ 14:10:45.33 R  00 00 00 00 00 00 00 00 00 00 00 00 00 00 00 00
................ 14:10:45.39 R  00 00 00 00 00 00 00 00 00 00 00 00 00 00 00 00
................ 14:10:45.39 R  00 00 00 00 00 00 00 00 00 00 00 00 00 00 00 00
................ 14:10:45.39 R  00 00 00 00 00 00 00 00 00 00 00 00 00 00 00 00
................ 14:10:45.44 R  00 00 00 00 00 00 00 00 00 00 00 00 00 00 00 00
................ 14:10:45.44 R  00 00 00 00 00 00 00 00 00 00 00 00 00 00 00 00
............     14:10:45.44 R  00 00 00 00 00 00 00 00 7F 00 88 DF
C                14:10:45.99 T  43
C                14:10:46.05 R  43
.                14:10:46.05 T  0D
.. Y00 D0002  T0 14:10:46.05 R  0D 0A 20 59 30 30 20 44 30 30 30 32 20 20 54 30
0:04:35 C1264  . 14:10:46.05 R  30 3A 30 34 3A 33 35 20 43 31 32 36 34 20 20 0D
.*               14:10:46.05 R  0A 2A
K                14:10:46.16 T  4B
K                14:10:46.21 R  4B
.                14:10:46.21 T  0D
.....h."........ 14:10:46.21 R  0D 0A 00 04 01 68 84 22 00 00 00 00 00 00 00 00
................ 14:10:46.27 R  00 00 00 00 00 00 00 00 00 00 00 00 00 00 00 00
................ 14:10:46.27 R  00 00 00 00 00 00 00 00 00 00 00 00 00 00 00 00
................ 14:10:46.27 R  00 00 00 00 00 00 00 00 00 00 00 00 00 00 00 00
................ 14:10:46.32 R  00 00 00 00 00 00 00 00 00 00 00 00 00 00 00 00
................ 14:10:46.32 R  00 00 00 00 00 00 00 00 00 00 00 00 00 00 00 00
................ 14:10:46.32 R  00 00 00 00 00 00 00 00 00 00 00 00 00 00 00 00
................ 14:10:46.32 R  00 00 00 00 00 00 00 00 00 00 00 00 00 00 00 00
................ 14:10:46.38 R  00 00 00 00 00 00 00 00 00 00 00 00 00 00 00 00
................ 14:10:46.38 R  00 00 00 00 00 00 00 00 00 00 00 00 00 00 00 00
................ 14:10:46.43 R  00 00 00 00 00 00 00 00 00 00 00 00 00 00 00 00
................ 14:10:46.43 R  00 00 00 00 00 00 00 00 00 00 00 00 00 00 00 00
................ 14:10:46.43 R  00 00 00 00 00 00 00 00 00 00 00 00 00 00 00 00
................ 14:10:46.43 R  00 00 00 00 00 00 00 00 00 00 00 00 00 00 00 00
................ 14:10:46.49 R  00 00 00 00 00 00 00 00 00 00 00 00 00 00 00 00
............     14:10:46.49 R  00 00 00 00 00 00 00 00 7F 00 E7 0F
E                14:10:47.09 T  45
E                14:10:47.09 R  45
.                14:10:47.09 T  0D
.                14:10:47.14 R  0D
