7H.              11:42:52.83 T  37 48 0D
7H....>          11:42:52.89 R  37 48 0D 0A 0D 0A 3E
*                11:42:52.89 T  2A
..MODE           11:42:52.89 R  0D 0A 4D 4F 44 45 20
D                11:42:52.89 T  44
13..13:00        11:42:52.89 R  31 33 0D 0A 31 33 3A 30 30 20 20
2                11:42:52.94 T  32
2                11:42:52.94 R  32
.                11:42:52.94 T  0D
..02:<           11:42:52.94 R  0D 0A 30 32 3A 3C
};CR10X..;WETUP1 11:42:53.22 T  7D 3B 43 52 31 30 58 0D 0A 3B 57 45 54 55 50 31
.DLD..;$..;:Cabi 11:42:53.22 T  2E 44 4C 44 0D 0A 3B 24 0D 0A 3B 3A 43 61 62 69
n_T  :Cabin_P  : 11:42:53.22 T  6E 5F 54 20 20 3A 43 61 62 69 6E 5F 50 20 20 3A
Cabin_RH :Cabin_ 11:42:53.22 T  43 61 62 69 6E 5F 52 48 20 3A 43 61 62 69 6E 5F
O2 :Cabin_CO2..; 11:42:53.22 T  4F 32 20 3A 43 61 62 69 6E 5F 43 4F 32 0D 0A 3B
:CR10_RefT:CMRef 11:42:53.22 T  3A 43 52 31 30 5F 52 65 66 54 3A 43 4D 52 65 66
Temp:CADC28V_T:D 11:42:53.22 T  54 65 6D 70 3A 43 41 44 43 32 38 56 5F 54 3A 44
C12Vn_V :DC12Vn_ 11:42:53.22 T  43 31 32 56 6E 5F 56 20 3A 44 43 31 32 56 6E 5F
I ..;:DC12Vc_V : 11:42:53.22 T  49 20 0D 0A 3B 3A 44 43 31 32 56 63 5F 56 20 3A
DC12Vc_I :DC16V_ 11:42:53.22 T  44 43 31 32 56 63 5F 49 20 3A 44 43 31 36 56 5F
V  :DC16V_I  :DC 11:42:53.22 T  56 20 20 3A 44 43 31 36 56 5F 49 20 20 3A 44 43
5Vn_V  ..;:DC5Vn 11:42:53.22 T  35 56 6E 5F 56 20 20 0D 0A 3B 3A 44 43 35 56 6E
_I  :CADC28V_V:C 11:42:53.22 T  5F 49 20 20 3A 43 41 44 43 32 38 56 5F 56 3A 43
ADC28V_I:CA_Pump 11:42:53.22 T  41 44 43 32 38 56 5F 49 3A 43 41 5F 50 75 6D 70
_V:MoistMin ...  11:42:53.22 T  5F 56 3A 4D 6F 69 73 74 4D 69 6E 20 0D 03 03
..xW<            11:42:53.27 R  03 03 78 57 3C
..               11:42:53.27 T  04 04
..<              11:42:53.27 R  04 04 3C
.;:MoistMax :Wat 11:42:53.60 T  0A 3B 3A 4D 6F 69 73 74 4D 61 78 20 3A 57 61 74
VolMul:MoistChec 11:42:53.60 T  56 6F 6C 4D 75 6C 3A 4D 6F 69 73 74 43 68 65 63
:MoistAvrg:MstAv 11:42:53.60 T  3A 4D 6F 69 73 74 41 76 72 67 3A 4D 73 74 41 76
gCnt..;:AMoistAv 11:42:53.60 T  67 43 6E 74 0D 0A 3B 3A 41 4D 6F 69 73 74 41 76
g:CA_Pump_L:CA_P 11:42:53.60 T  67 3A 43 41 5F 50 75 6D 70 5F 4C 3A 43 41 5F 50
Count:ASMPCount: 11:42:53.60 T  43 6F 75 6E 74 3A 41 53 4D 50 43 6F 75 6E 74 3A
AWrite20m..;:ARe 11:42:53.60 T  41 57 72 69 74 65 32 30 6D 0D 0A 3B 3A 41 52 65
ad20mn:AWrite1Hr 11:42:53.60 T  61 64 32 30 6D 6E 3A 41 57 72 69 74 65 31 48 72
:MPA1Ofset:MPA1M 11:42:53.60 T  3A 4D 50 41 31 4F 66 73 65 74 3A 4D 50 41 31 4D
ult :MPA2Ofset.. 11:42:53.60 T  75 6C 74 20 3A 4D 50 41 32 4F 66 73 65 74 0D 0A
;:MPA2Mult :MPA3 11:42:53.60 T  3B 3A 4D 50 41 32 4D 75 6C 74 20 3A 4D 50 41 33
Ofset:MPA3Mult : 11:42:53.60 T  4F 66 73 65 74 3A 4D 50 41 33 4D 75 6C 74 20 3A
MPA4Ofset:MPA4Mu 11:42:53.60 T  4D 50 41 34 4F 66 73 65 74 3A 4D 50 41 34 4D 75
lt ..;:MPA5Ofset 11:42:53.60 T  6C 74 20 0D 0A 3B 3A 4D 50 41 35 4F 66 73 65 74
:MPA5Mult :MP..  11:42:53.60 T  3A 4D 50 41 35 4D 75 6C 74 20 3A 4D 50 03 03
..).<            11:42:53.71 R  03 03 29 B9 3C
..               11:42:53.71 T  04 04
..<              11:42:53.71 R  04 04 3C
A6Ofset:MPA6Mult 11:42:53.99 T  41 36 4F 66 73 65 74 3A 4D 50 41 36 4D 75 6C 74
 :WicA1Oset..;:W 11:42:53.99 T  20 3A 57 69 63 41 31 4F 73 65 74 0D 0A 3B 3A 57
icA1Mult:WicA2Os 11:42:53.99 T  69 63 41 31 4D 75 6C 74 3A 57 69 63 41 32 4F 73
et:WicA2Mult:CAV 11:42:53.99 T  65 74 3A 57 69 63 41 32 4D 75 6C 74 3A 43 41 56
olNeed:CA_Ref_T  11:42:53.99 T  6F 6C 4E 65 65 64 3A 43 41 5F 52 65 66 5F 54 20
..;:CA_Leaf_T:CA 11:42:53.99 T  0D 0A 3B 3A 43 41 5F 4C 65 61 66 5F 54 3A 43 41
_RH    :CA_Blst_ 11:42:53.99 T  5F 52 48 20 20 20 20 3A 43 41 5F 42 6C 73 74 5F
T:CA_Intk_T:CA_T 11:42:53.99 T  54 3A 43 41 5F 49 6E 74 6B 5F 54 3A 43 41 5F 54
op_T ..;:CA_Mid_ 11:42:53.99 T  6F 70 5F 54 20 0D 0A 3B 3A 43 41 5F 4D 69 64 5F
T :CA_Bot_T :CA_ 11:42:53.99 T  54 20 3A 43 41 5F 42 6F 74 5F 54 20 3A 43 41 5F
Top_L :CA_Mid_L  11:42:53.99 T  54 6F 70 5F 4C 20 3A 43 41 5F 4D 69 64 5F 4C 20
:CA_Bot_L ..;:CA 11:42:53.99 T  3A 43 41 5F 42 6F 74 5F 4C 20 0D 0A 3B 3A 43 41
_Bubble:CA_O2_1  11:42:53.99 T  5F 42 75 62 62 6C 65 3A 43 41 5F 4F 32 5F 31 20
 :CA_O2_2  :CA_O 11:42:53.99 T  20 3A 43 41 5F 4F 32 5F 32 20 20 3A 43 41 5F 4F
2_3  :CA_O2_4..  11:42:53.99 T  32 5F 33 20 20 3A 43 41 5F 4F 32 5F 34 03 03
..%.<            11:42:54.10 R  03 03 25 0E 3C
..               11:42:54.10 T  04 04
..<              11:42:54.10 R  04 04 3C
  ..;:CA_SMP1_T: 11:42:54.37 T  20 20 0D 0A 3B 3A 43 41 5F 53 4D 50 31 5F 54 3A
CA_SMP2_T:CA_SMP 11:42:54.37 T  43 41 5F 53 4D 50 32 5F 54 3A 43 41 5F 53 4D 50
3_T:CA_SMP4_T:CA 11:42:54.37 T  33 5F 54 3A 43 41 5F 53 4D 50 34 5F 54 3A 43 41
_SMP5_T..;:CA_SM 11:42:54.37 T  5F 53 4D 50 35 5F 54 0D 0A 3B 3A 43 41 5F 53 4D
P6_T:CA_Wic1_T:C 11:42:54.37 T  50 36 5F 54 3A 43 41 5F 57 69 63 31 5F 54 3A 43
A_Wic2_T:CATotVo 11:42:54.37 T  41 5F 57 69 63 32 5F 54 3A 43 41 54 6F 74 56 6F
lP:CA_SMP1_S..;: 11:42:54.37 T  6C 50 3A 43 41 5F 53 4D 50 31 5F 53 0D 0A 3B 3A
CA_SMP2_S:CA_SMP 11:42:54.37 T  43 41 5F 53 4D 50 32 5F 53 3A 43 41 5F 53 4D 50
3_S:CA_SMP4_S:CA 11:42:54.37 T  33 5F 53 3A 43 41 5F 53 4D 50 34 5F 53 3A 43 41
_SMP5_S:CA_SMP6_ 11:42:54.37 T  5F 53 4D 50 35 5F 53 3A 43 41 5F 53 4D 50 36 5F
S..;:CA_Wic1_S:C 11:42:54.37 T  53 0D 0A 3B 3A 43 41 5F 57 69 63 31 5F 53 3A 43
A_Wic2_S:MinMod6 11:42:54.37 T  41 5F 57 69 63 32 5F 53 3A 4D 69 6E 4D 6F 64 36
0 :MinMod20 :Tim 11:42:54.37 T  30 20 3A 4D 69 6E 4D 6F 64 32 30 20 3A 54 69 6D
eInHrs..;:ALitOn 11:42:54.37 T  65 49 6E 48 72 73 0D 0A 3B 3A 41 4C 69 74 4F 6E
Off:ALghtTime..  11:42:54.37 T  4F 66 66 3A 41 4C 67 68 74 54 69 6D 65 03 03
..J.<            11:42:54.48 R  03 03 4A 15 3C
..               11:42:54.48 T  04 04
..<              11:42:54.48 R  04 04 3C
:AFanTime :CA_SM 11:42:54.75 T  3A 41 46 61 6E 54 69 6D 65 20 3A 43 41 5F 53 4D
P1dT:CA_SMP2dT.. 11:42:54.75 T  50 31 64 54 3A 43 41 5F 53 4D 50 32 64 54 0D 0A
;:CA_SMP3dT:CA_S 11:42:54.75 T  3B 3A 43 41 5F 53 4D 50 33 64 54 3A 43 41 5F 53
MP1iT:CA_SMP2iT: 11:42:54.75 T  4D 50 31 69 54 3A 43 41 5F 53 4D 50 32 69 54 3A
CA_SMP3iT:CA_Wic 11:42:54.75 T  43 41 5F 53 4D 50 33 69 54 3A 43 41 5F 57 69 63
1iT..;:CA_Wic2iT 11:42:54.75 T  31 69 54 0D 0A 3B 3A 43 41 5F 57 69 63 32 69 54
:CA_Wic1dT:CA_Wi 11:42:54.75 T  3A 43 41 5F 57 69 63 31 64 54 3A 43 41 5F 57 69
c2dT:CA_SMP4iT:C 11:42:54.75 T  63 32 64 54 3A 43 41 5F 53 4D 50 34 69 54 3A 43
A_SMP5iT..;:CA_S 11:42:54.75 T  41 5F 53 4D 50 35 69 54 0D 0A 3B 3A 43 41 5F 53
MP6iT:CA_SMP4dT: 11:42:54.75 T  4D 50 36 69 54 3A 43 41 5F 53 4D 50 34 64 54 3A
CA_SMP5dT:CA_SMP 11:42:54.75 T  43 41 5F 53 4D 50 35 64 54 3A 43 41 5F 53 4D 50
6dT:AbsTensio..; 11:42:54.75 T  36 64 54 3A 41 62 73 54 65 6E 73 69 6F 0D 0A 3B
:mV_2     :Tensi 11:42:54.75 T  3A 6D 56 5F 32 20 20 20 20 20 3A 54 65 6E 73 69
om_1:mV_3     :T 11:42:54.75 T  6F 6D 5F 31 3A 6D 56 5F 33 20 20 20 20 20 3A 54
ensiom_2:mV_4..  11:42:54.75 T  65 6E 73 69 6F 6D 5F 32 3A 6D 56 5F 34 03 03
...w<            11:42:54.86 R  03 03 DF 77 3C
..               11:42:54.86 T  04 04
..<              11:42:54.86 R  04 04 3C
     ..;:Tensiom 11:42:55.19 T  20 20 20 20 20 0D 0A 3B 3A 54 65 6E 73 69 6F 6D
_3:mV_5     :Ten 11:42:55.19 T  5F 33 3A 6D 56 5F 35 20 20 20 20 20 3A 54 65 6E
siom_4:MinMod10  11:42:55.19 T  73 69 6F 6D 5F 34 3A 4D 69 6E 4D 6F 64 31 30 20
:TotVolReq..;:To 11:42:55.19 T  3A 54 6F 74 56 6F 6C 52 65 71 0D 0A 3B 3A 54 6F
tWtrInt:TotWtrCn 11:42:55.19 T  74 57 74 72 49 6E 74 3A 54 6F 74 57 74 72 43 6E
t..;$....MODE 1. 11:42:55.19 T  74 0D 0A 3B 24 0D 0A 0D 0A 4D 4F 44 45 20 31 0D
.SCAN RATE 5.... 11:42:55.19 T  0A 53 43 41 4E 20 52 41 54 45 20 35 0D 0A 0D 0A
1:P91..1:28..2:3 11:42:55.19 T  31 3A 50 39 31 0D 0A 31 3A 32 38 0D 0A 32 3A 33
0....2:P86..1:21 11:42:55.19 T  30 0D 0A 0D 0A 32 3A 50 38 36 0D 0A 31 3A 32 31
....3:P86..1:22. 11:42:55.19 T  0D 0A 0D 0A 33 3A 50 38 36 0D 0A 31 3A 32 32 0D
...4:P86..1:23.. 11:42:55.19 T  0A 0D 0A 34 3A 50 38 36 0D 0A 31 3A 32 33 0D 0A
..5:P86..1:18... 11:42:55.19 T  0D 0A 35 3A 50 38 36 0D 0A 31 3A 31 38 0D 0A 0D
.6:P20..1:5777.. 11:42:55.19 T  0A 36 3A 50 32 30 0D 0A 31 3A 35 37 37 37 0D 0A
2:7733....7:P20. 11:42:55.19 T  32 3A 37 37 33 33 0D 0A 0D 0A 37 3A 50 32 30 0D
.1:9000..2:00..  11:42:55.19 T  0A 31 3A 39 30 30 30 0D 0A 32 3A 30 30 03 03
... <            11:42:55.25 R  03 03 C4 20 3C
..               11:42:55.25 T  04 04
..               11:42:55.25 R  04 04
<                11:42:55.91 R  3C
99....8:P86..1:7 11:42:56.18 T  39 39 0D 0A 0D 0A 38 3A 50 38 36 0D 0A 31 3A 37
8....9:P30..1:0. 11:42:56.18 T  38 0D 0A 0D 0A 39 3A 50 33 30 0D 0A 31 3A 30 2E
0..2:00..3:29... 11:42:56.18 T  30 0D 0A 32 3A 30 30 0D 0A 33 3A 32 39 0D 0A 0D
.10:P30..1:0.0.. 11:42:56.18 T  0A 31 30 3A 50 33 30 0D 0A 31 3A 30 2E 30 0D 0A
2:00..3:115....1 11:42:56.18 T  32 3A 30 30 0D 0A 33 3A 31 31 35 0D 0A 0D 0A 31
1:P30..1:0.0..2: 11:42:56.18 T  31 3A 50 33 30 0D 0A 31 3A 30 2E 30 0D 0A 32 3A
00..3:116....12: 11:42:56.18 T  30 30 0D 0A 33 3A 31 31 36 0D 0A 0D 0A 31 32 3A
P30..1:0.0..2:00 11:42:56.18 T  50 33 30 0D 0A 31 3A 30 2E 30 0D 0A 32 3A 30 30
..3:117....13:P3 11:42:56.18 T  0D 0A 33 3A 31 31 37 0D 0A 0D 0A 31 33 3A 50 33
0..1:15..2:0..3: 11:42:56.18 T  30 0D 0A 31 3A 31 35 0D 0A 32 3A 30 0D 0A 33 3A
31....14:P30..1: 11:42:56.18 T  33 31 0D 0A 0D 0A 31 34 3A 50 33 30 0D 0A 31 3A
19..2:00..3:30.. 11:42:56.18 T  31 39 0D 0A 32 3A 30 30 0D 0A 33 3A 33 30 0D 0A
..15:P30..1:0..2 11:42:56.18 T  0D 0A 31 35 3A 50 33 30 0D 0A 31 3A 30 0D 0A 32
:00..3:20....16: 11:42:56.18 T  3A 30 30 0D 0A 33 3A 32 30 0D 0A 0D 0A 31 36 3A
P30..1:100..2..  11:42:56.18 T  50 33 30 0D 0A 31 3A 31 30 30 0D 0A 32 03 03
...w<            11:42:56.29 R  03 03 CC 77 3C
..               11:42:56.29 T  04 04
..               11:42:56.29 R  04 04
<                11:42:56.95 R  3C
:00..3:21....17: 11:42:57.23 T  3A 30 30 0D 0A 33 3A 32 31 0D 0A 0D 0A 31 37 3A
P30..1:12..2:00. 11:42:57.23 T  50 33 30 0D 0A 31 3A 31 32 0D 0A 32 3A 30 30 0D
.3:22....18:P30. 11:42:57.23 T  0A 33 3A 32 32 0D 0A 0D 0A 31 38 3A 50 33 30 0D
.1:0.0..2:00..3: 11:42:57.23 T  0A 31 3A 30 2E 30 0D 0A 32 3A 30 30 0D 0A 33 3A
27....19:P30..1: 11:42:57.23 T  32 37 0D 0A 0D 0A 31 39 3A 50 33 30 0D 0A 31 3A
0.0..2:00..3:49. 11:42:57.23 T  30 2E 30 0D 0A 32 3A 30 30 0D 0A 33 3A 34 39 0D
...20:P30..1:0.. 11:42:57.23 T  0A 0D 0A 32 30 3A 50 33 30 0D 0A 31 3A 30 0D 0A
2:00..3:74....21 11:42:57.23 T  32 3A 30 30 0D 0A 33 3A 37 34 0D 0A 0D 0A 32 31
:P30..1:334..2:0 11:42:57.23 T  3A 50 33 30 0D 0A 31 3A 33 33 34 0D 0A 32 3A 30
0..3:33....22:P3 11:42:57.23 T  30 0D 0A 33 3A 33 33 0D 0A 0D 0A 32 32 3A 50 33
0..1:-17.5..2:00 11:42:57.23 T  30 0D 0A 31 3A 2D 31 37 2E 35 0D 0A 32 3A 30 30
..3:34....23:P30 11:42:57.23 T  0D 0A 33 3A 33 34 0D 0A 0D 0A 32 33 3A 50 33 30
..1:468..2:00..3 11:42:57.23 T  0D 0A 31 3A 34 36 38 0D 0A 32 3A 30 30 0D 0A 33
:35....24:P30..1 11:42:57.23 T  3A 33 35 0D 0A 0D 0A 32 34 3A 50 33 30 0D 0A 31
:-19.2..2:00...  11:42:57.23 T  3A 2D 31 39 2E 32 0D 0A 32 3A 30 30 0D 03 03
....<            11:42:57.34 R  03 03 C5 97 3C
..               11:42:57.34 T  04 04
..               11:42:57.34 R  04 04
<                11:42:58.05 R  3C
.3:36....25:P30. 11:42:58.32 T  0A 33 3A 33 36 0D 0A 0D 0A 32 35 3A 50 33 30 0D
.1:340..2:00..3: 11:42:58.32 T  0A 31 3A 33 34 30 0D 0A 32 3A 30 30 0D 0A 33 3A
37....26:P30..1: 11:42:58.32 T  33 37 0D 0A 0D 0A 32 36 3A 50 33 30 0D 0A 31 3A
-16.9..2:00..3:3 11:42:58.32 T  2D 31 36 2E 39 0D 0A 32 3A 30 30 0D 0A 33 3A 33
8....27:P30..1:3 11:42:58.32 T  38 0D 0A 0D 0A 32 37 3A 50 33 30 0D 0A 31 3A 33
19..2:00..3:39.. 11:42:58.32 T  31 39 0D 0A 32 3A 30 30 0D 0A 33 3A 33 39 0D 0A
..28:P30..1:-14. 11:42:58.32 T  0D 0A 32 38 3A 50 33 30 0D 0A 31 3A 2D 31 34 2E
7..2:00..3:40... 11:42:58.32 T  37 0D 0A 32 3A 30 30 0D 0A 33 3A 34 30 0D 0A 0D
.29:P30..1:361.. 11:42:58.32 T  0A 32 39 3A 50 33 30 0D 0A 31 3A 33 36 31 0D 0A
2:00..3:41....30 11:42:58.32 T  32 3A 30 30 0D 0A 33 3A 34 31 0D 0A 0D 0A 33 30
:P30..1:-17.2..2 11:42:58.32 T  3A 50 33 30 0D 0A 31 3A 2D 31 37 2E 32 0D 0A 32
:00..3:42....31: 11:42:58.32 T  3A 30 30 0D 0A 33 3A 34 32 0D 0A 0D 0A 33 31 3A
P30..1:375..2:00 11:42:58.32 T  50 33 30 0D 0A 31 3A 33 37 35 0D 0A 32 3A 30 30
..3:43....32:P30 11:42:58.32 T  0D 0A 33 3A 34 33 0D 0A 0D 0A 33 32 3A 50 33 30
..1:-17.5..2:..  11:42:58.32 T  0D 0A 31 3A 2D 31 37 2E 35 0D 0A 32 3A 03 03
....<            11:42:58.38 R  03 03 9B D2 3C
..               11:42:58.38 T  04 04
..               11:42:58.38 R  04 04
<                11:42:59.09 R  3C
00..3:44....33:P 11:42:59.37 T  30 30 0D 0A 33 3A 34 34 0D 0A 0D 0A 33 33 3A 50
30..1:421.91..2: 11:42:59.37 T  33 30 0D 0A 31 3A 34 32 31 2E 39 31 0D 0A 32 3A
00..3:45....34:P 11:42:59.37 T  30 30 0D 0A 33 3A 34 35 0D 0A 0D 0A 33 34 3A 50
30..1:-20.44..2: 11:42:59.37 T  33 30 0D 0A 31 3A 2D 32 30 2E 34 34 0D 0A 32 3A
00..3:46....35:P 11:42:59.37 T  30 30 0D 0A 33 3A 34 36 0D 0A 0D 0A 33 35 3A 50
30..1:489.26..2: 11:42:59.37 T  33 30 0D 0A 31 3A 34 38 39 2E 32 36 0D 0A 32 3A
00..3:47....36:P 11:42:59.37 T  30 30 0D 0A 33 3A 34 37 0D 0A 0D 0A 33 36 3A 50
30..1:-22.36..2: 11:42:59.37 T  33 30 0D 0A 31 3A 2D 32 32 2E 33 36 0D 0A 32 3A
00..3:48....37:P 11:42:59.37 T  30 30 0D 0A 33 3A 34 38 0D 0A 0D 0A 33 37 3A 50
95....38:P18..1: 11:42:59.37 T  39 35 0D 0A 0D 0A 33 38 3A 50 31 38 0D 0A 31 3A
1..2:20..3:84... 11:42:59.37 T  31 0D 0A 32 3A 32 30 0D 0A 33 3A 38 34 0D 0A 0D
.39:P18..1:1..2: 11:42:59.37 T  0A 33 39 3A 50 31 38 0D 0A 31 3A 31 0D 0A 32 3A
10..3:114....40: 11:42:59.37 T  31 30 0D 0A 33 3A 31 31 34 0D 0A 0D 0A 34 30 3A
P18..1:2..2:24.. 11:42:59.37 T  50 31 38 0D 0A 31 3A 32 0D 0A 32 3A 32 34 0D 0A
3:85....41:P1..  11:42:59.37 T  33 3A 38 35 0D 0A 0D 0A 34 31 3A 50 31 03 03
...~<            11:42:59.48 R  03 03 06 7E 3C
..               11:42:59.48 T  04 04
..               11:42:59.48 R  04 04
<                11:43:00.14 R  3C
..1:1..2:25..3:5 11:43:00.41 T  0D 0A 31 3A 31 0D 0A 32 3A 32 35 0D 0A 33 3A 35
..4:3..5:.1..6:1 11:43:00.41 T  0D 0A 34 3A 33 0D 0A 35 3A 2E 31 0D 0A 36 3A 31
3.5....42:P1..1: 11:43:00.41 T  33 2E 35 0D 0A 0D 0A 34 32 3A 50 31 0D 0A 31 3A
1..2:25..3:10..4 11:43:00.41 T  31 0D 0A 32 3A 32 35 0D 0A 33 3A 31 30 0D 0A 34
:5..5:.5..6:0.0. 11:43:00.41 T  3A 35 0D 0A 35 3A 2E 35 0D 0A 36 3A 30 2E 30 0D
...43:P6..1:1..2 11:43:00.41 T  0A 0D 0A 34 33 3A 50 36 0D 0A 31 3A 31 0D 0A 32
:22..3:4..4:3..5 11:43:00.41 T  3A 32 32 0D 0A 33 3A 34 0D 0A 34 3A 33 0D 0A 35
:2500..6:2..7:38 11:43:00.41 T  3A 32 35 30 30 0D 0A 36 3A 32 0D 0A 37 3A 33 38
1..8:15.5....44: 11:43:00.41 T  31 0D 0A 38 3A 31 35 2E 35 0D 0A 0D 0A 34 34 3A
P11..1:1..2:9..3 11:43:00.41 T  50 31 31 0D 0A 31 3A 31 0D 0A 32 3A 39 0D 0A 33
:2..4:7..5:1.0.. 11:43:00.41 T  3A 32 0D 0A 34 3A 37 0D 0A 35 3A 31 2E 30 0D 0A
6:-5....45:P14.. 11:43:00.41 T  36 3A 2D 35 0D 0A 0D 0A 34 35 3A 50 31 34 0D 0A
1:1..2:22..3:6.. 11:43:00.41 T  31 3A 31 0D 0A 32 3A 32 32 0D 0A 33 3A 36 0D 0A
4:02..5:7..6:1.. 11:43:00.41 T  34 3A 30 32 0D 0A 35 3A 37 0D 0A 36 3A 31 0D 0A
7:1.0..8:0.0...  11:43:00.41 T  37 3A 31 2E 30 0D 0A 38 3A 30 2E 30 0D 03 03
...l<            11:43:00.52 R  03 03 97 6C 3C
..               11:43:00.52 T  04 04
..               11:43:00.52 R  04 04
<                11:43:01.24 R  3C
...46:P17..1:6.. 11:43:01.51 T  0A 0D 0A 34 36 3A 50 31 37 0D 0A 31 3A 36 0D 0A
..47:P1..1:1..2: 11:43:01.51 T  0D 0A 34 37 3A 50 31 0D 0A 31 3A 31 0D 0A 32 3A
25..3:6..4:4..5: 11:43:01.51 T  32 35 0D 0A 33 3A 36 0D 0A 34 3A 34 0D 0A 35 3A
1..6:0....48:P86 11:43:01.51 T  31 0D 0A 36 3A 30 0D 0A 0D 0A 34 38 3A 50 38 36
..1:42....49:P6. 11:43:01.51 T  0D 0A 31 3A 34 32 0D 0A 0D 0A 34 39 3A 50 36 0D
.1:1..2:23..3:1. 11:43:01.51 T  0A 31 3A 31 0D 0A 32 3A 32 33 0D 0A 33 3A 31 0D
.4:1..5:1200..6: 11:43:01.51 T  0A 34 3A 31 0D 0A 35 3A 31 32 30 30 0D 0A 36 3A
50..7:-0.001..8: 11:43:01.51 T  35 30 0D 0A 37 3A 2D 30 2E 30 30 31 0D 0A 38 3A
0.09707....50:P5 11:43:01.51 T  30 2E 30 39 37 30 37 0D 0A 0D 0A 35 30 3A 50 35
9..1:1..2:50..3: 11:43:01.51 T  39 0D 0A 31 3A 31 0D 0A 32 3A 35 30 0D 0A 33 3A
10.025....51:P16 11:43:01.51 T  31 30 2E 30 32 35 0D 0A 0D 0A 35 31 3A 50 31 36
..1:1..2:50..3:5 11:43:01.51 T  0D 0A 31 3A 31 0D 0A 32 3A 35 30 0D 0A 33 3A 35
0..4:1.0..5:0.0. 11:43:01.51 T  30 0D 0A 34 3A 31 2E 30 0D 0A 35 3A 30 2E 30 0D
...52:P86..1:71. 11:43:01.51 T  0A 0D 0A 35 32 3A 50 38 36 0D 0A 31 3A 37 31 0D
...53:P86..1:..  11:43:01.51 T  0A 0D 0A 35 33 3A 50 38 36 0D 0A 31 3A 03 03
...q<            11:43:01.62 R  03 03 E9 71 3C
..               11:43:01.62 T  04 04
..               11:43:01.62 R  04 04
<                11:43:02.28 R  3C
71....54:P1..1:1 11:43:02.55 T  37 31 0D 0A 0D 0A 35 34 3A 50 31 0D 0A 31 3A 31
..2:25..3:1..4:7 11:43:02.55 T  0D 0A 32 3A 32 35 0D 0A 33 3A 31 0D 0A 34 3A 37
2..5:1..6:0....5 11:43:02.55 T  32 0D 0A 35 3A 31 0D 0A 36 3A 30 0D 0A 0D 0A 35
5:P1..1:1..2:25. 11:43:02.55 T  35 3A 50 31 0D 0A 31 3A 31 0D 0A 32 3A 32 35 0D
.3:2..4:73..5:.1 11:43:02.55 T  0A 33 3A 32 0D 0A 34 3A 37 33 0D 0A 35 3A 2E 31
97..6:-271....56 11:43:02.55 T  39 37 0D 0A 36 3A 2D 32 37 31 0D 0A 0D 0A 35 36
:P86..1:71....57 11:43:02.55 T  3A 50 38 36 0D 0A 31 3A 37 31 0D 0A 0D 0A 35 37
:P86..1:71....58 11:43:02.55 T  3A 50 38 36 0D 0A 31 3A 37 31 0D 0A 0D 0A 35 38
:P14..1:1..2:22. 11:43:02.55 T  3A 50 31 34 0D 0A 31 3A 31 0D 0A 32 3A 32 32 0D
.3:1..4:2..5:50. 11:43:02.55 T  0A 33 3A 31 0D 0A 34 3A 32 0D 0A 35 3A 35 30 0D
.6:54..7:1.0..8: 11:43:02.55 T  0A 36 3A 35 34 0D 0A 37 3A 31 2E 30 0D 0A 38 3A
0.0....59:P86..1 11:43:02.55 T  30 2E 30 0D 0A 0D 0A 35 39 3A 50 38 36 0D 0A 31
:71....60:P86..1 11:43:02.55 T  3A 37 31 0D 0A 0D 0A 36 30 3A 50 38 36 0D 0A 31
:71....61:P1..1: 11:43:02.55 T  3A 37 31 0D 0A 0D 0A 36 31 3A 50 31 0D 0A 31 3A
1..2:25..3:1...  11:43:02.55 T  31 0D 0A 32 3A 32 35 0D 0A 33 3A 31 0D 03 03
.._.<            11:43:02.66 R  03 03 5F 1F 3C
..               11:43:02.66 T  04 04
..               11:43:02.66 R  04 04
<                11:43:03.38 R  3C
.4:66..5:.2..6:- 11:43:03.65 T  0A 34 3A 36 36 0D 0A 35 3A 2E 32 0D 0A 36 3A 2D
277....62:P1..1: 11:43:03.65 T  32 37 37 0D 0A 0D 0A 36 32 3A 50 31 0D 0A 31 3A
1..2:25..3:2..4: 11:43:03.65 T  31 0D 0A 32 3A 32 35 0D 0A 33 3A 32 0D 0A 34 3A
67..5:.207..6:-2 11:43:03.65 T  36 37 0D 0A 35 3A 2E 32 30 37 0D 0A 36 3A 2D 32
87....63:P86..1: 11:43:03.65 T  38 37 0D 0A 0D 0A 36 33 3A 50 38 36 0D 0A 31 3A
71....64:P86..1: 11:43:03.65 T  37 31 0D 0A 0D 0A 36 34 3A 50 38 36 0D 0A 31 3A
71....65:P1..1:1 11:43:03.65 T  37 31 0D 0A 0D 0A 36 35 3A 50 31 0D 0A 31 3A 31
..2:25..3:1..4:6 11:43:03.65 T  0D 0A 32 3A 32 35 0D 0A 33 3A 31 0D 0A 34 3A 36
8..5:.209..6:-29 11:43:03.65 T  38 0D 0A 35 3A 2E 32 30 39 0D 0A 36 3A 2D 32 39
0....66:P1..1:1. 11:43:03.65 T  30 0D 0A 0D 0A 36 36 3A 50 31 0D 0A 31 3A 31 0D
.2:25..3:2..4:51 11:43:03.65 T  0A 32 3A 32 35 0D 0A 33 3A 32 0D 0A 34 3A 35 31
..5:.1..6:0.0... 11:43:03.65 T  0D 0A 35 3A 2E 31 0D 0A 36 3A 30 2E 30 0D 0A 0D
.67:P86..1:71... 11:43:03.65 T  0A 36 37 3A 50 38 36 0D 0A 31 3A 37 31 0D 0A 0D
.68:P86..1:71... 11:43:03.65 T  0A 36 38 3A 50 38 36 0D 0A 31 3A 37 31 0D 0A 0D
.69:P14..1:1...  11:43:03.65 T  0A 36 39 3A 50 31 34 0D 0A 31 3A 31 0D 03 03
....<            11:43:03.76 R  03 03 06 9C 3C
..               11:43:03.76 T  04 04
..               11:43:03.76 R  04 04
<                11:43:04.48 R  3C
.2:22..3:1..4:2. 11:43:04.75 T  0A 32 3A 32 32 0D 0A 33 3A 31 0D 0A 34 3A 32 0D
.5:50..6:57..7:1 11:43:04.75 T  0A 35 3A 35 30 0D 0A 36 3A 35 37 0D 0A 37 3A 31
.0..8:0.0....70: 11:43:04.75 T  2E 30 0D 0A 38 3A 30 2E 30 0D 0A 0D 0A 37 30 3A
P86..1:71....71: 11:43:04.75 T  50 38 36 0D 0A 31 3A 37 31 0D 0A 0D 0A 37 31 3A
P86..1:71....72: 11:43:04.75 T  50 38 36 0D 0A 31 3A 37 31 0D 0A 0D 0A 37 32 3A
P14..1:1..2:22.. 11:43:04.75 T  50 31 34 0D 0A 31 3A 31 0D 0A 32 3A 32 32 0D 0A
3:1..4:2..5:50.. 11:43:04.75 T  33 3A 31 0D 0A 34 3A 32 0D 0A 35 3A 35 30 0D 0A
6:55..7:1.0..8:0 11:43:04.75 T  36 3A 35 35 0D 0A 37 3A 31 2E 30 0D 0A 38 3A 30
.0....73:P86..1: 11:43:04.75 T  2E 30 0D 0A 0D 0A 37 33 3A 50 38 36 0D 0A 31 3A
71....74:P86..1: 11:43:04.75 T  37 31 0D 0A 0D 0A 37 34 3A 50 38 36 0D 0A 31 3A
71....75:P1..1:1 11:43:04.75 T  37 31 0D 0A 0D 0A 37 35 3A 50 31 0D 0A 31 3A 31
..2:25..3:1..4:6 11:43:04.75 T  0D 0A 32 3A 32 35 0D 0A 33 3A 31 0D 0A 34 3A 36
0..5:1.6..6:17.5 11:43:04.75 T  30 0D 0A 35 3A 31 2E 36 0D 0A 36 3A 31 37 2E 35
....76:P1..1:1.. 11:43:04.75 T  0D 0A 0D 0A 37 36 3A 50 31 0D 0A 31 3A 31 0D 0A
2:24..3:2..4:..  11:43:04.75 T  32 3A 32 34 0D 0A 33 3A 32 0D 0A 34 3A 03 03
...[<            11:43:04.86 R  03 03 DE 5B 3C
..               11:43:04.86 T  04 04
..               11:43:04.86 R  04 04
<                11:43:05.52 R  3C
62..5:1..6:0.... 11:43:05.79 T  36 32 0D 0A 35 3A 31 0D 0A 36 3A 30 0D 0A 0D 0A
77:P86..1:71.... 11:43:05.79 T  37 37 3A 50 38 36 0D 0A 31 3A 37 31 0D 0A 0D 0A
78:P86..1:71.... 11:43:05.79 T  37 38 3A 50 38 36 0D 0A 31 3A 37 31 0D 0A 0D 0A
79:P1..1:1..2:24 11:43:05.79 T  37 39 3A 50 31 0D 0A 31 3A 31 0D 0A 32 3A 32 34
..3:1..4:63..5:1 11:43:05.79 T  0D 0A 33 3A 31 0D 0A 34 3A 36 33 0D 0A 35 3A 31
..6:0....80:P1.. 11:43:05.79 T  0D 0A 36 3A 30 0D 0A 0D 0A 38 30 3A 50 31 0D 0A
1:1..2:25..3:2.. 11:43:05.79 T  31 3A 31 0D 0A 32 3A 32 35 0D 0A 33 3A 32 0D 0A
4:61..5:1.0..6:0 11:43:05.79 T  34 3A 36 31 0D 0A 35 3A 31 2E 30 0D 0A 36 3A 30
.0....81:P86..1: 11:43:05.79 T  2E 30 0D 0A 0D 0A 38 31 3A 50 38 36 0D 0A 31 3A
71....82:P86..1: 11:43:05.79 T  37 31 0D 0A 0D 0A 38 32 3A 50 38 36 0D 0A 31 3A
71....83:P1..1:1 11:43:05.79 T  37 31 0D 0A 0D 0A 38 33 3A 50 31 0D 0A 31 3A 31
..2:24..3:1..4:6 11:43:05.79 T  0D 0A 32 3A 32 34 0D 0A 33 3A 31 0D 0A 34 3A 36
4..5:1..6:0....8 11:43:05.79 T  34 0D 0A 35 3A 31 0D 0A 36 3A 30 0D 0A 0D 0A 38
4:P1..1:1..2:24. 11:43:05.79 T  34 3A 50 31 0D 0A 31 3A 31 0D 0A 32 3A 32 34 0D
.3:2..4:65..5..  11:43:05.79 T  0A 33 3A 32 0D 0A 34 3A 36 35 0D 0A 35 03 03
...q<            11:43:05.90 R  03 03 89 71 3C
..               11:43:05.90 T  04 04
..               11:43:05.90 R  04 04
<                11:43:06.62 R  3C
:1..6:0....85:P8 11:43:06.89 T  3A 31 0D 0A 36 3A 30 0D 0A 0D 0A 38 35 3A 50 38
6..1:71....86:P8 11:43:06.89 T  36 0D 0A 31 3A 37 31 0D 0A 0D 0A 38 36 3A 50 38
6..1:71....87:P1 11:43:06.89 T  36 0D 0A 31 3A 37 31 0D 0A 0D 0A 38 37 3A 50 31
..1:1..2:25..3:1 11:43:06.89 T  0D 0A 31 3A 31 0D 0A 32 3A 32 35 0D 0A 33 3A 31
..4:9..5:.01..6: 11:43:06.89 T  0D 0A 34 3A 39 0D 0A 35 3A 2E 30 31 0D 0A 36 3A
10....88:P1..1:1 11:43:06.89 T  31 30 0D 0A 0D 0A 38 38 3A 50 31 0D 0A 31 3A 31
..2:25..3:2..4:1 11:43:06.89 T  0D 0A 32 3A 32 35 0D 0A 33 3A 32 0D 0A 34 3A 31
1..5:.027..6:1.. 11:43:06.89 T  31 0D 0A 35 3A 2E 30 32 37 0D 0A 36 3A 31 0D 0A
..89:P1..1:1..2: 11:43:06.89 T  0D 0A 38 39 3A 50 31 0D 0A 31 3A 31 0D 0A 32 3A
25..3:3..4:10..5 11:43:06.89 T  32 35 0D 0A 33 3A 33 0D 0A 34 3A 31 30 0D 0A 35
:1..6:1700....90 11:43:06.89 T  3A 31 0D 0A 36 3A 31 37 30 30 0D 0A 0D 0A 39 30
:P1..1:1..2:25.. 11:43:06.89 T  3A 50 31 0D 0A 31 3A 31 0D 0A 32 3A 32 35 0D 0A
3:4..4:12..5:-.0 11:43:06.89 T  33 3A 34 0D 0A 34 3A 31 32 0D 0A 35 3A 2D 2E 30
01..6:103....91: 11:43:06.89 T  30 31 0D 0A 36 3A 31 30 33 0D 0A 0D 0A 39 31 3A
P86..1:71......  11:43:06.89 T  50 38 36 0D 0A 31 3A 37 31 0D 0A 0D 0A 03 03
....<            11:43:07.00 R  03 03 BC 0E 3C
..               11:43:07.00 T  04 04
..               11:43:07.00 R  04 04
<                11:43:07.72 R  3C
92:P86..1:71.... 11:43:08.05 T  39 32 3A 50 38 36 0D 0A 31 3A 37 31 0D 0A 0D 0A
93:P1..1:1..2:24 11:43:08.05 T  39 33 3A 50 31 0D 0A 31 3A 31 0D 0A 32 3A 32 34
..3:1..4:17..5:. 11:43:08.05 T  0D 0A 33 3A 31 0D 0A 34 3A 31 37 0D 0A 35 3A 2E
346..6:6.22....9 11:43:08.05 T  33 34 36 0D 0A 36 3A 36 2E 32 32 0D 0A 0D 0A 39
4:P1..1:1..2:24. 11:43:08.05 T  34 3A 50 31 0D 0A 31 3A 31 0D 0A 32 3A 32 34 0D
.3:3..4:18..5:10 11:43:08.05 T  0A 33 3A 33 0D 0A 34 3A 31 38 0D 0A 35 3A 31 30
00..6:20000....9 11:43:08.05 T  30 30 0D 0A 36 3A 32 30 30 30 30 0D 0A 0D 0A 39
5:P86..1:71....9 11:43:08.05 T  35 3A 50 38 36 0D 0A 31 3A 37 31 0D 0A 0D 0A 39
6:P86..1:71....9 11:43:08.05 T  36 3A 50 38 36 0D 0A 31 3A 37 31 0D 0A 0D 0A 39
7:P6..1:1..2:22. 11:43:08.05 T  37 3A 50 36 0D 0A 31 3A 31 0D 0A 32 3A 32 32 0D
.3:4..4:3..5:250 11:43:08.05 T  0A 33 3A 34 0D 0A 34 3A 33 0D 0A 35 3A 32 35 30
0..6:105..7:381. 11:43:08.05 T  30 0D 0A 36 3A 31 30 35 0D 0A 37 3A 33 38 31 0D
.8:15.5....98:P8 11:43:08.05 T  0A 38 3A 31 35 2E 35 0D 0A 0D 0A 39 38 3A 50 38
6..1:71....99:P8 11:43:08.05 T  36 0D 0A 31 3A 37 31 0D 0A 0D 0A 39 39 3A 50 38
6..1:71....10..  11:43:08.05 T  36 0D 0A 31 3A 37 31 0D 0A 0D 0A 31 30 03 03
...w<            11:43:08.10 R  03 03 DE 77 3C
..               11:43:08.10 T  04 04
..               11:43:08.10 R  04 04
<                11:43:08.82 R  3C
0:P6..1:1..2:22. 11:43:09.09 T  30 3A 50 36 0D 0A 31 3A 31 0D 0A 32 3A 32 32 0D
.3:1..4:3..5:250 11:43:09.09 T  0A 33 3A 31 0D 0A 34 3A 33 0D 0A 35 3A 32 35 30
0..6:106..7:1.0. 11:43:09.09 T  30 0D 0A 36 3A 31 30 36 0D 0A 37 3A 31 2E 30 0D
.8:0.0....101:P5 11:43:09.09 T  0A 38 3A 30 2E 30 0D 0A 0D 0A 31 30 31 3A 50 35
5..1:1..2:106..3 11:43:09.09 T  35 0D 0A 31 3A 31 0D 0A 32 3A 31 30 36 0D 0A 33
:107..4:.6368..5 11:43:09.09 T  3A 31 30 37 0D 0A 34 3A 2E 36 33 36 38 0D 0A 35
:43.54..6:-1.188 11:43:09.09 T  3A 34 33 2E 35 34 0D 0A 36 3A 2D 31 2E 31 38 38
..7:0.0..8:0.0.. 11:43:09.09 T  0D 0A 37 3A 30 2E 30 0D 0A 38 3A 30 2E 30 0D 0A
9:0.0....102:P86 11:43:09.09 T  39 3A 30 2E 30 0D 0A 0D 0A 31 30 32 3A 50 38 36
..1:71....103:P8 11:43:09.09 T  0D 0A 31 3A 37 31 0D 0A 0D 0A 31 30 33 3A 50 38
6..1:71....104:P 11:43:09.09 T  36 0D 0A 31 3A 37 31 0D 0A 0D 0A 31 30 34 3A 50
6..1:1..2:22..3: 11:43:09.09 T  36 0D 0A 31 3A 31 0D 0A 32 3A 32 32 0D 0A 33 3A
1..4:3..5:2500.. 11:43:09.09 T  31 0D 0A 34 3A 33 0D 0A 35 3A 32 35 30 30 0D 0A
6:108..7:1.0..8: 11:43:09.09 T  36 3A 31 30 38 0D 0A 37 3A 31 2E 30 0D 0A 38 3A
0.0....105:P5..  11:43:09.09 T  30 2E 30 0D 0A 0D 0A 31 30 35 3A 50 35 03 03
....<            11:43:09.20 R  03 03 99 C1 3C
..               11:43:09.20 T  04 04
..               11:43:09.20 R  04 04
<                11:43:09.86 R  3C
5..1:1..2:108..3 11:43:10.13 T  35 0D 0A 31 3A 31 0D 0A 32 3A 31 30 38 0D 0A 33
:109..4:.6368..5 11:43:10.13 T  3A 31 30 39 0D 0A 34 3A 2E 36 33 36 38 0D 0A 35
:43.54..6:-1.188 11:43:10.13 T  3A 34 33 2E 35 34 0D 0A 36 3A 2D 31 2E 31 38 38
..7:0.0..8:0.0.. 11:43:10.13 T  0D 0A 37 3A 30 2E 30 0D 0A 38 3A 30 2E 30 0D 0A
9:0.0....106:P86 11:43:10.13 T  39 3A 30 2E 30 0D 0A 0D 0A 31 30 36 3A 50 38 36
..1:71....107:P8 11:43:10.13 T  0D 0A 31 3A 37 31 0D 0A 0D 0A 31 30 37 3A 50 38
6..1:71....108:P 11:43:10.13 T  36 0D 0A 31 3A 37 31 0D 0A 0D 0A 31 30 38 3A 50
6..1:1..2:22..3: 11:43:10.13 T  36 0D 0A 31 3A 31 0D 0A 32 3A 32 32 0D 0A 33 3A
1..4:3..5:2500.. 11:43:10.13 T  31 0D 0A 34 3A 33 0D 0A 35 3A 32 35 30 30 0D 0A
6:110..7:1.0..8: 11:43:10.13 T  36 3A 31 31 30 0D 0A 37 3A 31 2E 30 0D 0A 38 3A
0.0....109:P55.. 11:43:10.13 T  30 2E 30 0D 0A 0D 0A 31 30 39 3A 50 35 35 0D 0A
1:1..2:110..3:11 11:43:10.13 T  31 3A 31 0D 0A 32 3A 31 31 30 0D 0A 33 3A 31 31
1..4:.6368..5:43 11:43:10.13 T  31 0D 0A 34 3A 2E 36 33 36 38 0D 0A 35 3A 34 33
.54..6:-1.188..7 11:43:10.13 T  2E 35 34 0D 0A 36 3A 2D 31 2E 31 38 38 0D 0A 37
:0.0..8:0.0....  11:43:10.13 T  3A 30 2E 30 0D 0A 38 3A 30 2E 30 0D 0A 03 03
..k.<            11:43:10.24 R  03 03 6B 9D 3C
..               11:43:10.24 T  04 04
..               11:43:10.24 R  04 04
<                11:43:10.96 R  3C
9:0.0....110:P86 11:43:11.23 T  39 3A 30 2E 30 0D 0A 0D 0A 31 31 30 3A 50 38 36
..1:71....111:P8 11:43:11.23 T  0D 0A 31 3A 37 31 0D 0A 0D 0A 31 31 31 3A 50 38
6..1:71....112:P 11:43:11.23 T  36 0D 0A 31 3A 37 31 0D 0A 0D 0A 31 31 32 3A 50
6..1:1..2:22..3: 11:43:11.23 T  36 0D 0A 31 3A 31 0D 0A 32 3A 32 32 0D 0A 33 3A
1..4:3..5:2500.. 11:43:11.23 T  31 0D 0A 34 3A 33 0D 0A 35 3A 32 35 30 30 0D 0A
6:112..7:-1..8:0 11:43:11.23 T  36 3A 31 31 32 0D 0A 37 3A 2D 31 0D 0A 38 3A 30
.0....113:P55..1 11:43:11.23 T  2E 30 0D 0A 0D 0A 31 31 33 3A 50 35 35 0D 0A 31
:1..2:112..3:113 11:43:11.23 T  3A 31 0D 0A 32 3A 31 31 32 0D 0A 33 3A 31 31 33
..4:.6368..5:43. 11:43:11.23 T  0D 0A 34 3A 2E 36 33 36 38 0D 0A 35 3A 34 33 2E
54..6:-1.188..7: 11:43:11.23 T  35 34 0D 0A 36 3A 2D 31 2E 31 38 38 0D 0A 37 3A
0.0..8:0.0..9:0. 11:43:11.23 T  30 2E 30 0D 0A 38 3A 30 2E 30 0D 0A 39 3A 30 2E
0....114:P86..1: 11:43:11.23 T  30 0D 0A 0D 0A 31 31 34 3A 50 38 36 0D 0A 31 3A
71....115:P86..1 11:43:11.23 T  37 31 0D 0A 0D 0A 31 31 35 3A 50 38 36 0D 0A 31
:71....116:P1..1 11:43:11.23 T  3A 37 31 0D 0A 0D 0A 31 31 36 3A 50 31 0D 0A 31
:1..2:25..3:1..  11:43:11.23 T  3A 31 0D 0A 32 3A 32 35 0D 0A 33 3A 31 03 03
..'.<            11:43:11.29 R  03 03 27 8F 3C
..               11:43:11.29 T  04 04
..               11:43:11.29 R  04 04
<                11:43:12.00 R  3C
..4:69..5:.202.. 11:43:12.28 T  0D 0A 34 3A 36 39 0D 0A 35 3A 2E 32 30 32 0D 0A
6:-280....117:P1 11:43:12.28 T  36 3A 2D 32 38 30 0D 0A 0D 0A 31 31 37 3A 50 31
..1:1..2:25..3:2 11:43:12.28 T  0D 0A 31 3A 31 0D 0A 32 3A 32 35 0D 0A 33 3A 32
..4:70..5:.209.. 11:43:12.28 T  0D 0A 34 3A 37 30 0D 0A 35 3A 2E 32 30 39 0D 0A
6:-291....118:P8 11:43:12.28 T  36 3A 2D 32 39 31 0D 0A 0D 0A 31 31 38 3A 50 38
6..1:71....119:P 11:43:12.28 T  36 0D 0A 31 3A 37 31 0D 0A 0D 0A 31 31 39 3A 50
86..1:71....120: 11:43:12.28 T  38 36 0D 0A 31 3A 37 31 0D 0A 0D 0A 31 32 30 3A
P1..1:1..2:25..3 11:43:12.28 T  50 31 0D 0A 31 3A 31 0D 0A 32 3A 32 35 0D 0A 33
:1..4:52..5:.1.. 11:43:12.28 T  3A 31 0D 0A 34 3A 35 32 0D 0A 35 3A 2E 31 0D 0A
6:19....121:P1.. 11:43:12.28 T  36 3A 31 39 0D 0A 0D 0A 31 32 31 3A 50 31 0D 0A
1:1..2:25..3:2.. 11:43:12.28 T  31 3A 31 0D 0A 32 3A 32 35 0D 0A 33 3A 32 0D 0A
4:58..5:1.6..6:1 11:43:12.28 T  34 3A 35 38 0D 0A 35 3A 31 2E 36 0D 0A 36 3A 31
7.7....122:P86.. 11:43:12.28 T  37 2E 37 0D 0A 0D 0A 31 32 32 3A 50 38 36 0D 0A
1:71....123:P86. 11:43:12.28 T  31 3A 37 31 0D 0A 0D 0A 31 32 33 3A 50 38 36 0D
.1:71....124:..  11:43:12.28 T  0A 31 3A 37 31 0D 0A 0D 0A 31 32 34 3A 03 03
....<            11:43:12.39 R  03 03 AF 98 3C
..               11:43:12.39 T  04 04
..               11:43:12.39 R  04 04
<                11:43:13.10 R  3C
P14..1:1..2:22.. 11:43:13.37 T  50 31 34 0D 0A 31 3A 31 0D 0A 32 3A 32 32 0D 0A
3:1..4:2..5:50.. 11:43:13.37 T  33 3A 31 0D 0A 34 3A 32 0D 0A 35 3A 35 30 0D 0A
6:53..7:1.0..8:0 11:43:13.37 T  36 3A 35 33 0D 0A 37 3A 31 2E 30 0D 0A 38 3A 30
.0....125:P86..1 11:43:13.37 T  2E 30 0D 0A 0D 0A 31 32 35 3A 50 38 36 0D 0A 31
:71....126:P86.. 11:43:13.37 T  3A 37 31 0D 0A 0D 0A 31 32 36 3A 50 38 36 0D 0A
1:71....127:P14. 11:43:13.37 T  31 3A 37 31 0D 0A 0D 0A 31 32 37 3A 50 31 34 0D
.1:1..2:22..3:1. 11:43:13.37 T  0A 31 3A 31 0D 0A 32 3A 32 32 0D 0A 33 3A 31 0D
.4:2..5:50..6:56 11:43:13.37 T  0A 34 3A 32 0D 0A 35 3A 35 30 0D 0A 36 3A 35 36
..7:1.0..8:0.0.. 11:43:13.37 T  0D 0A 37 3A 31 2E 30 0D 0A 38 3A 30 2E 30 0D 0A
..128:P86..1:71. 11:43:13.37 T  0D 0A 31 32 38 3A 50 38 36 0D 0A 31 3A 37 31 0D
...129:P86..1:71 11:43:13.37 T  0A 0D 0A 31 32 39 3A 50 38 36 0D 0A 31 3A 37 31
....130:P1..1:1. 11:43:13.37 T  0D 0A 0D 0A 31 33 30 3A 50 31 0D 0A 31 3A 31 0D
.2:25..3:1..4:59 11:43:13.37 T  0A 32 3A 32 35 0D 0A 33 3A 31 0D 0A 34 3A 35 39
..5:1.66..6:17.7 11:43:13.37 T  0D 0A 35 3A 31 2E 36 36 0D 0A 36 3A 31 37 2E 37
....131:P1..1..  11:43:13.37 T  0D 0A 0D 0A 31 33 31 3A 50 31 0D 0A 31 03 03
..\$<            11:43:13.43 R  03 03 5C 24 3C
..               11:43:13.43 T  04 04
..               11:43:13.43 R  04 04
<                11:43:14.20 R  3C
:1..2:25..3:2..4 11:43:14.47 T  3A 31 0D 0A 32 3A 32 35 0D 0A 33 3A 32 0D 0A 34
:71..5:.207..6:- 11:43:14.47 T  3A 37 31 0D 0A 35 3A 2E 32 30 37 0D 0A 36 3A 2D
287....132:P86.. 11:43:14.47 T  32 38 37 0D 0A 0D 0A 31 33 32 3A 50 38 36 0D 0A
1:71....133:P86. 11:43:14.47 T  31 3A 37 31 0D 0A 0D 0A 31 33 33 3A 50 38 36 0D
.1:71....134:P2. 11:43:14.47 T  0A 31 3A 37 31 0D 0A 0D 0A 31 33 34 3A 50 32 0D
.1:1..2:25..3:1. 11:43:14.47 T  0A 31 3A 31 0D 0A 32 3A 32 35 0D 0A 33 3A 31 0D
.4:19..5:.01..6: 11:43:14.47 T  0A 34 3A 31 39 0D 0A 35 3A 2E 30 31 0D 0A 36 3A
-4.5....135:P89. 11:43:14.47 T  2D 34 2E 35 0D 0A 0D 0A 31 33 35 3A 50 38 39 0D
.1:19..2:4..3:-5 11:43:14.47 T  0A 31 3A 31 39 0D 0A 32 3A 34 0D 0A 33 3A 2D 35
..4:30....136:P3 11:43:14.47 T  0D 0A 34 3A 33 30 0D 0A 0D 0A 31 33 36 3A 50 33
4..1:19..2:9.0.. 11:43:14.47 T  34 0D 0A 31 3A 31 39 0D 0A 32 3A 39 2E 30 0D 0A
3:19....137:P94. 11:43:14.47 T  33 3A 31 39 0D 0A 0D 0A 31 33 37 3A 50 39 34 0D
...138:P89..1:19 11:43:14.47 T  0A 0D 0A 31 33 38 3A 50 38 39 0D 0A 31 3A 31 39
..2:4..3:4..4:30 11:43:14.47 T  0D 0A 32 3A 34 0D 0A 33 3A 34 0D 0A 34 3A 33 30
....139:P30....  11:43:14.47 T  0D 0A 0D 0A 31 33 39 3A 50 33 30 0D 0A 03 03
....<            11:43:14.53 R  03 03 D1 03 3C
..               11:43:14.53 T  04 04
..               11:43:14.58 R  04 04
<                11:43:15.30 R  3C
1:0.0..2:00..3:1 11:43:15.57 T  31 3A 30 2E 30 0D 0A 32 3A 30 30 0D 0A 33 3A 31
9....140:P95.... 11:43:15.57 T  39 0D 0A 0D 0A 31 34 30 3A 50 39 35 0D 0A 0D 0A
141:P95....142:P 11:43:15.57 T  31 34 31 3A 50 39 35 0D 0A 0D 0A 31 34 32 3A 50
86..1:71....143: 11:43:15.57 T  38 36 0D 0A 31 3A 37 31 0D 0A 0D 0A 31 34 33 3A
P86..1:71....144 11:43:15.57 T  50 38 36 0D 0A 31 3A 37 31 0D 0A 0D 0A 31 34 34
:P86..1:71....14 11:43:15.57 T  3A 50 38 36 0D 0A 31 3A 37 31 0D 0A 0D 0A 31 34
5:P86..1:71....1 11:43:15.57 T  35 3A 50 38 36 0D 0A 31 3A 37 31 0D 0A 0D 0A 31
46:P1..1:1..2:25 11:43:15.57 T  34 36 3A 50 31 0D 0A 31 3A 31 0D 0A 32 3A 32 35
..3:1..4:15..5:. 11:43:15.57 T  0D 0A 33 3A 31 0D 0A 34 3A 31 35 0D 0A 35 3A 2E
095..6:0.0....14 11:43:15.57 T  30 39 35 0D 0A 36 3A 30 2E 30 0D 0A 0D 0A 31 34
7:P1..1:1..2:25. 11:43:15.57 T  37 3A 50 31 0D 0A 31 3A 31 0D 0A 32 3A 32 35 0D
.3:2..4:13..5:.0 11:43:15.57 T  0A 33 3A 32 0D 0A 34 3A 31 33 0D 0A 35 3A 2E 30
34..6:0....148:P 11:43:15.57 T  33 34 0D 0A 36 3A 30 0D 0A 0D 0A 31 34 38 3A 50
1..1:1..2:25..3: 11:43:15.57 T  31 0D 0A 31 3A 31 0D 0A 32 3A 32 35 0D 0A 33 3A
3..4:16..5:-1..  11:43:15.57 T  33 0D 0A 34 3A 31 36 0D 0A 35 3A 2D 31 03 03
....<            11:43:15.63 R  03 03 2E B2 3C
..               11:43:15.63 T  04 04
..               11:43:15.63 R  04 04
<                11:43:16.34 R  3C
..6:250....149:P 11:43:16.62 T  0D 0A 36 3A 32 35 30 0D 0A 0D 0A 31 34 39 3A 50
1..1:1..2:25..3: 11:43:16.62 T  31 0D 0A 31 3A 31 0D 0A 32 3A 32 35 0D 0A 33 3A
4..4:14..5:-30.. 11:43:16.62 T  34 0D 0A 34 3A 31 34 0D 0A 35 3A 2D 33 30 0D 0A
6:0.0....150:P86 11:43:16.62 T  36 3A 30 2E 30 0D 0A 0D 0A 31 35 30 3A 50 38 36
..1:71....151:P8 11:43:16.62 T  0D 0A 31 3A 37 31 0D 0A 0D 0A 31 35 31 3A 50 38
6..1:71....152:P 11:43:16.62 T  36 0D 0A 31 3A 37 31 0D 0A 0D 0A 31 35 32 3A 50
14..1:1..2:22..3 11:43:16.62 T  31 34 0D 0A 31 3A 31 0D 0A 32 3A 32 32 0D 0A 33
:1..4:2..5:7..6: 11:43:16.62 T  3A 31 0D 0A 34 3A 32 0D 0A 35 3A 37 0D 0A 36 3A
8..7:1.0..8:0.0. 11:43:16.62 T  38 0D 0A 37 3A 31 2E 30 0D 0A 38 3A 30 2E 30 0D
...153:P86..1:52 11:43:16.62 T  0A 0D 0A 31 35 33 3A 50 38 36 0D 0A 31 3A 35 32
....154:P33..1:5 11:43:16.62 T  0D 0A 0D 0A 31 35 34 3A 50 33 33 0D 0A 31 3A 35
5..2:57..3:56... 11:43:16.62 T  35 0D 0A 32 3A 35 37 0D 0A 33 3A 35 36 0D 0A 0D
.155:P37..1:56.. 11:43:16.62 T  0A 31 35 35 3A 50 33 37 0D 0A 31 3A 35 36 0D 0A
2:0.5..3:56....1 11:43:16.62 T  32 3A 30 2E 35 0D 0A 33 3A 35 36 0D 0A 0D 0A 31
56:P91..1:11...  11:43:16.62 T  35 36 3A 50 39 31 0D 0A 31 3A 31 31 0D 03 03
....<            11:43:16.72 R  03 03 9F BF 3C
..               11:43:16.72 T  04 04
..               11:43:16.72 R  04 04
<                11:43:17.44 R  3C
.2:30....157:P89 11:43:17.71 T  0A 32 3A 33 30 0D 0A 0D 0A 31 35 37 3A 50 38 39
..1:29..2:1..3:0 11:43:17.71 T  0D 0A 31 3A 32 39 0D 0A 32 3A 31 0D 0A 33 3A 30
.0..4:30....158: 11:43:17.71 T  2E 30 0D 0A 34 3A 33 30 0D 0A 0D 0A 31 35 38 3A
P31..1:66..2:92. 11:43:17.71 T  50 33 31 0D 0A 31 3A 36 36 0D 0A 32 3A 39 32 0D
...159:P31..1:67 11:43:17.71 T  0A 0D 0A 31 35 39 3A 50 33 31 0D 0A 31 3A 36 37
..2:93....160:P3 11:43:17.71 T  0D 0A 32 3A 39 33 0D 0A 0D 0A 31 36 30 3A 50 33
1..1:68..2:94... 11:43:17.71 T  31 0D 0A 31 3A 36 38 0D 0A 32 3A 39 34 0D 0A 0D
.161:P20..1:9001 11:43:17.71 T  0A 31 36 31 3A 50 32 30 0D 0A 31 3A 39 30 30 31
..2:1199....162: 11:43:17.71 T  0D 0A 32 3A 31 31 39 39 0D 0A 0D 0A 31 36 32 3A
P86..1:78....163 11:43:17.71 T  50 38 36 0D 0A 31 3A 37 38 0D 0A 0D 0A 31 36 33
:P95....164:P89. 11:43:17.71 T  3A 50 39 35 0D 0A 0D 0A 31 36 34 3A 50 38 39 0D
.1:29..2:1..3:4. 11:43:17.71 T  0A 31 3A 32 39 0D 0A 32 3A 31 0D 0A 33 3A 34 0D
.4:30....165:P20 11:43:17.71 T  0A 34 3A 33 30 0D 0A 0D 0A 31 36 35 3A 50 32 30
..1:9001..2:1099 11:43:17.71 T  0D 0A 31 3A 39 30 30 31 0D 0A 32 3A 31 30 39 39
....166:P86....  11:43:17.71 T  0D 0A 0D 0A 31 36 36 3A 50 38 36 0D 0A 03 03
..{.<            11:43:17.82 R  03 03 7B FC 3C
..               11:43:17.82 T  04 04
..               11:43:17.82 R  04 04
<                11:43:18.54 R  3C
1:78....167:P35. 11:43:18.81 T  31 3A 37 38 0D 0A 0D 0A 31 36 37 3A 50 33 35 0D
.1:66..2:92..3:8 11:43:18.81 T  0A 31 3A 36 36 0D 0A 32 3A 39 32 0D 0A 33 3A 38
9....168:P36..1: 11:43:18.81 T  39 0D 0A 0D 0A 31 36 38 3A 50 33 36 0D 0A 31 3A
89..2:34..3:75.. 11:43:18.81 T  38 39 0D 0A 32 3A 33 34 0D 0A 33 3A 37 35 0D 0A
..169:P33..1:75. 11:43:18.81 T  0D 0A 31 36 39 3A 50 33 33 0D 0A 31 3A 37 35 0D
.2:33..3:75....1 11:43:18.87 T  0A 32 3A 33 33 0D 0A 33 3A 37 35 0D 0A 0D 0A 31
70:P35..1:67..2: 11:43:18.87 T  37 30 3A 50 33 35 0D 0A 31 3A 36 37 0D 0A 32 3A
93..3:90....171: 11:43:18.87 T  39 33 0D 0A 33 3A 39 30 0D 0A 0D 0A 31 37 31 3A
P36..1:90..2:36. 11:43:18.87 T  50 33 36 0D 0A 31 3A 39 30 0D 0A 32 3A 33 36 0D
.3:76....172:P33 11:43:18.87 T  0A 33 3A 37 36 0D 0A 0D 0A 31 37 32 3A 50 33 33
..1:76..2:35..3: 11:43:18.87 T  0D 0A 31 3A 37 36 0D 0A 32 3A 33 35 0D 0A 33 3A
76....173:P35..1 11:43:18.87 T  37 36 0D 0A 0D 0A 31 37 33 3A 50 33 35 0D 0A 31
:68..2:94..3:91. 11:43:18.87 T  3A 36 38 0D 0A 32 3A 39 34 0D 0A 33 3A 39 31 0D
...174:P36..1:91 11:43:18.87 T  0A 0D 0A 31 37 34 3A 50 33 36 0D 0A 31 3A 39 31
..2:38..3:77...  11:43:18.87 T  0D 0A 32 3A 33 38 0D 0A 33 3A 37 37 0D 03 03
..Q.<            11:43:18.92 R  03 03 51 BE 3C
..               11:43:18.92 T  04 04
..               11:43:18.92 R  04 04
<                11:43:19.64 R  3C
...175:P33..1:77 11:43:19.91 T  0A 0D 0A 31 37 35 3A 50 33 33 0D 0A 31 3A 37 37
..2:37..3:77.... 11:43:19.91 T  0D 0A 32 3A 33 37 0D 0A 33 3A 37 37 0D 0A 0D 0A
176:P31..1:72..2 11:43:19.91 T  31 37 36 3A 50 33 31 0D 0A 31 3A 37 32 0D 0A 32
:95....177:P31.. 11:43:19.91 T  3A 39 35 0D 0A 0D 0A 31 37 37 3A 50 33 31 0D 0A
1:73..2:96....17 11:43:19.91 T  31 3A 37 33 0D 0A 32 3A 39 36 0D 0A 0D 0A 31 37
8:P20..1:9010..2 11:43:19.91 T  38 3A 50 32 30 0D 0A 31 3A 39 30 31 30 0D 0A 32
:1199....179:P86 11:43:19.91 T  3A 31 31 39 39 0D 0A 0D 0A 31 37 39 3A 50 38 36
..1:78....180:P9 11:43:19.91 T  0D 0A 31 3A 37 38 0D 0A 0D 0A 31 38 30 3A 50 39
5....181:P89..1: 11:43:19.91 T  35 0D 0A 0D 0A 31 38 31 3A 50 38 39 0D 0A 31 3A
29..2:1..3:8..4: 11:43:19.91 T  32 39 0D 0A 32 3A 31 0D 0A 33 3A 38 0D 0A 34 3A
30....182:P20..1 11:43:19.91 T  33 30 0D 0A 0D 0A 31 38 32 3A 50 32 30 0D 0A 31
:9010..2:1099... 11:43:19.91 T  3A 39 30 31 30 0D 0A 32 3A 31 30 39 39 0D 0A 0D
.183:P86..1:78.. 11:43:19.91 T  0A 31 38 33 3A 50 38 36 0D 0A 31 3A 37 38 0D 0A
..184:P35..1:72. 11:43:19.91 T  0D 0A 31 38 34 3A 50 33 35 0D 0A 31 3A 37 32 0D
.2:95..3:97....  11:43:19.91 T  0A 32 3A 39 35 0D 0A 33 3A 39 37 0D 0A 03 03
....<            11:43:20.02 R  03 03 9F 9A 3C
..               11:43:20.02 T  04 04
..               11:43:20.02 R  04 04
<                11:43:20.73 R  3C
..185:P36..1:97. 11:43:21.01 T  0D 0A 31 38 35 3A 50 33 36 0D 0A 31 3A 39 37 0D
.2:46..3:81....1 11:43:21.01 T  0A 32 3A 34 36 0D 0A 33 3A 38 31 0D 0A 0D 0A 31
86:P33..1:81..2: 11:43:21.01 T  38 36 3A 50 33 33 0D 0A 31 3A 38 31 0D 0A 32 3A
45..3:81....187: 11:43:21.01 T  34 35 0D 0A 33 3A 38 31 0D 0A 0D 0A 31 38 37 3A
P35..1:73..2:96. 11:43:21.01 T  50 33 35 0D 0A 31 3A 37 33 0D 0A 32 3A 39 36 0D
.3:98....188:P36 11:43:21.01 T  0A 33 3A 39 38 0D 0A 0D 0A 31 38 38 3A 50 33 36
..1:98..2:48..3: 11:43:21.01 T  0D 0A 31 3A 39 38 0D 0A 32 3A 34 38 0D 0A 33 3A
82....189:P33..1 11:43:21.01 T  38 32 0D 0A 0D 0A 31 38 39 3A 50 33 33 0D 0A 31
:82..2:47..3:82. 11:43:21.01 T  3A 38 32 0D 0A 32 3A 34 37 0D 0A 33 3A 38 32 0D
...190:P31..1:69 11:43:21.01 T  0A 0D 0A 31 39 30 3A 50 33 31 0D 0A 31 3A 36 39
..2:99....191:P3 11:43:21.01 T  0D 0A 32 3A 39 39 0D 0A 0D 0A 31 39 31 3A 50 33
1..1:70..2:100.. 11:43:21.01 T  31 0D 0A 31 3A 37 30 0D 0A 32 3A 31 30 30 0D 0A
..192:P31..1:71. 11:43:21.01 T  0D 0A 31 39 32 3A 50 33 31 0D 0A 31 3A 37 31 0D
.2:101....193:P2 11:43:21.01 T  0A 32 3A 31 30 31 0D 0A 0D 0A 31 39 33 3A 50 32
0..1:9010..2:..  11:43:21.01 T  30 0D 0A 31 3A 39 30 31 30 0D 0A 32 3A 03 03
....<            11:43:21.06 R  03 03 9E F6 3C
..               11:43:21.06 T  04 04
..               11:43:21.12 R  04 04
<                11:43:21.78 R  3C
0199....194:P86. 11:43:22.05 T  30 31 39 39 0D 0A 0D 0A 31 39 34 3A 50 38 36 0D
.1:78....195:P95 11:43:22.05 T  0A 31 3A 37 38 0D 0A 0D 0A 31 39 35 3A 50 39 35
....196:P89..1:2 11:43:22.05 T  0D 0A 0D 0A 31 39 36 3A 50 38 39 0D 0A 31 3A 32
9..2:1..3:12..4: 11:43:22.05 T  39 0D 0A 32 3A 31 0D 0A 33 3A 31 32 0D 0A 34 3A
30....197:P20..1 11:43:22.05 T  33 30 0D 0A 0D 0A 31 39 37 3A 50 32 30 0D 0A 31
:9010..2:0099... 11:43:22.05 T  3A 39 30 31 30 0D 0A 32 3A 30 30 39 39 0D 0A 0D
.198:P86..1:78.. 11:43:22.05 T  0A 31 39 38 3A 50 38 36 0D 0A 31 3A 37 38 0D 0A
..199:P35..1:69. 11:43:22.05 T  0D 0A 31 39 39 3A 50 33 35 0D 0A 31 3A 36 39 0D
.2:99..3:102.... 11:43:22.05 T  0A 32 3A 39 39 0D 0A 33 3A 31 30 32 0D 0A 0D 0A
200:P36..1:102.. 11:43:22.05 T  32 30 30 3A 50 33 36 0D 0A 31 3A 31 30 32 0D 0A
2:40..3:78....20 11:43:22.05 T  32 3A 34 30 0D 0A 33 3A 37 38 0D 0A 0D 0A 32 30
1:P33..1:78..2:3 11:43:22.05 T  31 3A 50 33 33 0D 0A 31 3A 37 38 0D 0A 32 3A 33
9..3:78....202:P 11:43:22.05 T  39 0D 0A 33 3A 37 38 0D 0A 0D 0A 32 30 32 3A 50
35..1:70..2:100. 11:43:22.05 T  33 35 0D 0A 31 3A 37 30 0D 0A 32 3A 31 30 30 0D
.3:103....203..  11:43:22.05 T  0A 33 3A 31 30 33 0D 0A 0D 0A 32 30 33 03 03
..Z.<            11:43:22.16 R  03 03 5A FA 3C
..               11:43:22.16 T  04 04
..               11:43:22.16 R  04 04
<                11:43:22.88 R  3C
:P36..1:103..2:4 11:43:23.15 T  3A 50 33 36 0D 0A 31 3A 31 30 33 0D 0A 32 3A 34
2..3:79....204:P 11:43:23.15 T  32 0D 0A 33 3A 37 39 0D 0A 0D 0A 32 30 34 3A 50
33..1:79..2:41.. 11:43:23.15 T  33 33 0D 0A 31 3A 37 39 0D 0A 32 3A 34 31 0D 0A
3:79....205:P35. 11:43:23.15 T  33 3A 37 39 0D 0A 0D 0A 32 30 35 3A 50 33 35 0D
.1:71..2:101..3: 11:43:23.15 T  0A 31 3A 37 31 0D 0A 32 3A 31 30 31 0D 0A 33 3A
104....206:P36.. 11:43:23.15 T  31 30 34 0D 0A 0D 0A 32 30 36 3A 50 33 36 0D 0A
1:104..2:44..3:8 11:43:23.15 T  31 3A 31 30 34 0D 0A 32 3A 34 34 0D 0A 33 3A 38
0....207:P33..1: 11:43:23.15 T  30 0D 0A 0D 0A 32 30 37 3A 50 33 33 0D 0A 31 3A
80..2:43..3:80.. 11:43:23.15 T  38 30 0D 0A 32 3A 34 33 0D 0A 33 3A 38 30 0D 0A
..208:P95....209 11:43:23.15 T  0D 0A 32 30 38 3A 50 39 35 0D 0A 0D 0A 32 30 39
:P32..1:29....21 11:43:23.15 T  3A 50 33 32 0D 0A 31 3A 32 39 0D 0A 0D 0A 32 31
0:P89..1:29..2:1 11:43:23.15 T  30 3A 50 38 39 0D 0A 31 3A 32 39 0D 0A 32 3A 31
..3:13..4:30.... 11:43:23.15 T  0D 0A 33 3A 31 33 0D 0A 34 3A 33 30 0D 0A 0D 0A
211:P30..1:0.0.. 11:43:23.15 T  32 31 31 3A 50 33 30 0D 0A 31 3A 30 2E 30 0D 0A
2:00..3:24.....  11:43:23.15 T  32 3A 30 30 0D 0A 33 3A 32 34 0D 0A 0D 03 03
....<            11:43:23.21 R  03 03 BC D2 3C
..               11:43:23.21 T  04 04
..               11:43:23.26 R  04 04
<                11:43:23.98 R  3C
.212:P30..1:0.0. 11:43:24.25 T  0A 32 31 32 3A 50 33 30 0D 0A 31 3A 30 2E 30 0D
.2:00..3:25....2 11:43:24.25 T  0A 32 3A 30 30 0D 0A 33 3A 32 35 0D 0A 0D 0A 32
13:P31..1:75..2: 11:43:24.25 T  31 33 3A 50 33 31 0D 0A 31 3A 37 35 0D 0A 32 3A
23....214:P86..1 11:43:24.25 T  32 33 0D 0A 0D 0A 32 31 34 3A 50 38 36 0D 0A 31
:01....215:P31.. 11:43:24.25 T  3A 30 31 0D 0A 0D 0A 32 31 35 3A 50 33 31 0D 0A
1:76..2:23....21 11:43:24.25 T  31 3A 37 36 0D 0A 32 3A 32 33 0D 0A 0D 0A 32 31
6:P86..1:01....2 11:43:24.25 T  36 3A 50 38 36 0D 0A 31 3A 30 31 0D 0A 0D 0A 32
17:P31..1:77..2: 11:43:24.25 T  31 37 3A 50 33 31 0D 0A 31 3A 37 37 0D 0A 32 3A
23....218:P86..1 11:43:24.25 T  32 33 0D 0A 0D 0A 32 31 38 3A 50 38 36 0D 0A 31
:01....219:P31.. 11:43:24.25 T  3A 30 31 0D 0A 0D 0A 32 31 39 3A 50 33 31 0D 0A
1:78..2:23....22 11:43:24.25 T  31 3A 37 38 0D 0A 32 3A 32 33 0D 0A 0D 0A 32 32
0:P86..1:01....2 11:43:24.25 T  30 3A 50 38 36 0D 0A 31 3A 30 31 0D 0A 0D 0A 32
21:P31..1:79..2: 11:43:24.25 T  32 31 3A 50 33 31 0D 0A 31 3A 37 39 0D 0A 32 3A
23....222:P86..1 11:43:24.25 T  32 33 0D 0A 0D 0A 32 32 32 3A 50 38 36 0D 0A 31
:01....223:P3..  11:43:24.25 T  3A 30 31 0D 0A 0D 0A 32 32 33 3A 50 33 03 03
..b.<            11:43:24.30 R  03 03 62 89 3C
..               11:43:24.30 T  04 04
..               11:43:24.36 R  04 04
<                11:43:25.07 R  3C
1..1:80..2:23... 11:43:25.35 T  31 0D 0A 31 3A 38 30 0D 0A 32 3A 32 33 0D 0A 0D
.224:P86..1:01.. 11:43:25.35 T  0A 32 32 34 3A 50 38 36 0D 0A 31 3A 30 31 0D 0A
..225:P31..1:81. 11:43:25.35 T  0D 0A 32 32 35 3A 50 33 31 0D 0A 31 3A 38 31 0D
.2:23....226:P86 11:43:25.35 T  0A 32 3A 32 33 0D 0A 0D 0A 32 32 36 3A 50 38 36
..1:01....227:P3 11:43:25.35 T  0D 0A 31 3A 30 31 0D 0A 0D 0A 32 32 37 3A 50 33
1..1:82..2:23... 11:43:25.35 T  31 0D 0A 31 3A 38 32 0D 0A 32 3A 32 33 0D 0A 0D
.228:P86..1:01.. 11:43:25.35 T  0A 32 32 38 3A 50 38 36 0D 0A 31 3A 30 31 0D 0A
..229:P38..1:24. 11:43:25.35 T  0D 0A 32 32 39 3A 50 33 38 0D 0A 31 3A 32 34 0D
.2:25..3:26....2 11:43:25.35 T  0A 32 3A 32 35 0D 0A 33 3A 32 36 0D 0A 0D 0A 32
30:P30..1:0.0..2 11:43:25.35 T  33 30 3A 50 33 30 0D 0A 31 3A 30 2E 30 0D 0A 32
:00..3:29....231 11:43:25.35 T  3A 30 30 0D 0A 33 3A 32 39 0D 0A 0D 0A 32 33 31
:P86..1:21....23 11:43:25.35 T  3A 50 38 36 0D 0A 31 3A 32 31 0D 0A 0D 0A 32 33
2:P95....233:P95 11:43:25.35 T  32 3A 50 39 35 0D 0A 0D 0A 32 33 33 3A 50 39 35
....234:P3..1:1. 11:43:25.35 T  0D 0A 0D 0A 32 33 34 3A 50 33 0D 0A 31 3A 31 0D
.2:1..3:2..4:..  11:43:25.35 T  0A 32 3A 31 0D 0A 33 3A 32 0D 0A 34 3A 03 03
..<.<            11:43:25.40 R  03 03 3C E8 3C
..               11:43:25.40 T  04 04
..               11:43:25.46 R  04 04
<                11:43:26.23 R  3C
28..5:.114..6:0. 11:43:26.50 T  32 38 0D 0A 35 3A 2E 31 31 34 0D 0A 36 3A 30 2E
0....235:P33..1: 11:43:26.50 T  30 0D 0A 0D 0A 32 33 35 3A 50 33 33 0D 0A 31 3A
27..2:28..3:27.. 11:43:26.50 T  32 37 0D 0A 32 3A 32 38 0D 0A 33 3A 32 37 0D 0A
..236:P91..1:13. 11:43:26.50 T  0D 0A 32 33 36 3A 50 39 31 0D 0A 31 3A 31 33 0D
.2:30....237:P88 11:43:26.50 T  0A 32 3A 33 30 0D 0A 0D 0A 32 33 37 3A 50 38 38
..1:84..2:1..3:3 11:43:26.50 T  0D 0A 31 3A 38 34 0D 0A 32 3A 31 0D 0A 33 3A 33
1..4:11....238:P 11:43:26.50 T  31 0D 0A 34 3A 31 31 0D 0A 0D 0A 32 33 38 3A 50
89..1:114..2:1.. 11:43:26.50 T  38 39 0D 0A 31 3A 31 31 34 0D 0A 32 3A 31 0D 0A
3:1..4:30....239 11:43:26.50 T  33 3A 31 0D 0A 34 3A 33 30 0D 0A 0D 0A 32 33 39
:P88..1:74..2:4. 11:43:26.50 T  3A 50 38 38 0D 0A 31 3A 37 34 0D 0A 32 3A 34 0D
.3:115..4:30.... 11:43:26.50 T  0A 33 3A 31 31 35 0D 0A 34 3A 33 30 0D 0A 0D 0A
240:P88..1:117.. 11:43:26.50 T  32 34 30 3A 50 38 38 0D 0A 31 3A 31 31 37 0D 0A
2:4..3:116..4:30 11:43:26.50 T  32 3A 34 0D 0A 33 3A 31 31 36 0D 0A 34 3A 33 30
....241:P20..1:9 11:43:26.50 T  0D 0A 0D 0A 32 34 31 3A 50 32 30 0D 0A 31 3A 39
100..2:0199....  11:43:26.50 T  31 30 30 0D 0A 32 3A 30 31 39 39 0D 0A 03 03
....<            11:43:26.56 R  03 03 E1 E5 3C
..               11:43:26.56 T  04 04
..               11:43:26.56 R  04 04
<                11:43:27.27 R  3C
..242:P86..1:78. 11:43:27.55 T  0D 0A 32 34 32 3A 50 38 36 0D 0A 31 3A 37 38 0D
...243:P20..1:90 11:43:27.55 T  0A 0D 0A 32 34 33 3A 50 32 30 0D 0A 31 3A 39 30
11..2:0199....24 11:43:27.55 T  31 31 0D 0A 32 3A 30 31 39 39 0D 0A 0D 0A 32 34
4:P86..1:78....2 11:43:27.55 T  34 3A 50 38 36 0D 0A 31 3A 37 38 0D 0A 0D 0A 32
45:P86..1:12.... 11:43:27.55 T  34 35 3A 50 38 36 0D 0A 31 3A 31 32 0D 0A 0D 0A
246:P95....247:P 11:43:27.55 T  32 34 36 3A 50 39 35 0D 0A 0D 0A 32 34 37 3A 50
95....248:P95... 11:43:27.55 T  39 35 0D 0A 0D 0A 32 34 38 3A 50 39 35 0D 0A 0D
.249:P91..1:12.. 11:43:27.55 T  0A 32 34 39 3A 50 39 31 0D 0A 31 3A 31 32 0D 0A
2:30....250:P88. 11:43:27.55 T  32 3A 33 30 0D 0A 0D 0A 32 35 30 3A 50 38 38 0D
.1:27..2:3..3:49 11:43:27.55 T  0A 31 3A 32 37 0D 0A 32 3A 33 0D 0A 33 3A 34 39
..4:30....251:P2 11:43:27.55 T  0D 0A 34 3A 33 30 0D 0A 0D 0A 32 35 31 3A 50 32
0..1:9011..2:009 11:43:27.55 T  30 0D 0A 31 3A 39 30 31 31 0D 0A 32 3A 30 30 39
9....252:P86..1: 11:43:27.55 T  39 0D 0A 0D 0A 32 35 32 3A 50 38 36 0D 0A 31 3A
78....253:P33..1 11:43:27.55 T  37 38 0D 0A 0D 0A 32 35 33 3A 50 33 33 0D 0A 31
:74..2:27..3:..  11:43:27.55 T  3A 37 34 0D 0A 32 3A 32 37 0D 0A 33 3A 03 03
..*%<            11:43:27.66 R  03 03 2A 25 3C
..               11:43:27.66 T  04 04
..               11:43:27.66 R  04 04
<                11:43:28.42 R  3C
74....254:P32..1 11:43:28.70 T  37 34 0D 0A 0D 0A 32 35 34 3A 50 33 32 0D 0A 31
:117....255:P86. 11:43:28.70 T  3A 31 31 37 0D 0A 0D 0A 32 35 35 3A 50 38 36 0D
.1:22....256:P30 11:43:28.70 T  0A 31 3A 32 32 0D 0A 0D 0A 32 35 36 3A 50 33 30
..1:0.0..2:00..3 11:43:28.70 T  0D 0A 31 3A 30 2E 30 0D 0A 32 3A 30 30 0D 0A 33
:27....257:P95.. 11:43:28.70 T  3A 32 37 0D 0A 0D 0A 32 35 37 3A 50 39 35 0D 0A
..258:P95....259 11:43:28.70 T  0D 0A 32 35 38 3A 50 39 35 0D 0A 0D 0A 32 35 39
:P95....260:P88. 11:43:28.70 T  3A 50 39 35 0D 0A 0D 0A 32 36 30 3A 50 38 38 0D
.1:84..2:1..3:30 11:43:28.70 T  0A 31 3A 38 34 0D 0A 32 3A 31 0D 0A 33 3A 33 30
..4:2......MODE  11:43:28.70 T  0D 0A 34 3A 32 0D 0A 0D 0A 0D 0A 4D 4F 44 45 20
2..SCAN RATE 0.. 11:43:28.70 T  32 0D 0A 53 43 41 4E 20 52 41 54 45 20 30 0D 0A
....MODE 3..1:P8 11:43:28.70 T  0D 0A 0D 0A 4D 4F 44 45 20 33 0D 0A 31 3A 50 38
5..1:01....2:P88 11:43:28.70 T  35 0D 0A 31 3A 30 31 0D 0A 0D 0A 32 3A 50 38 38
..1:20..2:4..3:2 11:43:28.70 T  0D 0A 31 3A 32 30 0D 0A 32 3A 34 0D 0A 33 3A 32
3..4:30....3:P88 11:43:28.70 T  33 0D 0A 34 3A 33 30 0D 0A 0D 0A 33 3A 50 38 38
..1:23..2:4....  11:43:28.70 T  0D 0A 31 3A 32 33 0D 0A 32 3A 34 0D 0A 03 03
....<            11:43:28.75 R  03 03 C0 99 3C
..               11:43:28.75 T  04 04
..               11:43:28.81 R  04 04
<                11:43:29.63 R  3C
3:21..4:30....4: 11:43:29.91 T  33 3A 32 31 0D 0A 34 3A 33 30 0D 0A 0D 0A 34 3A
P33..1:24..2:23. 11:43:29.91 T  50 33 33 0D 0A 31 3A 32 34 0D 0A 32 3A 32 33 0D
.3:24....5:P32.. 11:43:29.91 T  0A 33 3A 32 34 0D 0A 0D 0A 35 3A 50 33 32 0D 0A
1:25....6:P95... 11:43:29.91 T  31 3A 32 35 0D 0A 0D 0A 36 3A 50 39 35 0D 0A 0D
.7:P95....8:P95. 11:43:29.91 T  0A 37 3A 50 39 35 0D 0A 0D 0A 38 3A 50 39 35 0D
...9:P85..1:02.. 11:43:29.91 T  0A 0D 0A 39 3A 50 38 35 0D 0A 31 3A 30 32 0D 0A
..10:P86..1:10.. 11:43:29.91 T  0D 0A 31 30 3A 50 38 36 0D 0A 31 3A 31 30 0D 0A
..11:P80..1:01.. 11:43:29.91 T  0D 0A 31 31 3A 50 38 30 0D 0A 31 3A 30 31 0D 0A
2:11....12:P77.. 11:43:29.91 T  32 3A 31 31 0D 0A 0D 0A 31 32 3A 50 37 37 0D 0A
1:1110....13:P70 11:43:29.91 T  31 3A 31 31 31 30 0D 0A 0D 0A 31 33 3A 50 37 30
..1:8..2:75....1 11:43:29.91 T  0D 0A 31 3A 38 0D 0A 32 3A 37 35 0D 0A 0D 0A 31
4:P70..1:8..2:66 11:43:29.91 T  34 3A 50 37 30 0D 0A 31 3A 38 0D 0A 32 3A 36 36
....15:P70..1:4. 11:43:29.91 T  0D 0A 0D 0A 31 35 3A 50 37 30 0D 0A 31 3A 34 0D
.2:62....16:P70. 11:43:29.91 T  0A 32 3A 36 32 0D 0A 0D 0A 31 36 3A 50 37 30 0D
.1:1..2:74.....  11:43:29.91 T  0A 31 3A 31 0D 0A 32 3A 37 34 0D 0A 0D 03 03
...4<            11:43:30.02 R  03 03 0B 34 3C
..               11:43:30.02 T  04 04
..               11:43:30.02 R  04 04
<                11:43:30.68 R  3C
.17:P70..1:5..2: 11:43:30.95 T  0A 31 37 3A 50 37 30 0D 0A 31 3A 35 0D 0A 32 3A
53....18:P70..1: 11:43:30.95 T  35 33 0D 0A 0D 0A 31 38 3A 50 37 30 0D 0A 31 3A
1..2:51....19:P7 11:43:30.95 T  31 0D 0A 32 3A 35 31 0D 0A 0D 0A 31 39 3A 50 37
0..1:1..2:52.... 11:43:30.95 T  30 0D 0A 31 3A 31 0D 0A 32 3A 35 32 0D 0A 0D 0A
20:P70..1:3..2:5 11:43:30.95 T  32 30 3A 50 37 30 0D 0A 31 3A 33 0D 0A 32 3A 35
8....21:P71..1:5 11:43:30.95 T  38 0D 0A 0D 0A 32 31 3A 50 37 31 0D 0A 31 3A 35
..2:1....22:P70. 11:43:30.95 T  0D 0A 32 3A 31 0D 0A 0D 0A 32 32 3A 50 37 30 0D
.1:1..2:26....23 11:43:30.95 T  0A 31 3A 31 0D 0A 32 3A 32 36 0D 0A 0D 0A 32 33
:P95......MODE 1 11:43:30.95 T  3A 50 39 35 0D 0A 0D 0A 0D 0A 4D 4F 44 45 20 31
0..1:117..2:64.. 11:43:30.95 T  30 0D 0A 31 3A 31 31 37 0D 0A 32 3A 36 34 0D 0A
3:0......MODE 12 11:43:30.95 T  33 3A 30 0D 0A 0D 0A 0D 0A 4D 4F 44 45 20 31 32
..1:0000..2:0000 11:43:30.95 T  0D 0A 31 3A 30 30 30 30 0D 0A 32 3A 30 30 30 30
..3:0000......   11:43:30.95 T  0D 0A 33 3A 30 30 30 30 0D 0A 0D 0A 03 03
....<            11:43:31.06 R  03 03 86 AC 3C
..               11:43:31.06 T  05 05
..               11:43:31.06 R  05 05
.                11:43:35.51 T  0D
.                11:43:36.22 T  0D
.                11:43:36.94 T  0D
.                11:43:37.65 T  0D
.                11:43:38.37 T  0D
.                11:43:39.08 T  0D
..13:0000  ..>.. 11:43:39.13 R  0D 0A 31 33 3A 30 30 30 30 20 20 0D 0A 3E 0D 0A
>..>..>..>..>..> 11:43:39.19 R  3E 0D 0A 3E 0D 0A 3E 0D 0A 3E 0D 0A 3E 0D 0A 3E
*                11:43:39.19 T  2A
..MODE           11:43:39.19 R  0D 0A 4D 4F 44 45 20
0                11:43:39.19 T  30
00..LOG 1..*     11:43:39.19 R  30 30 0D 0A 4C 4F 47 20 31 0D 0A 2A
.                11:43:42.21 T  0D
..*              11:43:42.21 R  0D 0A 2A
1A.              11:43:42.38 T  31 41 0D
1A.. R+493. F+49 11:43:42.38 R  31 41 0D 0A 20 52 2B 34 39 33 2E 20 46 2B 34 39
2. V5 A1 L+493.  11:43:42.38 R  32 2E 20 56 35 20 41 31 20 4C 2B 34 39 33 2E 20
E11 00 80 M2304  11:43:42.38 R  45 31 31 20 30 30 20 38 30 20 4D 32 33 30 34 20
  B+3.1446 C2905 11:43:42.43 R  20 20 42 2B 33 2E 31 34 34 36 20 43 32 39 30 35
  ..*            11:43:42.43 R  20 20 0D 0A 2A
489G.            11:43:42.43 T  34 38 39 47 0D
489G.. A1 L+489  11:43:42.48 R  34 38 39 47 0D 0A 20 41 31 20 4C 2B 34 38 39 20
C0820  ..*       11:43:42.48 R  43 30 38 32 30 20 20 0D 0A 2A
4F.              11:43:42.48 T  34 46 0D
4F..I..p/(`...   11:43:42.48 R  34 46 0D 0A 49 B7 F7 70 2F 28 60 00 08 16
2A.              11:43:42.54 T  32 41 0D
2A.. R+493. F+49 11:43:42.54 R  32 41 0D 0A 20 52 2B 34 39 33 2E 20 46 2B 34 39
2. V5 A1 L+493.  11:43:42.54 R  32 2E 20 56 35 20 41 31 20 4C 2B 34 39 33 2E 20
E11 00 80 M2304  11:43:42.59 R  45 31 31 20 30 30 20 38 30 20 4D 32 33 30 34 20
  B+3.1446 C2906 11:43:42.59 R  20 20 42 2B 33 2E 31 34 34 36 20 43 32 39 30 36
  ..*            11:43:42.59 R  20 20 0D 0A 2A
E                11:43:42.76 T  45
E                11:43:42.76 R  45
.                11:43:42.76 T  0D
.                11:43:42.76 R  0D
B r e a k - - - - - - - - - - - - - - - -
.                11:43:44.74 T  0D
..*              11:43:44.74 R  0D 0A 2A
1A.              11:43:44.90 T  31 41 0D
1A.. R+493. F+49 11:43:44.90 R  31 41 0D 0A 20 52 2B 34 39 33 2E 20 46 2B 34 39
2. V5 A1 L+493.  11:43:44.90 R  32 2E 20 56 35 20 41 31 20 4C 2B 34 39 33 2E 20
E11 00 80 M2304  11:43:44.96 R  45 31 31 20 30 30 20 38 30 20 4D 32 33 30 34 20
  B+3.1446 C2905 11:43:44.96 R  20 20 42 2B 33 2E 31 34 34 36 20 43 32 39 30 35
  ..*            11:43:44.96 R  20 20 0D 0A 2A
489G.            11:43:45.07 T  34 38 39 47 0D
489G.. A1 L+489  11:43:45.12 R  34 38 39 47 0D 0A 20 41 31 20 4C 2B 34 38 39 20
C0820  ..*       11:43:45.12 R  43 30 38 32 30 20 20 0D 0A 2A
4F.              11:43:45.12 T  34 46 0D
4F..I..p/(`...   11:43:45.34 R  34 46 0D 0A 49 B7 F7 70 2F 28 60 00 08 16
2A.              11:43:45.40 T  32 41 0D
2A.. R+493. F+49 11:43:45.40 R  32 41 0D 0A 20 52 2B 34 39 33 2E 20 46 2B 34 39
2. V5 A1 L+493.  11:43:45.45 R  32 2E 20 56 35 20 41 31 20 4C 2B 34 39 33 2E 20
E11 00 80 M2304  11:43:45.45 R  45 31 31 20 30 30 20 38 30 20 4D 32 33 30 34 20
  B+3.1446 C2906 11:43:45.45 R  20 20 42 2B 33 2E 31 34 34 36 20 43 32 39 30 36
  ..*            11:43:45.45 R  20 20 0D 0A 2A
E                11:43:45.67 T  45
E                11:43:45.67 R  45
.                11:43:45.67 T  0D
.                11:43:45.73 R  0D
B r e a k - - - - - - - - - - - - - - - -
.                11:43:48.64 T  0D
..*              11:43:48.64 R  0D 0A 2A
1A.              11:43:48.80 T  31 41 0D
1A.. R+493. F+49 11:43:48.80 R  31 41 0D 0A 20 52 2B 34 39 33 2E 20 46 2B 34 39
2. V5 A1 L+493.  11:43:48.80 R  32 2E 20 56 35 20 41 31 20 4C 2B 34 39 33 2E 20
E11 00 80 M2304  11:43:48.80 R  45 31 31 20 30 30 20 38 30 20 4D 32 33 30 34 20
  B+3.1446 C2905 11:43:48.86 R  20 20 42 2B 33 2E 31 34 34 36 20 43 32 39 30 35
  ..*            11:43:48.91 R  20 20 0D 0A 2A
489G.            11:43:48.97 T  34 38 39 47 0D
489G.. A1 L+489  11:43:48.97 R  34 38 39 47 0D 0A 20 41 31 20 4C 2B 34 38 39 20
C0820  ..*       11:43:49.02 R  43 30 38 32 30 20 20 0D 0A 2A
4F.              11:43:49.02 T  34 46 0D
4F..I..p/(`...   11:43:49.02 R  34 46 0D 0A 49 B7 F7 70 2F 28 60 00 08 16
2A.              11:43:49.08 T  32 41 0D
2A.. R+493. F+49 11:43:49.08 R  32 41 0D 0A 20 52 2B 34 39 33 2E 20 46 2B 34 39
2. V5 A1 L+493.  11:43:49.08 R  32 2E 20 56 35 20 41 31 20 4C 2B 34 39 33 2E 20
E11 00 80 M2304  11:43:49.08 R  45 31 31 20 30 30 20 38 30 20 4D 32 33 30 34 20
  B+3.1446 C2906 11:43:49.13 R  20 20 42 2B 33 2E 31 34 34 36 20 43 32 39 30 36
  ..*            11:43:49.13 R  20 20 0D 0A 2A
E                11:43:49.30 T  45
E                11:43:49.30 R  45
.                11:43:49.30 T  0D
.                11:43:49.30 R  0D
B r e a k - - - - - - - - - - - - - - - -
.                11:43:49.84 T  0D
..*              11:43:49.84 R  0D 0A 2A
1A.              11:43:50.01 T  31 41 0D
1A.. R+493. F+49 11:43:50.01 R  31 41 0D 0A 20 52 2B 34 39 33 2E 20 46 2B 34 39
2. V5 A1 L+493.  11:43:50.01 R  32 2E 20 56 35 20 41 31 20 4C 2B 34 39 33 2E 20
E11 00 80 M2304  11:43:50.06 R  45 31 31 20 30 30 20 38 30 20 4D 32 33 30 34 20
  B+3.1446 C2905 11:43:50.06 R  20 20 42 2B 33 2E 31 34 34 36 20 43 32 39 30 35
  ..*            11:43:50.06 R  20 20 0D 0A 2A
489G.            11:43:50.06 T  34 38 39 47 0D
489G.. A1 L+489  11:43:50.12 R  34 38 39 47 0D 0A 20 41 31 20 4C 2B 34 38 39 20
C0820  ..*       11:43:50.12 R  43 30 38 32 30 20 20 0D 0A 2A
4F.              11:43:50.12 T  34 46 0D
4F..I..p/(`...   11:43:50.12 R  34 46 0D 0A 49 B7 F7 70 2F 28 60 00 08 16
2A.              11:43:50.17 T  32 41 0D
2A.. R+493. F+49 11:43:50.17 R  32 41 0D 0A 20 52 2B 34 39 33 2E 20 46 2B 34 39
2. V5 A1 L+493.  11:43:50.17 R  32 2E 20 56 35 20 41 31 20 4C 2B 34 39 33 2E 20
E11 00 80 M2304  11:43:50.23 R  45 31 31 20 30 30 20 38 30 20 4D 32 33 30 34 20
  B+3.1446 C2906 11:43:50.23 R  20 20 42 2B 33 2E 31 34 34 36 20 43 32 39 30 36
  ..*            11:43:50.23 R  20 20 0D 0A 2A
E                11:43:50.39 T  45
E                11:43:50.39 R  45
.                11:43:50.39 T  0D
.                11:43:50.39 R  0D
B r e a k - - - - - - - - - - - - - - - -
.                11:43:51.00 T  0D
..*              11:43:51.00 R  0D 0A 2A
1A.              11:43:51.16 T  31 41 0D
1A.. R+493. F+49 11:43:51.22 R  31 41 0D 0A 20 52 2B 34 39 33 2E 20 46 2B 34 39
2. V5 A1 L+      11:43:51.38 R  32 2E 20 56 35 20 41 31 20 4C 2B
493. E11 00 80   11:43:51.77 R  34 39 33 2E 20 45 31 31 20 30 30 20 38 30
 M2304   B+3.144 11:43:52.10 R  20 4D 32 33 30 34 20 20 20 42 2B 33 2E 31 34 34
6 C2905  ..      11:43:52.26 R  36 20 43 32 39 30 35 20 20 0D 0A
*                11:43:52.65 R  2A
489G.            11:43:52.65 T  34 38 39 47 0D
489G.. A1 L+489  11:43:52.70 R  34 38 39 47 0D 0A 20 41 31 20 4C 2B 34 38 39 20
C0820  ..*       11:43:52.70 R  43 30 38 32 30 20 20 0D 0A 2A
4F.              11:43:52.70 T  34 46 0D
4F..I..p/(`...   11:43:52.70 R  34 46 0D 0A 49 B7 F7 70 2F 28 60 00 08 16
2A.              11:43:52.76 T  32 41 0D
2A.. R+493. F+49 11:43:52.76 R  32 41 0D 0A 20 52 2B 34 39 33 2E 20 46 2B 34 39
2. V5 A1 L+493.  11:43:52.76 R  32 2E 20 56 35 20 41 31 20 4C 2B 34 39 33 2E 20
E11 00 80 M2304  11:43:52.76 R  45 31 31 20 30 30 20 38 30 20 4D 32 33 30 34 20
  B+3.1446 C2906 11:43:52.81 R  20 20 42 2B 33 2E 31 34 34 36 20 43 32 39 30 36
  ..*            11:43:52.81 R  20 20 0D 0A 2A
E                11:43:52.98 T  45
E                11:43:52.98 R  45
.                11:43:52.98 T  0D
.                11:43:52.98 R  0D
B r e a k - - - - - - - - - - - - - - - -
.                11:43:53.52 T  0D
..*              11:43:53.52 R  0D 0A 2A
1A.              11:43:53.69 T  31 41 0D
1A.. R+493. F+49 11:43:53.69 R  31 41 0D 0A 20 52 2B 34 39 33 2E 20 46 2B 34 39
2. V5 A1 L+493.  11:43:53.69 R  32 2E 20 56 35 20 41 31 20 4C 2B 34 39 33 2E 20
E11 00 80 M2304  11:43:53.74 R  45 31 31 20 30 30 20 38 30 20 4D 32 33 30 34 20
  B+3.1446 C2905 11:43:53.74 R  20 20 42 2B 33 2E 31 34 34 36 20 43 32 39 30 35
  ..*            11:43:53.80 R  20 20 0D 0A 2A
489G.            11:43:53.80 T  34 38 39 47 0D
489G.. A1 L+489  11:43:53.80 R  34 38 39 47 0D 0A 20 41 31 20 4C 2B 34 38 39 20
C0820  ..*       11:43:53.80 R  43 30 38 32 30 20 20 0D 0A 2A
4F.              11:43:53.85 T  34 46 0D
4F..I..p/(`...   11:43:53.85 R  34 46 0D 0A 49 B7 F7 70 2F 28 60 00 08 16
2A.              11:43:53.85 T  32 41 0D
2A.. R+493. F+49 11:43:53.85 R  32 41 0D 0A 20 52 2B 34 39 33 2E 20 46 2B 34 39
2. V5 A1 L+493.  11:43:53.91 R  32 2E 20 56 35 20 41 31 20 4C 2B 34 39 33 2E 20
E11 00 80 M2304  11:43:53.91 R  45 31 31 20 30 30 20 38 30 20 4D 32 33 30 34 20
  B+3.1446 C2906 11:43:53.91 R  20 20 42 2B 33 2E 31 34 34 36 20 43 32 39 30 36
  ..*            11:43:53.96 R  20 20 0D 0A 2A
E                11:43:54.13 T  45
E                11:43:54.13 R  45
.                11:43:54.13 T  0D
.                11:43:54.13 R  0D
B r e a k - - - - - - - - - - - - - - - -
.                11:43:54.68 T  0D
..*              11:43:54.68 R  0D 0A 2A
1A.              11:43:54.84 T  31 41 0D
1A.. R+493. F+49 11:43:54.84 R  31 41 0D 0A 20 52 2B 34 39 33 2E 20 46 2B 34 39
2. V5 A1 L+493.  11:43:54.84 R  32 2E 20 56 35 20 41 31 20 4C 2B 34 39 33 2E 20
E11 00 80 M2304  11:43:54.90 R  45 31 31 20 30 30 20 38 30 20 4D 32 33 30 34 20
  B+3.1446 C2905 11:43:54.90 R  20 20 42 2B 33 2E 31 34 34 36 20 43 32 39 30 35
  ..*            11:43:54.90 R  20 20 0D 0A 2A
489G.            11:43:54.90 T  34 38 39 47 0D
489G.. A1 L+489  11:43:54.95 R  34 38 39 47 0D 0A 20 41 31 20 4C 2B 34 38 39 20
C0820  ..*       11:43:54.95 R  43 30 38 32 30 20 20 0D 0A 2A
4F.              11:43:54.95 T  34 46 0D
4F..I..p/(`...   11:43:54.95 R  34 46 0D 0A 49 B7 F7 70 2F 28 60 00 08 16
2A.              11:43:55.01 T  32 41 0D
2A.. R+493. F+49 11:43:55.01 R  32 41 0D 0A 20 52 2B 34 39 33 2E 20 46 2B 34 39
2. V5 A1 L+493.  11:43:55.01 R  32 2E 20 56 35 20 41 31 20 4C 2B 34 39 33 2E 20
E11 00 80 M2304  11:43:55.01 R  45 31 31 20 30 30 20 38 30 20 4D 32 33 30 34 20
  B+3.1446 C2906 11:43:55.06 R  20 20 42 2B 33 2E 31 34 34 36 20 43 32 39 30 36
  ..*            11:43:55.06 R  20 20 0D 0A 2A
E                11:43:55.23 T  45
E                11:43:55.23 R  45
.                11:43:55.23 T  0D
.                11:43:55.23 R  0D
B r e a k - - - - - - - - - - - - - - - -
.                11:43:55.78 T  0D
..*              11:43:55.78 R  0D 0A 2A
1A.              11:43:55.94 T  31 41 0D
1A.. R+493. F+49 11:43:55.94 R  31 41 0D 0A 20 52 2B 34 39 33 2E 20 46 2B 34 39
2. V5 A1 L+493.  11:43:55.94 R  32 2E 20 56 35 20 41 31 20 4C 2B 34 39 33 2E 20
E11 00 80 M2304  11:43:55.94 R  45 31 31 20 30 30 20 38 30 20 4D 32 33 30 34 20
  B+3.1446 C2905 11:43:56.00 R  20 20 42 2B 33 2E 31 34 34 36 20 43 32 39 30 35
  ..*            11:43:56.00 R  20 20 0D 0A 2A
489G.            11:43:56.00 T  34 38 39 47 0D
489G.. A1 L+489  11:43:56.05 R  34 38 39 47 0D 0A 20 41 31 20 4C 2B 34 38 39 20
C0820  ..*       11:43:56.05 R  43 30 38 32 30 20 20 0D 0A 2A
4F.              11:43:56.05 T  34 46 0D
4F..I..p/(`...   11:43:56.05 R  34 46 0D 0A 49 B7 F7 70 2F 28 60 00 08 16
2A.              11:43:56.11 T  32 41 0D
2A.. R+493. F+49 11:43:56.11 R  32 41 0D 0A 20 52 2B 34 39 33 2E 20 46 2B 34 39
2. V5 A1 L+493.  11:43:56.11 R  32 2E 20 56 35 20 41 31 20 4C 2B 34 39 33 2E 20
E11 00 80 M2304  11:43:56.16 R  45 31 31 20 30 30 20 38 30 20 4D 32 33 30 34 20
  B+3.1446 C2906 11:43:56.16 R  20 20 42 2B 33 2E 31 34 34 36 20 43 32 39 30 36
  ..*            11:43:56.27 R  20 20 0D 0A 2A
E                11:43:56.55 T  45
E                11:43:56.55 R  45
.                11:43:56.55 T  0D
.                11:43:56.55 R  0D
B r e a k - - - - - - - - - - - - - - - -
.                11:43:57.10 T  0D
..*              11:43:57.10 R  0D 0A 2A
1A.              11:43:57.26 T  31 41 0D
1A.. R+493. F+   11:43:57.26 R  31 41 0D 0A 20 52 2B 34 39 33 2E 20 46 2B
492. V5 A1 L+493 11:43:57.64 R  34 39 32 2E 20 56 35 20 41 31 20 4C 2B 34 39 33
. E11 00 80 M230 11:43:57.64 R  2E 20 45 31 31 20 30 30 20 38 30 20 4D 32 33 30
4   B+3.1446 C29 11:43:57.70 R  34 20 20 20 42 2B 33 2E 31 34 34 36 20 43 32 39
05  ..*          11:43:57.70 R  30 35 20 20 0D 0A 2A
489G.            11:43:57.70 T  34 38 39 47 0D
489G.. A1 L+489  11:43:57.75 R  34 38 39 47 0D 0A 20 41 31 20 4C 2B 34 38 39 20
C0820  ..*       11:43:57.75 R  43 30 38 32 30 20 20 0D 0A 2A
4F.              11:43:57.75 T  34 46 0D
4F..I..p/(`...   11:43:57.75 R  34 46 0D 0A 49 B7 F7 70 2F 28 60 00 08 16
2A.              11:43:57.81 T  32 41 0D
2A.. R+493. F+49 11:43:57.81 R  32 41 0D 0A 20 52 2B 34 39 33 2E 20 46 2B 34 39
2. V5 A1 L+493.  11:43:57.81 R  32 2E 20 56 35 20 41 31 20 4C 2B 34 39 33 2E 20
E11 00 80 M2304  11:43:57.86 R  45 31 31 20 30 30 20 38 30 20 4D 32 33 30 34 20
  B+3.1446 C2906 11:43:57.86 R  20 20 42 2B 33 2E 31 34 34 36 20 43 32 39 30 36
  ..*            11:43:57.86 R  20 20 0D 0A 2A
E                11:43:58.03 T  45
E                11:43:58.03 R  45
.                11:43:58.03 T  0D
.                11:43:58.03 R  0D
B r e a k - - - - - - - - - - - - - - - -
.                11:43:58.58 T  0D
..*              11:43:58.58 R  0D 0A 2A
1A.              11:43:58.74 T  31 41 0D
1A.. R+493. F+49 11:43:58.74 R  31 41 0D 0A 20 52 2B 34 39 33 2E 20 46 2B 34 39
2. V5 A1 L+493.  11:43:58.74 R  32 2E 20 56 35 20 41 31 20 4C 2B 34 39 33 2E 20
E11 00 80 M2304  11:43:58.80 R  45 31 31 20 30 30 20 38 30 20 4D 32 33 30 34 20
  B+3.1446 C2905 11:43:58.80 R  20 20 42 2B 33 2E 31 34 34 36 20 43 32 39 30 35
  ..*            11:43:58.80 R  20 20 0D 0A 2A
489G.            11:43:58.80 T  34 38 39 47 0D
489G.. A1 L+489  11:43:58.85 R  34 38 39 47 0D 0A 20 41 31 20 4C 2B 34 38 39 20
C0820  ..*       11:43:58.85 R  43 30 38 32 30 20 20 0D 0A 2A
4F.              11:43:58.85 T  34 46 0D
4F..I..p/(`...   11:43:58.85 R  34 46 0D 0A 49 B7 F7 70 2F 28 60 00 08 16
2A.              11:43:58.91 T  32 41 0D
2A.. R+493. F+49 11:43:58.91 R  32 41 0D 0A 20 52 2B 34 39 33 2E 20 46 2B 34 39
2. V5 A1 L+493.  11:43:58.91 R  32 2E 20 56 35 20 41 31 20 4C 2B 34 39 33 2E 20
E11 00 80 M2304  11:43:58.96 R  45 31 31 20 30 30 20 38 30 20 4D 32 33 30 34 20
  B+3.1446 C2906 11:43:58.96 R  20 20 42 2B 33 2E 31 34 34 36 20 43 32 39 30 36
  ..*            11:43:58.96 R  20 20 0D 0A 2A
E                11:43:59.13 T  45
E                11:43:59.13 R  45
.                11:43:59.13 T  0D
.                11:43:59.13 R  0D
B r e a k - - - - - - - - - - - - - - - -
.                11:43:59.68 T  0D
..*              11:43:59.68 R  0D 0A 2A
1A.              11:43:59.84 T  31 41 0D
1A.. R+493. F+49 11:43:59.84 R  31 41 0D 0A 20 52 2B 34 39 33 2E 20 46 2B 34 39
2. V5 A1 L+493.  11:43:59.84 R  32 2E 20 56 35 20 41 31 20 4C 2B 34 39 33 2E 20
E11 00 80 M2304  11:43:59.90 R  45 31 31 20 30 30 20 38 30 20 4D 32 33 30 34 20
  B+3.1446 C2905 11:43:59.90 R  20 20 42 2B 33 2E 31 34 34 36 20 43 32 39 30 35
  ..*            11:43:59.90 R  20 20 0D 0A 2A
489G.            11:43:59.90 T  34 38 39 47 0D
489G.. A1 L+489  11:43:59.95 R  34 38 39 47 0D 0A 20 41 31 20 4C 2B 34 38 39 20
C0820  ..*       11:43:59.95 R  43 30 38 32 30 20 20 0D 0A 2A
4F.              11:43:59.95 T  34 46 0D
4F..I..p/(`...   11:43:59.95 R  34 46 0D 0A 49 B7 F7 70 2F 28 60 00 08 16
2A.              11:44:00.01 T  32 41 0D
2A.. R+493. F+49 11:44:00.01 R  32 41 0D 0A 20 52 2B 34 39 33 2E 20 46 2B 34 39
2. V5 A1 L+493.  11:44:00.01 R  32 2E 20 56 35 20 41 31 20 4C 2B 34 39 33 2E 20
E11 00 80 M2304  11:44:00.06 R  45 31 31 20 30 30 20 38 30 20 4D 32 33 30 34 20
  B+3.1446 C2906 11:44:00.06 R  20 20 42 2B 33 2E 31 34 34 36 20 43 32 39 30 36
  ..*            11:44:00.06 R  20 20 0D 0A 2A
E                11:44:00.23 T  45
E                11:44:00.23 R  45
.                11:44:00.23 T  0D
.                11:44:00.23 R  0D
B r e a k - - - - - - - - - - - - - - - -
.                11:44:03.58 T  0D
..*              11:44:03.58 R  0D 0A 2A
1A.              11:44:03.74 T  31 41 0D
1A.. R+493. F+49 11:44:03.74 R  31 41 0D 0A 20 52 2B 34 39 33 2E 20 46 2B 34 39
2. V5 A1 L+493.  11:44:03.74 R  32 2E 20 56 35 20 41 31 20 4C 2B 34 39 33 2E 20
E11 00 80 M2304  11:44:03.80 R  45 31 31 20 30 30 20 38 30 20 4D 32 33 30 34 20
  B+3.1446 C2905 11:44:03.80 R  20 20 42 2B 33 2E 31 34 34 36 20 43 32 39 30 35
  ..*            11:44:03.80 R  20 20 0D 0A 2A
489G.            11:44:03.80 T  34 38 39 47 0D
489G.. A1 L+489  11:44:03.85 R  34 38 39 47 0D 0A 20 41 31 20 4C 2B 34 38 39 20
C0820  ..*       11:44:03.85 R  43 30 38 32 30 20 20 0D 0A 2A
4F.              11:44:03.85 T  34 46 0D
4F..I..p/(`...   11:44:03.85 R  34 46 0D 0A 49 B7 F7 70 2F 28 60 00 08 16
2A.              11:44:03.91 T  32 41 0D
2A.. R+493. F+49 11:44:03.91 R  32 41 0D 0A 20 52 2B 34 39 33 2E 20 46 2B 34 39
2. V5 A1 L+493.  11:44:03.91 R  32 2E 20 56 35 20 41 31 20 4C 2B 34 39 33 2E 20
E11 00 80 M2304  11:44:03.96 R  45 31 31 20 30 30 20 38 30 20 4D 32 33 30 34 20
  B+3.1446 C2906 11:44:03.96 R  20 20 42 2B 33 2E 31 34 34 36 20 43 32 39 30 36
  ..*            11:44:03.96 R  20 20 0D 0A 2A
E                11:44:04.18 T  45
E                11:44:04.18 R  45
.                11:44:04.18 T  0D
.                11:44:04.18 R  0D
B r e a k - - - - - - - - - - - - - - - -
.                11:44:04.78 T  0D
..*              11:44:04.78 R  0D 0A 2A
1A.              11:44:04.95 T  31 41 0D
1A.. R+493. F+49 11:44:04.95 R  31 41 0D 0A 20 52 2B 34 39 33 2E 20 46 2B 34 39
2. V5 A1 L+493.  11:44:05.00 R  32 2E 20 56 35 20 41 31 20 4C 2B 34 39 33 2E 20
E11 00 80 M2304  11:44:05.00 R  45 31 31 20 30 30 20 38 30 20 4D 32 33 30 34 20
  B+3.1446 C2905 11:44:05.00 R  20 20 42 2B 33 2E 31 34 34 36 20 43 32 39 30 35
  ..*            11:44:05.00 R  20 20 0D 0A 2A
489G.            11:44:05.06 T  34 38 39 47 0D
489G.. A1 L+489  11:44:05.06 R  34 38 39 47 0D 0A 20 41 31 20 4C 2B 34 38 39 20
C0820  ..*       11:44:05.06 R  43 30 38 32 30 20 20 0D 0A 2A
4F.              11:44:05.11 T  34 46 0D
4F..I..p/(`...   11:44:05.11 R  34 46 0D 0A 49 B7 F7 70 2F 28 60 00 08 16
2A.              11:44:05.11 T  32 41 0D
2A.. R+493. F+49 11:44:05.17 R  32 41 0D 0A 20 52 2B 34 39 33 2E 20 46 2B 34 39
2. V5 A1 L+493.  11:44:05.17 R  32 2E 20 56 35 20 41 31 20 4C 2B 34 39 33 2E 20
E11 00 80 M2304  11:44:05.17 R  45 31 31 20 30 30 20 38 30 20 4D 32 33 30 34 20
  B+3.1446 C2906 11:44:05.17 R  20 20 42 2B 33 2E 31 34 34 36 20 43 32 39 30 36
  ..*            11:44:05.22 R  20 20 0D 0A 2A
E                11:44:05.39 T  45
E                11:44:05.44 R  45
.                11:44:05.44 T  0D
.                11:44:05.44 R  0D
B r e a k - - - - - - - - - - - - - - - -
.                11:44:06.05 T  0D
..*              11:44:06.05 R  0D 0A 2A
1A.              11:44:06.21 T  31 41 0D
1A.. R+493. F+49 11:44:06.21 R  31 41 0D 0A 20 52 2B 34 39 33 2E 20 46 2B 34 39
2. V5 A1 L+      11:44:06.38 R  32 2E 20 56 35 20 41 31 20 4C 2B
493. E11 00 80 M 11:44:06.87 R  34 39 33 2E 20 45 31 31 20 30 30 20 38 30 20 4D
2304   B+3.1446  11:44:07.15 R  32 33 30 34 20 20 20 42 2B 33 2E 31 34 34 36 20
C2905  ..        11:44:07.31 R  43 32 39 30 35 20 20 0D 0A
*                11:44:07.64 R  2A
489G.            11:44:07.64 T  34 38 39 47 0D
489G.. A1 L+489  11:44:07.70 R  34 38 39 47 0D 0A 20 41 31 20 4C 2B 34 38 39 20
C0820  ..*       11:44:07.70 R  43 30 38 32 30 20 20 0D 0A 2A
4F.              11:44:07.70 T  34 46 0D
4F..I..p/(`...   11:44:07.70 R  34 46 0D 0A 49 B7 F7 70 2F 28 60 00 08 16
2A.              11:44:07.75 T  32 41 0D
2A.. R+493. F+49 11:44:07.75 R  32 41 0D 0A 20 52 2B 34 39 33 2E 20 46 2B 34 39
2. V5 A1 L+493.  11:44:07.75 R  32 2E 20 56 35 20 41 31 20 4C 2B 34 39 33 2E 20
E11 00 80 M2304  11:44:07.81 R  45 31 31 20 30 30 20 38 30 20 4D 32 33 30 34 20
  B+3.1446 C2906 11:44:07.81 R  20 20 42 2B 33 2E 31 34 34 36 20 43 32 39 30 36
  ..*            11:44:07.81 R  20 20 0D 0A 2A
E                11:44:08.03 T  45
E                11:44:08.03 R  45
.                11:44:08.03 T  0D
.                11:44:08.03 R  0D
B r e a k - - - - - - - - - - - - - - - -
.                11:44:08.63 T  0D
..*              11:44:08.63 R  0D 0A 2A
1A.              11:44:08.79 T  31 41 0D
1A.. R+493. F+49 11:44:08.79 R  31 41 0D 0A 20 52 2B 34 39 33 2E 20 46 2B 34 39
2. V5 A1 L+493.  11:44:08.79 R  32 2E 20 56 35 20 41 31 20 4C 2B 34 39 33 2E 20
E11 00 80 M2304  11:44:08.79 R  45 31 31 20 30 30 20 38 30 20 4D 32 33 30 34 20
  B+3.1446 C2905 11:44:08.85 R  20 20 42 2B 33 2E 31 34 34 36 20 43 32 39 30 35
  ..*            11:44:08.85 R  20 20 0D 0A 2A
489G.            11:44:08.85 T  34 38 39 47 0D
489G.. A1 L+489  11:44:08.90 R  34 38 39 47 0D 0A 20 41 31 20 4C 2B 34 38 39 20
C0820  ..*       11:44:08.90 R  43 30 38 32 30 20 20 0D 0A 2A
4F.              11:44:08.90 T  34 46 0D
4F..I..p/(`...   11:44:08.90 R  34 46 0D 0A 49 B7 F7 70 2F 28 60 00 08 16
2A.              11:44:08.96 T  32 41 0D
2A.. R+493. F+49 11:44:08.96 R  32 41 0D 0A 20 52 2B 34 39 33 2E 20 46 2B 34 39
2. V5 A1 L+493.  11:44:08.96 R  32 2E 20 56 35 20 41 31 20 4C 2B 34 39 33 2E 20
E11 00 80 M2304  11:44:09.01 R  45 31 31 20 30 30 20 38 30 20 4D 32 33 30 34 20
  B+3.1446 C2906 11:44:09.01 R  20 20 42 2B 33 2E 31 34 34 36 20 43 32 39 30 36
  ..*            11:44:09.01 R  20 20 0D 0A 2A
E                11:44:09.18 T  45
E                11:44:09.18 R  45
.                11:44:09.18 T  0D
.                11:44:09.18 R  0D
B r e a k - - - - - - - - - - - - - - - -
.                11:44:12.64 T  0D
..*              11:44:12.64 R  0D 0A 2A
1A.              11:44:12.80 T  31 41 0D
1A.. R+493. F+49 11:44:12.80 R  31 41 0D 0A 20 52 2B 34 39 33 2E 20 46 2B 34 39
2. V5 A1 L+493.  11:44:12.80 R  32 2E 20 56 35 20 41 31 20 4C 2B 34 39 33 2E 20
E11 00 80 M2304  11:44:12.80 R  45 31 31 20 30 30 20 38 30 20 4D 32 33 30 34 20
  B+3.1446 C2905 11:44:12.86 R  20 20 42 2B 33 2E 31 34 34 36 20 43 32 39 30 35
  ..*            11:44:12.86 R  20 20 0D 0A 2A
489G.            11:44:12.86 T  34 38 39 47 0D
489G.. A1 L+489  11:44:12.91 R  34 38 39 47 0D 0A 20 41 31 20 4C 2B 34 38 39 20
C0820  ..*       11:44:12.91 R  43 30 38 32 30 20 20 0D 0A 2A
4F.              11:44:12.91 T  34 46 0D
4F..I..p/(`...   11:44:12.91 R  34 46 0D 0A 49 B7 F7 70 2F 28 60 00 08 16
2A.              11:44:12.97 T  32 41 0D
2A.. R+493. F+49 11:44:12.97 R  32 41 0D 0A 20 52 2B 34 39 33 2E 20 46 2B 34 39
2. V5 A1 L+493.  11:44:12.97 R  32 2E 20 56 35 20 41 31 20 4C 2B 34 39 33 2E 20
E11 00 80 M2304  11:44:13.02 R  45 31 31 20 30 30 20 38 30 20 4D 32 33 30 34 20
  B+3.1446 C2906 11:44:13.02 R  20 20 42 2B 33 2E 31 34 34 36 20 43 32 39 30 36
  ..*            11:44:13.02 R  20 20 0D 0A 2A
E                11:44:13.19 T  45
E                11:44:13.19 R  45
.                11:44:13.19 T  0D
.                11:44:13.19 R  0D
B r e a k - - - - - - - - - - - - - - - -
.                11:44:13.74 T  0D
..*              11:44:13.74 R  0D 0A 2A
1A.              11:44:13.90 T  31 41 0D
1A.. R+493. F+49 11:44:13.90 R  31 41 0D 0A 20 52 2B 34 39 33 2E 20 46 2B 34 39
2. V5 A1 L+493.  11:44:13.90 R  32 2E 20 56 35 20 41 31 20 4C 2B 34 39 33 2E 20
E11 00 80 M2304  11:44:13.96 R  45 31 31 20 30 30 20 38 30 20 4D 32 33 30 34 20
  B+3.1446 C2905 11:44:13.96 R  20 20 42 2B 33 2E 31 34 34 36 20 43 32 39 30 35
  ..*            11:44:13.96 R  20 20 0D 0A 2A
489G.            11:44:13.96 T  34 38 39 47 0D
489G.. A1 L+489  11:44:14.01 R  34 38 39 47 0D 0A 20 41 31 20 4C 2B 34 38 39 20
C0820  ..*       11:44:14.01 R  43 30 38 32 30 20 20 0D 0A 2A
4F.              11:44:14.01 T  34 46 0D
4F..I..p/(`...   11:44:14.01 R  34 46 0D 0A 49 B7 F7 70 2F 28 60 00 08 16
2A.              11:44:14.07 T  32 41 0D
2A.. R+493. F+49 11:44:14.07 R  32 41 0D 0A 20 52 2B 34 39 33 2E 20 46 2B 34 39
2. V5 A1 L+493.  11:44:14.07 R  32 2E 20 56 35 20 41 31 20 4C 2B 34 39 33 2E 20
E11 00 80 M2304  11:44:14.12 R  45 31 31 20 30 30 20 38 30 20 4D 32 33 30 34 20
  B+3.1446 C2906 11:44:14.12 R  20 20 42 2B 33 2E 31 34 34 36 20 43 32 39 30 36
  ..*            11:44:14.12 R  20 20 0D 0A 2A
E                11:44:14.29 T  45
E                11:44:14.29 R  45
.                11:44:14.29 T  0D
.                11:44:14.29 R  0D
B r e a k - - - - - - - - - - - - - - - -
.                11:44:14.84 T  0D
..*              11:44:14.84 R  0D 0A 2A
1A.              11:44:15.00 T  31 41 0D
1A.. R+493. F+49 11:44:15.00 R  31 41 0D 0A 20 52 2B 34 39 33 2E 20 46 2B 34 39
2. V5 A1 L+493.  11:44:15.00 R  32 2E 20 56 35 20 41 31 20 4C 2B 34 39 33 2E 20
E11 00 80 M2304  11:44:15.06 R  45 31 31 20 30 30 20 38 30 20 4D 32 33 30 34 20
  B+3.1446 C2905 11:44:15.06 R  20 20 42 2B 33 2E 31 34 34 36 20 43 32 39 30 35
  ..*            11:44:15.06 R  20 20 0D 0A 2A
489G.            11:44:15.06 T  34 38 39 47 0D
489G.. A1 L+489  11:44:15.11 R  34 38 39 47 0D 0A 20 41 31 20 4C 2B 34 38 39 20
C0820  ..*       11:44:15.11 R  43 30 38 32 30 20 20 0D 0A 2A
4F.              11:44:15.11 T  34 46 0D
4F..I..p/(`...   11:44:15.11 R  34 46 0D 0A 49 B7 F7 70 2F 28 60 00 08 16
2A.              11:44:15.17 T  32 41 0D
2A.. R+493. F+49 11:44:15.17 R  32 41 0D 0A 20 52 2B 34 39 33 2E 20 46 2B 34 39
2. V5 A1 L+493.  11:44:15.17 R  32 2E 20 56 35 20 41 31 20 4C 2B 34 39 33 2E 20
E11 00 80 M2304  11:44:15.22 R  45 31 31 20 30 30 20 38 30 20 4D 32 33 30 34 20
  B+3.1446 C2906 11:44:15.22 R  20 20 42 2B 33 2E 31 34 34 36 20 43 32 39 30 36
  ..*            11:44:15.22 R  20 20 0D 0A 2A
E                11:44:15.39 T  45
E                11:44:15.39 R  45
.                11:44:15.39 T  0D
.                11:44:15.39 R  0D
B r e a k - - - - - - - - - - - - - - - -
.                11:44:18.63 T  0D
..*              11:44:18.63 R  0D 0A 2A
1A.              11:44:18.90 T  31 41 0D
1A.. R+493. F+49 11:44:18.90 R  31 41 0D 0A 20 52 2B 34 39 33 2E 20 46 2B 34 39
2. V5 A1 L+493.  11:44:18.90 R  32 2E 20 56 35 20 41 31 20 4C 2B 34 39 33 2E 20
E11 00 80 M2304  11:44:18.96 R  45 31 31 20 30 30 20 38 30 20 4D 32 33 30 34 20
  B+3.1446 C2905 11:44:18.96 R  20 20 42 2B 33 2E 31 34 34 36 20 43 32 39 30 35
  ..*            11:44:18.96 R  20 20 0D 0A 2A
489G.            11:44:19.01 T  34 38 39 47 0D
489G.. A1 L+489  11:44:19.01 R  34 38 39 47 0D 0A 20 41 31 20 4C 2B 34 38 39 20
C0820  ..*       11:44:19.01 R  43 30 38 32 30 20 20 0D 0A 2A
4F.              11:44:19.07 T  34 46 0D
4F..I..p/(`...   11:44:19.07 R  34 46 0D 0A 49 B7 F7 70 2F 28 60 00 08 16
2A.              11:44:19.07 T  32 41 0D
2A.. R+493. F+49 11:44:19.07 R  32 41 0D 0A 20 52 2B 34 39 33 2E 20 46 2B 34 39
2. V5 A1 L+493.  11:44:19.12 R  32 2E 20 56 35 20 41 31 20 4C 2B 34 39 33 2E 20
E11 00 80 M2304  11:44:19.12 R  45 31 31 20 30 30 20 38 30 20 4D 32 33 30 34 20
  B+3.1446 C2906 11:44:19.12 R  20 20 42 2B 33 2E 31 34 34 36 20 43 32 39 30 36
  ..*            11:44:19.18 R  20 20 0D 0A 2A
E                11:44:19.34 T  45
E                11:44:19.34 R  45
.                11:44:19.34 T  0D
.                11:44:19.34 R  0D
B r e a k - - - - - - - - - - - - - - - -
.                11:44:19.89 T  0D
..*              11:44:19.89 R  0D 0A 2A
1A.              11:44:20.05 T  31 41 0D
1A.. R+493. F+49 11:44:20.05 R  31 41 0D 0A 20 52 2B 34 39 33 2E 20 46 2B 34 39
2. V5 A1 L+493.  11:44:20.05 R  32 2E 20 56 35 20 41 31 20 4C 2B 34 39 33 2E 20
E11 00 80 M2304  11:44:20.05 R  45 31 31 20 30 30 20 38 30 20 4D 32 33 30 34 20
  B+3.1446 C2905 11:44:20.11 R  20 20 42 2B 33 2E 31 34 34 36 20 43 32 39 30 35
  ..*            11:44:20.11 R  20 20 0D 0A 2A
489G.            11:44:20.11 T  34 38 39 47 0D
489G.. A1 L+489  11:44:20.16 R  34 38 39 47 0D 0A 20 41 31 20 4C 2B 34 38 39 20
C0820  ..*       11:44:20.16 R  43 30 38 32 30 20 20 0D 0A 2A
4F.              11:44:20.16 T  34 46 0D
4F..I..p/(`...   11:44:20.22 R  34 46 0D 0A 49 B7 F7 70 2F 28 60 00 08 16
2A.              11:44:20.22 T  32 41 0D
2A.. R+493. F+49 11:44:20.22 R  32 41 0D 0A 20 52 2B 34 39 33 2E 20 46 2B 34 39
2. V5 A1 L+493.  11:44:20.27 R  32 2E 20 56 35 20 41 31 20 4C 2B 34 39 33 2E 20
E11 00 80 M2304  11:44:20.27 R  45 31 31 20 30 30 20 38 30 20 4D 32 33 30 34 20
  B+3.1446 C2906 11:44:20.27 R  20 20 42 2B 33 2E 31 34 34 36 20 43 32 39 30 36
  ..*            11:44:20.33 R  20 20 0D 0A 2A
E                11:44:20.49 T  45
E                11:44:20.49 R  45
.                11:44:20.49 T  0D
.                11:44:20.49 R  0D
B r e a k - - - - - - - - - - - - - - - -
.                11:44:21.10 T  0D
..*              11:44:21.10 R  0D 0A 2A
1A.              11:44:21.26 T  31 41 0D
1A.. R+493. F+49 11:44:21.26 R  31 41 0D 0A 20 52 2B 34 39 33 2E 20 46 2B 34 39
2. V5 A1         11:44:21.43 R  32 2E 20 56 35 20 41 31
 L+493. E11 00 8 11:44:21.81 R  20 4C 2B 34 39 33 2E 20 45 31 31 20 30 30 20 38
0 M2304   B+3.14 11:44:22.09 R  30 20 4D 32 33 30 34 20 20 20 42 2B 33 2E 31 34
46 C2905         11:44:22.31 R  34 36 20 43 32 39 30 35 20 20
..*              11:44:22.64 R  0D 0A 2A
489G.            11:44:22.69 T  34 38 39 47 0D
489G.. A1 L+489  11:44:22.69 R  34 38 39 47 0D 0A 20 41 31 20 4C 2B 34 38 39 20
C0820  ..*       11:44:22.69 R  43 30 38 32 30 20 20 0D 0A 2A
4F.              11:44:22.69 T  34 46 0D
4F..I..p/(`...   11:44:22.75 R  34 46 0D 0A 49 B7 F7 70 2F 28 60 00 08 16
2A.              11:44:22.75 T  32 41 0D
2A.. R+493. F+49 11:44:22.80 R  32 41 0D 0A 20 52 2B 34 39 33 2E 20 46 2B 34 39
2. V5 A1 L+493.  11:44:22.80 R  32 2E 20 56 35 20 41 31 20 4C 2B 34 39 33 2E 20
E11 00 80 M2304  11:44:22.80 R  45 31 31 20 30 30 20 38 30 20 4D 32 33 30 34 20
  B+3.1446 C2906 11:44:22.86 R  20 20 42 2B 33 2E 31 34 34 36 20 43 32 39 30 36
  ..*            11:44:22.86 R  20 20 0D 0A 2A
E                11:44:23.02 T  45
E                11:44:23.02 R  45
.                11:44:23.02 T  0D
.                11:44:23.02 R  0D
B r e a k - - - - - - - - - - - - - - - -
.                11:44:23.57 T  0D
..*              11:44:23.57 R  0D 0A 2A
1A.              11:44:23.73 T  31 41 0D
1A.. R+493. F+49 11:44:23.73 R  31 41 0D 0A 20 52 2B 34 39 33 2E 20 46 2B 34 39
2. V5 A1 L+493.  11:44:23.73 R  32 2E 20 56 35 20 41 31 20 4C 2B 34 39 33 2E 20
E11 00 80 M2304  11:44:23.79 R  45 31 31 20 30 30 20 38 30 20 4D 32 33 30 34 20
  B+3.1446 C2905 11:44:23.79 R  20 20 42 2B 33 2E 31 34 34 36 20 43 32 39 30 35
  ..*            11:44:23.79 R  20 20 0D 0A 2A
489G.            11:44:23.79 T  34 38 39 47 0D
489G.. A1 L+489  11:44:23.84 R  34 38 39 47 0D 0A 20 41 31 20 4C 2B 34 38 39 20
C0820  ..*       11:44:23.84 R  43 30 38 32 30 20 20 0D 0A 2A
4F.              11:44:23.84 T  34 46 0D
4F..I..p/(`...   11:44:23.95 R  34 46 0D 0A 49 B7 F7 70 2F 28 60 00 08 16
2A.              11:44:23.95 T  32 41 0D
2A.. R+493. F+49 11:44:23.95 R  32 41 0D 0A 20 52 2B 34 39 33 2E 20 46 2B 34 39
2. V5 A1 L+493.  11:44:24.01 R  32 2E 20 56 35 20 41 31 20 4C 2B 34 39 33 2E 20
E11 00 80 M2304  11:44:24.01 R  45 31 31 20 30 30 20 38 30 20 4D 32 33 30 34 20
  B+3.1446 C2906 11:44:24.01 R  20 20 42 2B 33 2E 31 34 34 36 20 43 32 39 30 36
  ..*            11:44:24.06 R  20 20 0D 0A 2A
E                11:44:24.23 T  45
E                11:44:24.23 R  45
.                11:44:24.23 T  0D
.                11:44:24.23 R  0D
